Using pre-set license
Built from '2022.3/staging' branch; Version is '2022.3.56f1 (dd0c98481d00) revision 14486680'; Using compiler version '192829333'; Build Type 'Release'
OS: 'Windows 11  (10.0.26100) 64bit Core' Language: 'en' Physical Memory: 49077 MB
BatchMode: 1, IsHumanControllingUs: 0, StartBugReporterOnCrash: 0, Is64bit: 1, IsPro: 1

COMMAND LINE ARGUMENTS:
C:\Program Files\Unity\Hub\Editor\2022.3.56f1\Editor\Unity.exe
-adb2
-batchMode
-noUpm
-name
AssetImportWorker18
-projectPath
C:/Users/Packm/OneDrive/Documents/GitHub/BubbleDive
-logFile
Logs/AssetImportWorker18.log
-srvPort
55007
Successfully changed project path to: C:/Users/Packm/OneDrive/Documents/GitHub/BubbleDive
C:/Users/Packm/OneDrive/Documents/GitHub/BubbleDive
[UnityMemory] Configuration Parameters - Can be set up in boot.config
    "memorysetup-bucket-allocator-granularity=16"
    "memorysetup-bucket-allocator-bucket-count=8"
    "memorysetup-bucket-allocator-block-size=33554432"
    "memorysetup-bucket-allocator-block-count=8"
    "memorysetup-main-allocator-block-size=16777216"
    "memorysetup-thread-allocator-block-size=16777216"
    "memorysetup-gfx-main-allocator-block-size=16777216"
    "memorysetup-gfx-thread-allocator-block-size=16777216"
    "memorysetup-cache-allocator-block-size=4194304"
    "memorysetup-typetree-allocator-block-size=2097152"
    "memorysetup-profiler-bucket-allocator-granularity=16"
    "memorysetup-profiler-bucket-allocator-bucket-count=8"
    "memorysetup-profiler-bucket-allocator-block-size=33554432"
    "memorysetup-profiler-bucket-allocator-block-count=8"
    "memorysetup-profiler-allocator-block-size=16777216"
    "memorysetup-profiler-editor-allocator-block-size=1048576"
    "memorysetup-temp-allocator-size-main=16777216"
    "memorysetup-job-temp-allocator-block-size=2097152"
    "memorysetup-job-temp-allocator-block-size-background=1048576"
    "memorysetup-job-temp-allocator-reduction-small-platforms=262144"
    "memorysetup-allocator-temp-initial-block-size-main=262144"
    "memorysetup-allocator-temp-initial-block-size-worker=262144"
    "memorysetup-temp-allocator-size-background-worker=32768"
    "memorysetup-temp-allocator-size-job-worker=262144"
    "memorysetup-temp-allocator-size-preload-manager=33554432"
    "memorysetup-temp-allocator-size-nav-mesh-worker=65536"
    "memorysetup-temp-allocator-size-audio-worker=65536"
    "memorysetup-temp-allocator-size-cloud-worker=32768"
    "memorysetup-temp-allocator-size-gi-baking-worker=262144"
    "memorysetup-temp-allocator-size-gfx=262144"
Player connection [19676]  Target information:

Player connection [19676]  * "[IP] 10.5.0.2 [Port] 0 [Flags] 2 [Guid] 1040892078 [EditorId] 1040892078 [Version] 1048832 [Id] WindowsEditor(7,DESKTOP-I9S18RH) [Debug] 1 [PackageName] WindowsEditor [ProjectName] Editor" 

Player connection [19676]  * "[IP] 192.168.1.242 [Port] 0 [Flags] 2 [Guid] 1040892078 [EditorId] 1040892078 [Version] 1048832 [Id] WindowsEditor(7,DESKTOP-I9S18RH) [Debug] 1 [PackageName] WindowsEditor [ProjectName] Editor" 

Player connection [19676] Host joined multi-casting on [225.0.0.222:54997]...
Player connection [19676] Host joined alternative multi-casting on [225.0.0.222:34997]...
Input System module state changed to: Initialized.
[PhysX] Initialized MultithreadedTaskDispatcher with 16 workers.
Refreshing native plugins compatible for Editor in 20.40 ms, found 5 plugins.
Preloading 0 native plugins for Editor in 0.00 ms.
Initialize engine version: 2022.3.56f1 (dd0c98481d00)
[Subsystems] Discovering subsystems at path C:/Program Files/Unity/Hub/Editor/2022.3.56f1/Editor/Data/Resources/UnitySubsystems
[Subsystems] Discovering subsystems at path C:/Users/Packm/OneDrive/Documents/GitHub/BubbleDive/Assets
GfxDevice: creating device client; threaded=0; jobified=0
Direct3D:
    Version:  Direct3D 11.0 [level 11.1]
    Renderer: NVIDIA GeForce RTX 4070 SUPER (ID=0x2783)
    Vendor:   NVIDIA
    VRAM:     11999 MB
    Driver:   32.0.15.6614
Shader 'SyntyStudios/SkyboxUnlit': fallback shader 'wiiu' not found
Shader 'SyntyStudios/TriplanarBasic': fallback shader 'wiiu' not found
Shader 'SyntyStudios/CloudShader': fallback shader 'wiiu' not found
Shader 'SyntyStudios/CloudShaderNoFog': fallback shader 'wiiu' not found
Shader 'SyntyStudios/Basic_LOD_Shader': fallback shader 'wiiu' not found
Shader 'SyntyStudios/SkyboxUnlitNoFog': fallback shader 'wiiu' not found
Shader 'SyntyStudios/EnvTriplanar': fallback shader 'wiiu' not found
Initialize mono
Mono path[0] = 'C:/Program Files/Unity/Hub/Editor/2022.3.56f1/Editor/Data/Managed'
Mono path[1] = 'C:/Program Files/Unity/Hub/Editor/2022.3.56f1/Editor/Data/MonoBleedingEdge/lib/mono/unityjit-win32'
Mono config path = 'C:/Program Files/Unity/Hub/Editor/2022.3.56f1/Editor/Data/MonoBleedingEdge/etc'
Using monoOptions --debugger-agent=transport=dt_socket,embedding=1,server=y,suspend=n,address=127.0.0.1:56344
Begin MonoManager ReloadAssembly
Registering precompiled unity dll's ...
Register platform support module: C:/Program Files/Unity/Hub/Editor/2022.3.56f1/Editor/Data/PlaybackEngines/WindowsStandaloneSupport/UnityEditor.WindowsStandalone.Extensions.dll
Registered in 0.009099 seconds.
- Loaded All Assemblies, in  0.397 seconds
Native extension for WindowsStandalone target not found
Mono: successfully reloaded assembly
- Finished resetting the current domain, in  0.309 seconds
Domain Reload Profiling: 703ms
	BeginReloadAssembly (123ms)
		ExecutionOrderSort (0ms)
		DisableScriptedObjects (0ms)
		BackupInstance (0ms)
		ReleaseScriptingObjects (0ms)
		CreateAndSetChildDomain (1ms)
	RebuildCommonClasses (39ms)
	RebuildNativeTypeToScriptingClass (11ms)
	initialDomainReloadingComplete (66ms)
	LoadAllAssembliesAndSetupDomain (154ms)
		LoadAssemblies (120ms)
		RebuildTransferFunctionScriptingTraits (0ms)
		AnalyzeDomain (152ms)
			TypeCache.Refresh (150ms)
				TypeCache.ScanAssembly (135ms)
			ScanForSourceGeneratedMonoScriptInfo (0ms)
			ResolveRequiredComponents (1ms)
	FinalizeReload (309ms)
		ReleaseScriptCaches (0ms)
		RebuildScriptCaches (0ms)
		SetupLoadedEditorAssemblies (254ms)
			LogAssemblyErrors (0ms)
			InitializePlatformSupportModulesInManaged (15ms)
			SetLoadedEditorAssemblies (14ms)
			RefreshPlugins (0ms)
			BeforeProcessingInitializeOnLoad (2ms)
			ProcessInitializeOnLoadAttributes (170ms)
			ProcessInitializeOnLoadMethodAttributes (52ms)
			AfterProcessingInitializeOnLoad (0ms)
			EditorAssembliesLoaded (0ms)
		ExecutionOrderSort2 (0ms)
		AwakeInstancesAfterBackupRestoration (0ms)
========================================================================
Worker process is ready to serve import requests
Caller must complete domain reload
Begin MonoManager ReloadAssembly
- Loaded All Assemblies, in  0.672 seconds
Native extension for WindowsStandalone target not found
Mono: successfully reloaded assembly
- Finished resetting the current domain, in  1.068 seconds
Domain Reload Profiling: 1736ms
	BeginReloadAssembly (120ms)
		ExecutionOrderSort (0ms)
		DisableScriptedObjects (4ms)
		BackupInstance (0ms)
		ReleaseScriptingObjects (0ms)
		CreateAndSetChildDomain (19ms)
	RebuildCommonClasses (25ms)
	RebuildNativeTypeToScriptingClass (7ms)
	initialDomainReloadingComplete (38ms)
	LoadAllAssembliesAndSetupDomain (478ms)
		LoadAssemblies (348ms)
		RebuildTransferFunctionScriptingTraits (0ms)
		AnalyzeDomain (197ms)
			TypeCache.Refresh (165ms)
				TypeCache.ScanAssembly (152ms)
			ScanForSourceGeneratedMonoScriptInfo (20ms)
			ResolveRequiredComponents (10ms)
	FinalizeReload (1068ms)
		ReleaseScriptCaches (0ms)
		RebuildScriptCaches (0ms)
		SetupLoadedEditorAssemblies (937ms)
			LogAssemblyErrors (0ms)
			InitializePlatformSupportModulesInManaged (6ms)
			SetLoadedEditorAssemblies (6ms)
			RefreshPlugins (0ms)
			BeforeProcessingInitializeOnLoad (114ms)
			ProcessInitializeOnLoadAttributes (749ms)
			ProcessInitializeOnLoadMethodAttributes (52ms)
			AfterProcessingInitializeOnLoad (10ms)
			EditorAssembliesLoaded (0ms)
		ExecutionOrderSort2 (0ms)
		AwakeInstancesAfterBackupRestoration (7ms)
Shader 'SyntyStudios/Basic_LOD_Shader': fallback shader 'wiiu' not found
Shader 'SyntyStudios/CloudShaderNoFog': fallback shader 'wiiu' not found
Shader 'SyntyStudios/SkyboxUnlitNoFog': fallback shader 'wiiu' not found
Shader 'SyntyStudios/CloudShader': fallback shader 'wiiu' not found
Shader 'SyntyStudios/TriplanarBasic': fallback shader 'wiiu' not found
Shader 'SyntyStudios/EnvTriplanar': fallback shader 'wiiu' not found
Shader 'SyntyStudios/SkyboxUnlit': fallback shader 'wiiu' not found
Launched and connected shader compiler UnityShaderCompiler.exe after 0.05 seconds
Refreshing native plugins compatible for Editor in 11.03 ms, found 5 plugins.
Preloading 0 native plugins for Editor in 0.00 ms.
Unloading 5924 Unused Serialized files (Serialized files now loaded: 0)
Unloading 42 unused Assets / (2.1 MB). Loaded Objects now: 6419.
Memory consumption went from 355.6 MB to 353.5 MB.
Total: 5.752000 ms (FindLiveObjects: 0.482700 ms CreateObjectMapping: 0.360500 ms MarkObjects: 3.904700 ms  DeleteObjects: 1.002700 ms)

AssetImportParameters requested are different than current active one (requested -> active):
  custom:container-demuxer-ogg: 62fdf1f143b41e24485cea50d1cbac27 -> 
  custom:video-decoder-ogg-theora: a1e56fd34408186e4bbccfd4996cb3dc -> 
  custom:framework-win-MediaFoundation: 216162199b28c13a410421893ffa2e32 -> 
  custom:CustomObjectIndexerAttribute: 3ead1caaecf1c488f20bcfeb224b6af5 -> 
  custom:container-demuxer-webm: 4f35f7cbe854078d1ac9338744f61a02 -> 
  custom:container-muxer-webm: aa71ff27fc2769a1b78a27578f13a17b -> 
  custom:video-decoder-webm-vp8: 9c59270c3fd7afecdb556c50c9e8de78 -> 
  custom:SearchIndexIgnoredProperties: e643bd26f0fe6173181afceb89e7c659 -> 
  custom:AudioImporter_EditorPlatform: d09bf68614088b80899f8185d706f6e7 -> 
  custom:video-encoder-webm-vp8: eb34c28f22e8b96e1ab97ce403110664 -> 
  custom:audio-decoder-ogg-vorbis: bf7c407c2cedff20999df2af8eb42d56 -> 
  custom:audio-encoder-webm-vorbis: bf7c407c2cedff20999df2af8eb42d56 -> 
  custom:scripting/monoscript/fileName/Rotation.cs: da0b21b39ec877e7f3b2f46e667f72d3 -> c9b00850786f9a9aeacc1c0a61792b03
========================================================================
Received Import Request.
  Time since last request: 303460.103470 seconds.
  path: Assets/Synty/PolygonSciFiWorlds/Prefabs/Environments/SM_Env_LakeEdge_Corner_05.prefab
  artifactKey: Guid(967f42c1f276f4f4b92a79d0eb4178dc) Importer(815301076,1909f56bfc062723c751e8b465ee728b)
Start importing Assets/Synty/PolygonSciFiWorlds/Prefabs/Environments/SM_Env_LakeEdge_Corner_05.prefab using Guid(967f42c1f276f4f4b92a79d0eb4178dc) Importer(815301076,1909f56bfc062723c751e8b465ee728b) [PhysX] Initialized MultithreadedTaskDispatcher with 16 workers.
[PhysX] Initialized MultithreadedTaskDispatcher with 16 workers.
 -> (artifact id: 'a70a57559fdc96ce6f6305bbf37db6e2') in 1.334442 seconds
Number of updated asset objects reloaded before import = 0
Number of asset objects unloaded after import = 42
========================================================================
Received Import Request.
  Time since last request: 0.000114 seconds.
  path: Assets/Synty/PolygonSciFiWorlds/Prefabs/Environments/SM_Env_Plant_Fester_01.prefab
  artifactKey: Guid(16b6755bab7096f40912a44fe235a2de) Importer(815301076,1909f56bfc062723c751e8b465ee728b)
Start importing Assets/Synty/PolygonSciFiWorlds/Prefabs/Environments/SM_Env_Plant_Fester_01.prefab using Guid(16b6755bab7096f40912a44fe235a2de) Importer(815301076,1909f56bfc062723c751e8b465ee728b) [PhysX] Initialized MultithreadedTaskDispatcher with 16 workers.
[PhysX] Initialized MultithreadedTaskDispatcher with 16 workers.
 -> (artifact id: 'ca1d9932ef59b5af57ade155fccf6787') in 0.126684 seconds
Number of updated asset objects reloaded before import = 0
Number of asset objects unloaded after import = 18
========================================================================
Received Import Request.
  Time since last request: 0.000024 seconds.
  path: Assets/Synty/PolygonSciFiWorlds/Prefabs/Environments/SM_Env_Artifact_AlienRuin_07.prefab
  artifactKey: Guid(718c31f49d448ba4a90e3bd71d5e8f1d) Importer(815301076,1909f56bfc062723c751e8b465ee728b)
Start importing Assets/Synty/PolygonSciFiWorlds/Prefabs/Environments/SM_Env_Artifact_AlienRuin_07.prefab using Guid(718c31f49d448ba4a90e3bd71d5e8f1d) Importer(815301076,1909f56bfc062723c751e8b465ee728b) [PhysX] Initialized MultithreadedTaskDispatcher with 16 workers.
[PhysX] Initialized MultithreadedTaskDispatcher with 16 workers.
 -> (artifact id: 'b69f114b0aeed96e2499b41f24ee59f6') in 0.121232 seconds
Number of updated asset objects reloaded before import = 0
Number of asset objects unloaded after import = 28
========================================================================
Received Import Request.
  Time since last request: 0.000029 seconds.
  path: Assets/Synty/PolygonSciFiWorlds/Prefabs/Environments/SM_Env_Core_Strut_02.prefab
  artifactKey: Guid(d75225ad5cb25b948b0c15568a0a3a3d) Importer(815301076,1909f56bfc062723c751e8b465ee728b)
Start importing Assets/Synty/PolygonSciFiWorlds/Prefabs/Environments/SM_Env_Core_Strut_02.prefab using Guid(d75225ad5cb25b948b0c15568a0a3a3d) Importer(815301076,1909f56bfc062723c751e8b465ee728b) [PhysX] Initialized MultithreadedTaskDispatcher with 16 workers.
[PhysX] Initialized MultithreadedTaskDispatcher with 16 workers.
 -> (artifact id: '67c11c4f309f575c4b6040d984953b53') in 0.165794 seconds
Number of updated asset objects reloaded before import = 0
Number of asset objects unloaded after import = 93
========================================================================
Received Import Request.
  Time since last request: 0.000080 seconds.
  path: Assets/Synty/PolygonSciFiWorlds/Prefabs/Environments/SM_Env_Floating_Rocks_03.prefab
  artifactKey: Guid(9907b55c4dc16594f9c1bbe32904f573) Importer(815301076,1909f56bfc062723c751e8b465ee728b)
Start importing Assets/Synty/PolygonSciFiWorlds/Prefabs/Environments/SM_Env_Floating_Rocks_03.prefab using Guid(9907b55c4dc16594f9c1bbe32904f573) Importer(815301076,1909f56bfc062723c751e8b465ee728b) [PhysX] Initialized MultithreadedTaskDispatcher with 16 workers.
[PhysX] Initialized MultithreadedTaskDispatcher with 16 workers.
 -> (artifact id: '29f85d5cc29d8f0134c90a942a505f28') in 0.085092 seconds
Number of updated asset objects reloaded before import = 0
Number of asset objects unloaded after import = 23
========================================================================
Received Import Request.
  Time since last request: 0.000031 seconds.
  path: Assets/Synty/PolygonSciFiWorlds/Prefabs/Environments/SM_Env_Cliff_Curved_02.prefab
  artifactKey: Guid(24bdf4301c6b951408237db18fc1c84e) Importer(815301076,1909f56bfc062723c751e8b465ee728b)
Start importing Assets/Synty/PolygonSciFiWorlds/Prefabs/Environments/SM_Env_Cliff_Curved_02.prefab using Guid(24bdf4301c6b951408237db18fc1c84e) Importer(815301076,1909f56bfc062723c751e8b465ee728b) [PhysX] Initialized MultithreadedTaskDispatcher with 16 workers.
[PhysX] Initialized MultithreadedTaskDispatcher with 16 workers.
 -> (artifact id: 'e41bb5533381cb249971d7e854d141f8') in 0.079573 seconds
Number of updated asset objects reloaded before import = 0
Number of asset objects unloaded after import = 24
========================================================================
Received Import Request.
  Time since last request: 0.000036 seconds.
  path: Assets/Synty/PolygonSciFiWorlds/Prefabs/Environments/SM_Env_Cliff_Flat_02.prefab
  artifactKey: Guid(afb6476d289a3154cbc7f6ae34888c73) Importer(815301076,1909f56bfc062723c751e8b465ee728b)
Start importing Assets/Synty/PolygonSciFiWorlds/Prefabs/Environments/SM_Env_Cliff_Flat_02.prefab using Guid(afb6476d289a3154cbc7f6ae34888c73) Importer(815301076,1909f56bfc062723c751e8b465ee728b) [PhysX] Initialized MultithreadedTaskDispatcher with 16 workers.
[PhysX] Initialized MultithreadedTaskDispatcher with 16 workers.
 -> (artifact id: '47488edc68ad736274765aedebfe56dd') in 0.099604 seconds
Number of updated asset objects reloaded before import = 0
Number of asset objects unloaded after import = 24
========================================================================
Received Import Request.
  Time since last request: 0.000094 seconds.
  path: Assets/Synty/PolygonSciFiWorlds/Prefabs/Environments/SM_Env_Crater_Edge_01.prefab
  artifactKey: Guid(8b6a6c33107d4004b8a74dc3394f82f2) Importer(815301076,1909f56bfc062723c751e8b465ee728b)
Start importing Assets/Synty/PolygonSciFiWorlds/Prefabs/Environments/SM_Env_Crater_Edge_01.prefab using Guid(8b6a6c33107d4004b8a74dc3394f82f2) Importer(815301076,1909f56bfc062723c751e8b465ee728b) [PhysX] Initialized MultithreadedTaskDispatcher with 16 workers.
[PhysX] Initialized MultithreadedTaskDispatcher with 16 workers.
 -> (artifact id: '4d6f4149bfba2df9c9f4d11e36c63380') in 0.095947 seconds
Number of updated asset objects reloaded before import = 0
Number of asset objects unloaded after import = 23
========================================================================
Received Import Request.
  Time since last request: 0.000070 seconds.
  path: Assets/Synty/PolygonSciFiWorlds/Prefabs/Environments/SM_Env_Detail_Crater_Spiral_01.prefab
  artifactKey: Guid(5cc371271e96b76498ce0d1da30cfeb1) Importer(815301076,1909f56bfc062723c751e8b465ee728b)
Start importing Assets/Synty/PolygonSciFiWorlds/Prefabs/Environments/SM_Env_Detail_Crater_Spiral_01.prefab using Guid(5cc371271e96b76498ce0d1da30cfeb1) Importer(815301076,1909f56bfc062723c751e8b465ee728b) [PhysX] Initialized MultithreadedTaskDispatcher with 16 workers.
[PhysX] Initialized MultithreadedTaskDispatcher with 16 workers.
 -> (artifact id: '37c5165f401c0922f4e02e561ff15394') in 0.083559 seconds
Number of updated asset objects reloaded before import = 0
Number of asset objects unloaded after import = 23
========================================================================
Received Import Request.
  Time since last request: 0.000078 seconds.
  path: Assets/Synty/PolygonSciFiWorlds/Prefabs/Environments/SM_Env_Plant_Balloon_03.prefab
  artifactKey: Guid(977d684b39e3d0a43a5880a505489b8b) Importer(815301076,1909f56bfc062723c751e8b465ee728b)
Start importing Assets/Synty/PolygonSciFiWorlds/Prefabs/Environments/SM_Env_Plant_Balloon_03.prefab using Guid(977d684b39e3d0a43a5880a505489b8b) Importer(815301076,1909f56bfc062723c751e8b465ee728b) [PhysX] Initialized MultithreadedTaskDispatcher with 16 workers.
[PhysX] Initialized MultithreadedTaskDispatcher with 16 workers.
 -> (artifact id: '373a0ee4d4f3de23bc07000de258a3fb') in 0.103026 seconds
Number of updated asset objects reloaded before import = 0
Number of asset objects unloaded after import = 14
========================================================================
Received Import Request.
  Time since last request: 0.000062 seconds.
  path: Assets/Synty/PolygonSciFiWorlds/Prefabs/Environments/SM_Env_Artifact_Head_03.prefab
  artifactKey: Guid(b61f90d5afb56624992e074acbaa0930) Importer(815301076,1909f56bfc062723c751e8b465ee728b)
Start importing Assets/Synty/PolygonSciFiWorlds/Prefabs/Environments/SM_Env_Artifact_Head_03.prefab using Guid(b61f90d5afb56624992e074acbaa0930) Importer(815301076,1909f56bfc062723c751e8b465ee728b) [PhysX] Initialized MultithreadedTaskDispatcher with 16 workers.
[PhysX] Initialized MultithreadedTaskDispatcher with 16 workers.
 -> (artifact id: '865b7deda0861caf0b18fc72a5daecc7') in 0.161073 seconds
Number of updated asset objects reloaded before import = 0
Number of asset objects unloaded after import = 30
========================================================================
Received Import Request.
  Time since last request: 0.000047 seconds.
  path: Assets/Synty/PolygonSciFiWorlds/Prefabs/Environments/SM_Env_Cliff_Flat_04.prefab
  artifactKey: Guid(e77713109faabf24a9c58753c6ed2a98) Importer(815301076,1909f56bfc062723c751e8b465ee728b)
Start importing Assets/Synty/PolygonSciFiWorlds/Prefabs/Environments/SM_Env_Cliff_Flat_04.prefab using Guid(e77713109faabf24a9c58753c6ed2a98) Importer(815301076,1909f56bfc062723c751e8b465ee728b) [PhysX] Initialized MultithreadedTaskDispatcher with 16 workers.
[PhysX] Initialized MultithreadedTaskDispatcher with 16 workers.
 -> (artifact id: '7f65ef27e0ce4d91bb0d0cc3794faebc') in 0.083581 seconds
Number of updated asset objects reloaded before import = 0
Number of asset objects unloaded after import = 24
========================================================================
Received Import Request.
  Time since last request: 0.000036 seconds.
  path: Assets/Synty/PolygonSciFiWorlds/Prefabs/Environments/SM_Env_Artifact_AlienRuin_10.prefab
  artifactKey: Guid(d0b52e9de414b434a88e023d6f763fd4) Importer(815301076,1909f56bfc062723c751e8b465ee728b)
Start importing Assets/Synty/PolygonSciFiWorlds/Prefabs/Environments/SM_Env_Artifact_AlienRuin_10.prefab using Guid(d0b52e9de414b434a88e023d6f763fd4) Importer(815301076,1909f56bfc062723c751e8b465ee728b) [PhysX] Initialized MultithreadedTaskDispatcher with 16 workers.
[PhysX] Initialized MultithreadedTaskDispatcher with 16 workers.
 -> (artifact id: '42e26095cc863da92535713ee4f570be') in 0.087808 seconds
Number of updated asset objects reloaded before import = 0
Number of asset objects unloaded after import = 12
========================================================================
Received Import Request.
  Time since last request: 0.000061 seconds.
  path: Assets/Synty/PolygonSciFiWorlds/Prefabs/Environments/SM_Env_LakeEdge_Corner_02.prefab
  artifactKey: Guid(69660eb8aa0daa743aae81d179ef548a) Importer(815301076,1909f56bfc062723c751e8b465ee728b)
Start importing Assets/Synty/PolygonSciFiWorlds/Prefabs/Environments/SM_Env_LakeEdge_Corner_02.prefab using Guid(69660eb8aa0daa743aae81d179ef548a) Importer(815301076,1909f56bfc062723c751e8b465ee728b) [PhysX] Initialized MultithreadedTaskDispatcher with 16 workers.
[PhysX] Initialized MultithreadedTaskDispatcher with 16 workers.
 -> (artifact id: '880d617b11a457928177c9219d8ae59e') in 0.093288 seconds
Number of updated asset objects reloaded before import = 0
Number of asset objects unloaded after import = 23
========================================================================
Received Import Request.
  Time since last request: 0.000029 seconds.
  path: Assets/Synty/PolygonSciFiWorlds/Prefabs/Environments/SM_Env_Plant_Flower_Large_01.prefab
  artifactKey: Guid(d194838adb73ce841a9e1626c9d51744) Importer(815301076,1909f56bfc062723c751e8b465ee728b)
Start importing Assets/Synty/PolygonSciFiWorlds/Prefabs/Environments/SM_Env_Plant_Flower_Large_01.prefab using Guid(d194838adb73ce841a9e1626c9d51744) Importer(815301076,1909f56bfc062723c751e8b465ee728b) [PhysX] Initialized MultithreadedTaskDispatcher with 16 workers.
[PhysX] Initialized MultithreadedTaskDispatcher with 16 workers.
 -> (artifact id: 'd5ffd83befcfa9c5f16e9159722fe62e') in 0.105555 seconds
Number of updated asset objects reloaded before import = 0
Number of asset objects unloaded after import = 18
========================================================================
Received Import Request.
  Time since last request: 0.000077 seconds.
  path: Assets/Synty/PolygonSciFiWorlds/Prefabs/Environments/SM_Env_Plant_Kelp_04.prefab
  artifactKey: Guid(5b75a75bddba4a440a7c72c6a9157623) Importer(815301076,1909f56bfc062723c751e8b465ee728b)
Start importing Assets/Synty/PolygonSciFiWorlds/Prefabs/Environments/SM_Env_Plant_Kelp_04.prefab using Guid(5b75a75bddba4a440a7c72c6a9157623) Importer(815301076,1909f56bfc062723c751e8b465ee728b) [PhysX] Initialized MultithreadedTaskDispatcher with 16 workers.
[PhysX] Initialized MultithreadedTaskDispatcher with 16 workers.
 -> (artifact id: 'f9ba41889090d2e0c30a61f47b755b23') in 0.126469 seconds
Number of updated asset objects reloaded before import = 0
Number of asset objects unloaded after import = 14
========================================================================
Received Import Request.
  Time since last request: 0.000195 seconds.
  path: Assets/Synty/PolygonSciFiWorlds/Prefabs/Environments/SM_Env_Cliff_Curved_01.prefab
  artifactKey: Guid(a53fa69b1227f6f45bc8cca3ee568dd9) Importer(815301076,1909f56bfc062723c751e8b465ee728b)
Start importing Assets/Synty/PolygonSciFiWorlds/Prefabs/Environments/SM_Env_Cliff_Curved_01.prefab using Guid(a53fa69b1227f6f45bc8cca3ee568dd9) Importer(815301076,1909f56bfc062723c751e8b465ee728b) [PhysX] Initialized MultithreadedTaskDispatcher with 16 workers.
[PhysX] Initialized MultithreadedTaskDispatcher with 16 workers.
 -> (artifact id: 'c5d7bb40acf25976e87eac310d8053af') in 0.100231 seconds
Number of updated asset objects reloaded before import = 0
Number of asset objects unloaded after import = 24
========================================================================
Received Import Request.
  Time since last request: 0.000035 seconds.
  path: Assets/Synty/InterfaceSciFiSoldierHUD/Prefabs/Map_Compass_Icons/Map_SciFi_Icon_Ship.prefab
  artifactKey: Guid(ef8c068ab23baf44189fee4caa636539) Importer(815301076,1909f56bfc062723c751e8b465ee728b)
Start importing Assets/Synty/InterfaceSciFiSoldierHUD/Prefabs/Map_Compass_Icons/Map_SciFi_Icon_Ship.prefab using Guid(ef8c068ab23baf44189fee4caa636539) Importer(815301076,1909f56bfc062723c751e8b465ee728b) [PhysX] Initialized MultithreadedTaskDispatcher with 16 workers.
 -> (artifact id: 'a3f3e53267fee328ee1f07cf8c5f39fa') in 0.021156 seconds
Number of updated asset objects reloaded before import = 0
Number of asset objects unloaded after import = 31
========================================================================
Received Import Request.
  Time since last request: 0.000020 seconds.
  path: Assets/Synty/PolygonPirates/Prefabs/Props/SM_Prop_ShipWheel_03.prefab
  artifactKey: Guid(d1b9c6d33f1e63d40be644692cb3e89e) Importer(815301076,1909f56bfc062723c751e8b465ee728b)
Start importing Assets/Synty/PolygonPirates/Prefabs/Props/SM_Prop_ShipWheel_03.prefab using Guid(d1b9c6d33f1e63d40be644692cb3e89e) Importer(815301076,1909f56bfc062723c751e8b465ee728b) [PhysX] Initialized MultithreadedTaskDispatcher with 16 workers.
[PhysX] Initialized MultithreadedTaskDispatcher with 16 workers.
 -> (artifact id: '87f03cecc2ee693dcb662d9ada4f3632') in 0.017818 seconds
Number of updated asset objects reloaded before import = 0
Number of asset objects unloaded after import = 13
========================================================================
Received Import Request.
  Time since last request: 0.000023 seconds.
  path: Assets/Synty/PolygonNatureBiomes/PNB_Tropical_Jungle/Prefabs/Props/SM_Prop_ShipWreck_01.prefab
  artifactKey: Guid(70d64cda5673cab479c6bb9ff9ae51a4) Importer(815301076,1909f56bfc062723c751e8b465ee728b)
Start importing Assets/Synty/PolygonNatureBiomes/PNB_Tropical_Jungle/Prefabs/Props/SM_Prop_ShipWreck_01.prefab using Guid(70d64cda5673cab479c6bb9ff9ae51a4) Importer(815301076,1909f56bfc062723c751e8b465ee728b) [PhysX] Initialized MultithreadedTaskDispatcher with 16 workers.
[PhysX] Initialized MultithreadedTaskDispatcher with 16 workers.
 -> (artifact id: 'a8217f3f91728f5aad96d6133370171e') in 0.019655 seconds
Number of updated asset objects reloaded before import = 0
Number of asset objects unloaded after import = 13
========================================================================
Received Import Request.
  Time since last request: 0.000021 seconds.
  path: Assets/Synty/PolygonPirates/Models/ConvexCollisions/SM_Prop_Shipwreck_02_Convex.asset
  artifactKey: Guid(9758aab6372fa2e4ca492284a8af1a91) Importer(815301076,1909f56bfc062723c751e8b465ee728b)
Start importing Assets/Synty/PolygonPirates/Models/ConvexCollisions/SM_Prop_Shipwreck_02_Convex.asset using Guid(9758aab6372fa2e4ca492284a8af1a91) Importer(815301076,1909f56bfc062723c751e8b465ee728b) [PhysX] Initialized MultithreadedTaskDispatcher with 16 workers.
[PhysX] Initialized MultithreadedTaskDispatcher with 16 workers.
 -> (artifact id: '2079f10bee26bcef55b52f835a2be049') in 0.023396 seconds
Number of updated asset objects reloaded before import = 0
Number of asset objects unloaded after import = 2
========================================================================
Received Import Request.
  Time since last request: 0.000029 seconds.
  path: Assets/Synty/PolygonPirates/Models/ConvexCollisions/SM_Prop_Shipwreck_01_Convex 1.asset
  artifactKey: Guid(92fcbd8b52b85af4f89fc395e082bdc7) Importer(815301076,1909f56bfc062723c751e8b465ee728b)
Start importing Assets/Synty/PolygonPirates/Models/ConvexCollisions/SM_Prop_Shipwreck_01_Convex 1.asset using Guid(92fcbd8b52b85af4f89fc395e082bdc7) Importer(815301076,1909f56bfc062723c751e8b465ee728b) [PhysX] Initialized MultithreadedTaskDispatcher with 16 workers.
[PhysX] Initialized MultithreadedTaskDispatcher with 16 workers.
 -> (artifact id: 'edc41740634e962a52c73a82c710a64e') in 0.010732 seconds
Number of updated asset objects reloaded before import = 0
Number of asset objects unloaded after import = 2
========================================================================
Received Import Request.
  Time since last request: 0.000018 seconds.
  path: Assets/Synty/PolygonPirates/Prefabs/Props/SM_Prop_Shipwreck_01.prefab
  artifactKey: Guid(28789d35adf833348ae8a4ba476c34b7) Importer(815301076,1909f56bfc062723c751e8b465ee728b)
Start importing Assets/Synty/PolygonPirates/Prefabs/Props/SM_Prop_Shipwreck_01.prefab using Guid(28789d35adf833348ae8a4ba476c34b7) Importer(815301076,1909f56bfc062723c751e8b465ee728b) [PhysX] Initialized MultithreadedTaskDispatcher with 16 workers.
[PhysX] Initialized MultithreadedTaskDispatcher with 16 workers.
 -> (artifact id: 'd4b7ed1cc05b1ba0ec61cedf3df8658e') in 0.018588 seconds
Number of updated asset objects reloaded before import = 0
Number of asset objects unloaded after import = 39
========================================================================
Received Import Request.
  Time since last request: 0.000024 seconds.
  path: Assets/Synty/PolygonPirates/Prefabs/Props/SM_Prop_ShipWheel_01.prefab
  artifactKey: Guid(bbabaf7b50e34504e9c9fd4e9374adb8) Importer(815301076,1909f56bfc062723c751e8b465ee728b)
Start importing Assets/Synty/PolygonPirates/Prefabs/Props/SM_Prop_ShipWheel_01.prefab using Guid(bbabaf7b50e34504e9c9fd4e9374adb8) Importer(815301076,1909f56bfc062723c751e8b465ee728b) [PhysX] Initialized MultithreadedTaskDispatcher with 16 workers.
[PhysX] Initialized MultithreadedTaskDispatcher with 16 workers.
 -> (artifact id: '5ac5331c35450c7ecfa74f657a88e552') in 0.019186 seconds
Number of updated asset objects reloaded before import = 0
Number of asset objects unloaded after import = 13
========================================================================
Received Import Request.
  Time since last request: 0.000030 seconds.
  path: Assets/Synty/PolygonPirates/Models/ConvexCollisions/SM_Prop_Shipwreck_03_Convex.asset
  artifactKey: Guid(d2c9b4a4726d4f14eb5616977db79d18) Importer(815301076,1909f56bfc062723c751e8b465ee728b)
Start importing Assets/Synty/PolygonPirates/Models/ConvexCollisions/SM_Prop_Shipwreck_03_Convex.asset using Guid(d2c9b4a4726d4f14eb5616977db79d18) Importer(815301076,1909f56bfc062723c751e8b465ee728b) [PhysX] Initialized MultithreadedTaskDispatcher with 16 workers.
[PhysX] Initialized MultithreadedTaskDispatcher with 16 workers.
 -> (artifact id: '78a9e4df0c6b40a4ca44849a0d572cc7') in 0.013316 seconds
Number of updated asset objects reloaded before import = 0
Number of asset objects unloaded after import = 2
========================================================================
Received Import Request.
  Time since last request: 0.000034 seconds.
  path: Assets/Synty/PolygonSciFiWorlds/Prefabs/Environments/SM_Env_Artifact_AlienRuin_09.prefab
  artifactKey: Guid(692953e6152cda34fa9fa3660a445be3) Importer(815301076,1909f56bfc062723c751e8b465ee728b)
Start importing Assets/Synty/PolygonSciFiWorlds/Prefabs/Environments/SM_Env_Artifact_AlienRuin_09.prefab using Guid(692953e6152cda34fa9fa3660a445be3) Importer(815301076,1909f56bfc062723c751e8b465ee728b) [PhysX] Initialized MultithreadedTaskDispatcher with 16 workers.
[PhysX] Initialized MultithreadedTaskDispatcher with 16 workers.
 -> (artifact id: '44aed2c46d861c285a2fafc14999f87e') in 0.115505 seconds
Number of updated asset objects reloaded before import = 0
Number of asset objects unloaded after import = 16
========================================================================
Received Import Request.
  Time since last request: 0.000044 seconds.
  path: Assets/Synty/PolygonSciFiWorlds/Prefabs/Environments/SM_Env_Core_Shell_01.prefab
  artifactKey: Guid(72c810ca20956294bb4a8f6a91d5fc3e) Importer(815301076,1909f56bfc062723c751e8b465ee728b)
Start importing Assets/Synty/PolygonSciFiWorlds/Prefabs/Environments/SM_Env_Core_Shell_01.prefab using Guid(72c810ca20956294bb4a8f6a91d5fc3e) Importer(815301076,1909f56bfc062723c751e8b465ee728b) [PhysX] Initialized MultithreadedTaskDispatcher with 16 workers.
[PhysX] Initialized MultithreadedTaskDispatcher with 16 workers.
 -> (artifact id: '08ab741b19d6753cb032574846a0865c') in 0.045343 seconds
Number of updated asset objects reloaded before import = 0
Number of asset objects unloaded after import = 11
========================================================================
Received Import Request.
  Time since last request: 0.000046 seconds.
  path: Assets/Synty/PolygonSciFiWorlds/Prefabs/Environments/SM_Env_Grass_03.prefab
  artifactKey: Guid(e8b1a5dbb8203e04cbdec435795ea9eb) Importer(815301076,1909f56bfc062723c751e8b465ee728b)
Start importing Assets/Synty/PolygonSciFiWorlds/Prefabs/Environments/SM_Env_Grass_03.prefab using Guid(e8b1a5dbb8203e04cbdec435795ea9eb) Importer(815301076,1909f56bfc062723c751e8b465ee728b) [PhysX] Initialized MultithreadedTaskDispatcher with 16 workers.
[PhysX] Initialized MultithreadedTaskDispatcher with 16 workers.
 -> (artifact id: '0b7eb84070b388a17757d6c5e10136a1') in 0.094223 seconds
Number of updated asset objects reloaded before import = 0
Number of asset objects unloaded after import = 12
========================================================================
Received Import Request.
  Time since last request: 0.000041 seconds.
  path: Assets/Synty/PolygonSciFiWorlds/Prefabs/Environments/SM_Env_Plant_Large_Spiral_01.prefab
  artifactKey: Guid(21f021d1393b3fc448440cb5e6a02b9d) Importer(815301076,1909f56bfc062723c751e8b465ee728b)
Start importing Assets/Synty/PolygonSciFiWorlds/Prefabs/Environments/SM_Env_Plant_Large_Spiral_01.prefab using Guid(21f021d1393b3fc448440cb5e6a02b9d) Importer(815301076,1909f56bfc062723c751e8b465ee728b) [PhysX] Initialized MultithreadedTaskDispatcher with 16 workers.
[PhysX] Initialized MultithreadedTaskDispatcher with 16 workers.
 -> (artifact id: '5d1bfc9f9bcd93e19ae51d57b25df7d5') in 0.111614 seconds
Number of updated asset objects reloaded before import = 0
Number of asset objects unloaded after import = 14
========================================================================
Received Import Request.
  Time since last request: 0.000042 seconds.
  path: Assets/Synty/PolygonSciFiWorlds/Prefabs/Environments/SM_Env_Detail_Platform_02.prefab
  artifactKey: Guid(6af62b96a091e304cadd944ef4190d25) Importer(815301076,1909f56bfc062723c751e8b465ee728b)
Start importing Assets/Synty/PolygonSciFiWorlds/Prefabs/Environments/SM_Env_Detail_Platform_02.prefab using Guid(6af62b96a091e304cadd944ef4190d25) Importer(815301076,1909f56bfc062723c751e8b465ee728b) [PhysX] Initialized MultithreadedTaskDispatcher with 16 workers.
[PhysX] Initialized MultithreadedTaskDispatcher with 16 workers.
 -> (artifact id: '28500b63624dfffc925d5bee8221b1ea') in 0.095399 seconds
Number of updated asset objects reloaded before import = 0
Number of asset objects unloaded after import = 13
========================================================================
Received Import Request.
  Time since last request: 0.000078 seconds.
  path: Assets/Synty/PolygonSciFiWorlds/Prefabs/Environments/SM_Env_Detail_Crater_04.prefab
  artifactKey: Guid(8d8a6489994d7a7478c66babe6fdc91b) Importer(815301076,1909f56bfc062723c751e8b465ee728b)
Start importing Assets/Synty/PolygonSciFiWorlds/Prefabs/Environments/SM_Env_Detail_Crater_04.prefab using Guid(8d8a6489994d7a7478c66babe6fdc91b) Importer(815301076,1909f56bfc062723c751e8b465ee728b) [PhysX] Initialized MultithreadedTaskDispatcher with 16 workers.
[PhysX] Initialized MultithreadedTaskDispatcher with 16 workers.
 -> (artifact id: '368f09759ba2a05824873b34abf8431f') in 0.098701 seconds
Number of updated asset objects reloaded before import = 0
Number of asset objects unloaded after import = 23
========================================================================
Received Import Request.
  Time since last request: 0.000028 seconds.
  path: Assets/Synty/PolygonNatureBiomes/PNB_Tropical_Jungle/Models/Collision/SM_Prop_ShipWreck_02_Collision.fbx
  artifactKey: Guid(cf12f863378612e459dd5d0ea3060f5f) Importer(815301076,1909f56bfc062723c751e8b465ee728b)
Start importing Assets/Synty/PolygonNatureBiomes/PNB_Tropical_Jungle/Models/Collision/SM_Prop_ShipWreck_02_Collision.fbx using Guid(cf12f863378612e459dd5d0ea3060f5f) Importer(815301076,1909f56bfc062723c751e8b465ee728b) [PhysX] Initialized MultithreadedTaskDispatcher with 16 workers.
[PhysX] Initialized MultithreadedTaskDispatcher with 16 workers.
[PhysX] Initialized MultithreadedTaskDispatcher with 16 workers.
[PhysX] Initialized MultithreadedTaskDispatcher with 16 workers.
 -> (artifact id: 'c39c404211ab4e138e52ee8530be75e0') in 0.054882 seconds
Number of updated asset objects reloaded before import = 0
Number of asset objects unloaded after import = 9
========================================================================
Received Import Request.
  Time since last request: 0.000021 seconds.
  path: Assets/Synty/PolygonSciFiWorlds/Models/SM_Ship_Block_03.fbx
  artifactKey: Guid(9cc6b07595558fe4c9a6d4318d8ec23c) Importer(815301076,1909f56bfc062723c751e8b465ee728b)
Start importing Assets/Synty/PolygonSciFiWorlds/Models/SM_Ship_Block_03.fbx using Guid(9cc6b07595558fe4c9a6d4318d8ec23c) Importer(815301076,1909f56bfc062723c751e8b465ee728b) [PhysX] Initialized MultithreadedTaskDispatcher with 16 workers.
[PhysX] Initialized MultithreadedTaskDispatcher with 16 workers.
[PhysX] Initialized MultithreadedTaskDispatcher with 16 workers.
 -> (artifact id: 'be17274e5fced448e37ab57d2f76fbef') in 0.025672 seconds
Number of updated asset objects reloaded before import = 0
Number of asset objects unloaded after import = 8
========================================================================
Received Import Request.
  Time since last request: 0.000020 seconds.
  path: Assets/Synty/PolygonSciFiWorlds/Prefabs/Environments/SM_Env_Plant_Cactus_01.prefab
  artifactKey: Guid(14543c92a05f9e542a804c38f6866a30) Importer(815301076,1909f56bfc062723c751e8b465ee728b)
Start importing Assets/Synty/PolygonSciFiWorlds/Prefabs/Environments/SM_Env_Plant_Cactus_01.prefab using Guid(14543c92a05f9e542a804c38f6866a30) Importer(815301076,1909f56bfc062723c751e8b465ee728b) [PhysX] Initialized MultithreadedTaskDispatcher with 16 workers.
[PhysX] Initialized MultithreadedTaskDispatcher with 16 workers.
 -> (artifact id: '66f6d15a34721c9a55106c5fec9d442f') in 0.139949 seconds
Number of updated asset objects reloaded before import = 0
Number of asset objects unloaded after import = 14
========================================================================
Received Import Request.
  Time since last request: 0.000161 seconds.
  path: Assets/Synty/PolygonSciFiWorlds/Prefabs/Environments/SM_Env_Ground_Junk_02.prefab
  artifactKey: Guid(9e90d386699584747972bf17ee9e67e8) Importer(815301076,1909f56bfc062723c751e8b465ee728b)
Start importing Assets/Synty/PolygonSciFiWorlds/Prefabs/Environments/SM_Env_Ground_Junk_02.prefab using Guid(9e90d386699584747972bf17ee9e67e8) Importer(815301076,1909f56bfc062723c751e8b465ee728b) [PhysX] Initialized MultithreadedTaskDispatcher with 16 workers.
[PhysX] Initialized MultithreadedTaskDispatcher with 16 workers.
 -> (artifact id: '934e0216b6ba49ff2a00f09f3776fa8e') in 0.039799 seconds
Number of updated asset objects reloaded before import = 0
Number of asset objects unloaded after import = 12
========================================================================
Received Import Request.
  Time since last request: 0.000019 seconds.
  path: Assets/Synty/PolygonSciFiWorlds/Prefabs/Environments/SM_Env_DirtRoad_End_01.prefab
  artifactKey: Guid(853a032e8eb6aa84a90c95e99fa72146) Importer(815301076,1909f56bfc062723c751e8b465ee728b)
Start importing Assets/Synty/PolygonSciFiWorlds/Prefabs/Environments/SM_Env_DirtRoad_End_01.prefab using Guid(853a032e8eb6aa84a90c95e99fa72146) Importer(815301076,1909f56bfc062723c751e8b465ee728b) [PhysX] Initialized MultithreadedTaskDispatcher with 16 workers.
[PhysX] Initialized MultithreadedTaskDispatcher with 16 workers.
 -> (artifact id: 'cb1b9a5e0adfe7b7a6f0a0469e47e265') in 0.108313 seconds
Number of updated asset objects reloaded before import = 0
Number of asset objects unloaded after import = 24
========================================================================
Received Import Request.
  Time since last request: 0.000022 seconds.
  path: Assets/Synty/PolygonSciFiWorlds/Models/SM_Ship_Block_04.fbx
  artifactKey: Guid(4f2680771875e414297510465274f791) Importer(815301076,1909f56bfc062723c751e8b465ee728b)
Start importing Assets/Synty/PolygonSciFiWorlds/Models/SM_Ship_Block_04.fbx using Guid(4f2680771875e414297510465274f791) Importer(815301076,1909f56bfc062723c751e8b465ee728b) [PhysX] Initialized MultithreadedTaskDispatcher with 16 workers.
[PhysX] Initialized MultithreadedTaskDispatcher with 16 workers.
[PhysX] Initialized MultithreadedTaskDispatcher with 16 workers.
 -> (artifact id: '0fd199a39d6d53a4e8ac31172ae28623') in 0.025063 seconds
Number of updated asset objects reloaded before import = 0
Number of asset objects unloaded after import = 8
========================================================================
Received Import Request.
  Time since last request: 0.000057 seconds.
  path: Assets/Synty/PolygonSciFiWorlds/Prefabs/Environments/SM_Env_Plant_Flower_02.prefab
  artifactKey: Guid(f37eb4461c31cda46910037f011d9953) Importer(815301076,1909f56bfc062723c751e8b465ee728b)
Start importing Assets/Synty/PolygonSciFiWorlds/Prefabs/Environments/SM_Env_Plant_Flower_02.prefab using Guid(f37eb4461c31cda46910037f011d9953) Importer(815301076,1909f56bfc062723c751e8b465ee728b) [PhysX] Initialized MultithreadedTaskDispatcher with 16 workers.
[PhysX] Initialized MultithreadedTaskDispatcher with 16 workers.
 -> (artifact id: 'a91eba964a004f9dd64885226baf1358') in 0.116570 seconds
Number of updated asset objects reloaded before import = 0
Number of asset objects unloaded after import = 14
========================================================================
Received Import Request.
  Time since last request: 0.000075 seconds.
  path: Assets/Synty/PolygonSciFiWorlds/Prefabs/Environments/SM_Env_Detail_Spire_Group_01.prefab
  artifactKey: Guid(6aa1797ed35bda7479ea80f803ac78a5) Importer(815301076,1909f56bfc062723c751e8b465ee728b)
Start importing Assets/Synty/PolygonSciFiWorlds/Prefabs/Environments/SM_Env_Detail_Spire_Group_01.prefab using Guid(6aa1797ed35bda7479ea80f803ac78a5) Importer(815301076,1909f56bfc062723c751e8b465ee728b) [PhysX] Initialized MultithreadedTaskDispatcher with 16 workers.
[PhysX] Initialized MultithreadedTaskDispatcher with 16 workers.
 -> (artifact id: '2be93631c40bad310b17208cd8159a53') in 0.102730 seconds
Number of updated asset objects reloaded before import = 0
Number of asset objects unloaded after import = 24
========================================================================
Received Import Request.
  Time since last request: 0.000020 seconds.
  path: Assets/Synty/PolygonSciFiWorlds/Prefabs/Environments/SM_Env_Crater_Edge_02.prefab
  artifactKey: Guid(e0cfb073593e2524a84f86ce88d63f9d) Importer(815301076,1909f56bfc062723c751e8b465ee728b)
Start importing Assets/Synty/PolygonSciFiWorlds/Prefabs/Environments/SM_Env_Crater_Edge_02.prefab using Guid(e0cfb073593e2524a84f86ce88d63f9d) Importer(815301076,1909f56bfc062723c751e8b465ee728b) [PhysX] Initialized MultithreadedTaskDispatcher with 16 workers.
[PhysX] Initialized MultithreadedTaskDispatcher with 16 workers.
 -> (artifact id: '37852d2f173c71d50a7a3f4ee30325da') in 0.108839 seconds
Number of updated asset objects reloaded before import = 0
Number of asset objects unloaded after import = 23
========================================================================
Received Import Request.
  Time since last request: 0.000033 seconds.
  path: Assets/Synty/PolygonSciFiWorlds/Prefabs/Environments/SM_Env_Crater_Edge_04.prefab
  artifactKey: Guid(7fce0f45f6d3fac4dacf2ed8fca10f51) Importer(815301076,1909f56bfc062723c751e8b465ee728b)
Start importing Assets/Synty/PolygonSciFiWorlds/Prefabs/Environments/SM_Env_Crater_Edge_04.prefab using Guid(7fce0f45f6d3fac4dacf2ed8fca10f51) Importer(815301076,1909f56bfc062723c751e8b465ee728b) [PhysX] Initialized MultithreadedTaskDispatcher with 16 workers.
[PhysX] Initialized MultithreadedTaskDispatcher with 16 workers.
 -> (artifact id: '569086d3ba2ba03a7c082081d583ba7c') in 0.088964 seconds
Number of updated asset objects reloaded before import = 0
Number of asset objects unloaded after import = 23
========================================================================
Received Import Request.
  Time since last request: 0.000067 seconds.
  path: Assets/Synty/PolygonSciFiWorlds/Prefabs/Environments/SM_Env_Ground_Slope_02.prefab
  artifactKey: Guid(be22c9b1c6c19164f871d2bb3b60adc1) Importer(815301076,1909f56bfc062723c751e8b465ee728b)
Start importing Assets/Synty/PolygonSciFiWorlds/Prefabs/Environments/SM_Env_Ground_Slope_02.prefab using Guid(be22c9b1c6c19164f871d2bb3b60adc1) Importer(815301076,1909f56bfc062723c751e8b465ee728b) [PhysX] Initialized MultithreadedTaskDispatcher with 16 workers.
[PhysX] Initialized MultithreadedTaskDispatcher with 16 workers.
 -> (artifact id: '60476d5bde30ed15e0f799322cfdcc3d') in 0.090463 seconds
Number of updated asset objects reloaded before import = 0
Number of asset objects unloaded after import = 23
========================================================================
Received Import Request.
  Time since last request: 0.000054 seconds.
  path: Assets/Synty/PolygonSciFiWorlds/Prefabs/Environments/SM_Env_LakeEdge_Corner_01.prefab
  artifactKey: Guid(61b17a36e4174c04d872e4f8395758c1) Importer(815301076,1909f56bfc062723c751e8b465ee728b)
Start importing Assets/Synty/PolygonSciFiWorlds/Prefabs/Environments/SM_Env_LakeEdge_Corner_01.prefab using Guid(61b17a36e4174c04d872e4f8395758c1) Importer(815301076,1909f56bfc062723c751e8b465ee728b) [PhysX] Initialized MultithreadedTaskDispatcher with 16 workers.
[PhysX] Initialized MultithreadedTaskDispatcher with 16 workers.
 -> (artifact id: '3e3d0789e9cb5e9322a69ba85d29ad7a') in 0.078888 seconds
Number of updated asset objects reloaded before import = 0
Number of asset objects unloaded after import = 23
========================================================================
Received Import Request.
  Time since last request: 1.341151 seconds.
  path: Assets/Synty/PolygonPirates/Prefabs/Vehicles/SM_Veh_Boat_Warship_01_Hull_Attachments.prefab
  artifactKey: Guid(00527f6e18debd843a66aba9400c8c45) Importer(815301076,1909f56bfc062723c751e8b465ee728b)
Start importing Assets/Synty/PolygonPirates/Prefabs/Vehicles/SM_Veh_Boat_Warship_01_Hull_Attachments.prefab using Guid(00527f6e18debd843a66aba9400c8c45) Importer(815301076,1909f56bfc062723c751e8b465ee728b) [PhysX] Initialized MultithreadedTaskDispatcher with 16 workers.
[PhysX] Initialized MultithreadedTaskDispatcher with 16 workers.
 -> (artifact id: '6731b22e8f7033af092231e29a0b8cbb') in 0.027434 seconds
Number of updated asset objects reloaded before import = 0
Number of asset objects unloaded after import = 223
========================================================================
Received Import Request.
  Time since last request: 0.000016 seconds.
  path: Assets/Synty/PolygonPirates/Models/ConvexCollisions/SM_Veh_Boat_Warship_01_Hull_Convex 1.asset
  artifactKey: Guid(e69fb103b34f454468afb2ba7f71a24b) Importer(815301076,1909f56bfc062723c751e8b465ee728b)
Start importing Assets/Synty/PolygonPirates/Models/ConvexCollisions/SM_Veh_Boat_Warship_01_Hull_Convex 1.asset using Guid(e69fb103b34f454468afb2ba7f71a24b) Importer(815301076,1909f56bfc062723c751e8b465ee728b) [PhysX] Initialized MultithreadedTaskDispatcher with 16 workers.
[PhysX] Initialized MultithreadedTaskDispatcher with 16 workers.
 -> (artifact id: '7f24e19bb27d9b811394e61a1da960b7') in 0.011145 seconds
Number of updated asset objects reloaded before import = 0
Number of asset objects unloaded after import = 2
========================================================================
Received Import Request.
  Time since last request: 0.000016 seconds.
  path: Assets/Synty/PolygonPirates/Models/ConvexCollisions/SM_Veh_Boat_Warship_01_Hull_Convex 4.asset
  artifactKey: Guid(8215ceabfe6111a4abcff73201cb0c18) Importer(815301076,1909f56bfc062723c751e8b465ee728b)
Start importing Assets/Synty/PolygonPirates/Models/ConvexCollisions/SM_Veh_Boat_Warship_01_Hull_Convex 4.asset using Guid(8215ceabfe6111a4abcff73201cb0c18) Importer(815301076,1909f56bfc062723c751e8b465ee728b) [PhysX] Initialized MultithreadedTaskDispatcher with 16 workers.
[PhysX] Initialized MultithreadedTaskDispatcher with 16 workers.
[PhysX] Initialized MultithreadedTaskDispatcher with 16 workers.
[PhysX] Initialized MultithreadedTaskDispatcher with 16 workers.
[PhysX] Initialized MultithreadedTaskDispatcher with 16 workers.
 -> (artifact id: '5bbb82cb366ce6ff29ffcbd2c378b3ba') in 0.042585 seconds
Number of updated asset objects reloaded before import = 0
Number of asset objects unloaded after import = 5
========================================================================
Received Import Request.
  Time since last request: 0.207971 seconds.
  path: Assets/Synty/PolygonPirates/Models/SM_Veh_Boat_Warship_01_Hull_Pirate.fbx
  artifactKey: Guid(8c8080c50351bef40a8bb789b2f4b5e7) Importer(815301076,1909f56bfc062723c751e8b465ee728b)
Start importing Assets/Synty/PolygonPirates/Models/SM_Veh_Boat_Warship_01_Hull_Pirate.fbx using Guid(8c8080c50351bef40a8bb789b2f4b5e7) Importer(815301076,1909f56bfc062723c751e8b465ee728b) [PhysX] Initialized MultithreadedTaskDispatcher with 16 workers.
[PhysX] Initialized MultithreadedTaskDispatcher with 16 workers.
[PhysX] Initialized MultithreadedTaskDispatcher with 16 workers.
[PhysX] Initialized MultithreadedTaskDispatcher with 16 workers.
[PhysX] Initialized MultithreadedTaskDispatcher with 16 workers.
[PhysX] Initialized MultithreadedTaskDispatcher with 16 workers.
[PhysX] Initialized MultithreadedTaskDispatcher with 16 workers.
[PhysX] Initialized MultithreadedTaskDispatcher with 16 workers.
[PhysX] Initialized MultithreadedTaskDispatcher with 16 workers.
[PhysX] Initialized MultithreadedTaskDispatcher with 16 workers.
[PhysX] Initialized MultithreadedTaskDispatcher with 16 workers.
[PhysX] Initialized MultithreadedTaskDispatcher with 16 workers.
[PhysX] Initialized MultithreadedTaskDispatcher with 16 workers.
[PhysX] Initialized MultithreadedTaskDispatcher with 16 workers.
[PhysX] Initialized MultithreadedTaskDispatcher with 16 workers.
[PhysX] Initialized MultithreadedTaskDispatcher with 16 workers.
[PhysX] Initialized MultithreadedTaskDispatcher with 16 workers.
[PhysX] Initialized MultithreadedTaskDispatcher with 16 workers.
[PhysX] Initialized MultithreadedTaskDispatcher with 16 workers.
[PhysX] Initialized MultithreadedTaskDispatcher with 16 workers.
[PhysX] Initialized MultithreadedTaskDispatcher with 16 workers.
[PhysX] Initialized MultithreadedTaskDispatcher with 16 workers.
[PhysX] Initialized MultithreadedTaskDispatcher with 16 workers.
[PhysX] Initialized MultithreadedTaskDispatcher with 16 workers.
[PhysX] Initialized MultithreadedTaskDispatcher with 16 workers.
[PhysX] Initialized MultithreadedTaskDispatcher with 16 workers.
 -> (artifact id: '7a3165c80990057ccc2bfa619f8d8402') in 0.100390 seconds
Number of updated asset objects reloaded before import = 0
Number of asset objects unloaded after import = 73
========================================================================
Received Import Request.
  Time since last request: 0.034354 seconds.
  path: Assets/Synty/PolygonPirates/Models/ConvexCollisions/SM_Veh_Boat_Warship_01_Hull_Pirate_Convex 3.asset
  artifactKey: Guid(9e871bd7db24e334680cb7c6ad908923) Importer(815301076,1909f56bfc062723c751e8b465ee728b)
Start importing Assets/Synty/PolygonPirates/Models/ConvexCollisions/SM_Veh_Boat_Warship_01_Hull_Pirate_Convex 3.asset using Guid(9e871bd7db24e334680cb7c6ad908923) Importer(815301076,1909f56bfc062723c751e8b465ee728b) [PhysX] Initialized MultithreadedTaskDispatcher with 16 workers.
[PhysX] Initialized MultithreadedTaskDispatcher with 16 workers.
[PhysX] Initialized MultithreadedTaskDispatcher with 16 workers.
[PhysX] Initialized MultithreadedTaskDispatcher with 16 workers.
[PhysX] Initialized MultithreadedTaskDispatcher with 16 workers.
[PhysX] Initialized MultithreadedTaskDispatcher with 16 workers.
 -> (artifact id: '69f9023bed3982eb9af50f7e85c062b3') in 0.031127 seconds
Number of updated asset objects reloaded before import = 0
Number of asset objects unloaded after import = 6
========================================================================
Received Import Request.
  Time since last request: 0.000016 seconds.
  path: Assets/Synty/PolygonPirates/Prefabs/Vehicles/SM_Veh_Boat_Warship_01_Hull_Upsized.prefab
  artifactKey: Guid(aa8432d52325aa74685b2677529486b6) Importer(815301076,1909f56bfc062723c751e8b465ee728b)
Start importing Assets/Synty/PolygonPirates/Prefabs/Vehicles/SM_Veh_Boat_Warship_01_Hull_Upsized.prefab using Guid(aa8432d52325aa74685b2677529486b6) Importer(815301076,1909f56bfc062723c751e8b465ee728b) [PhysX] Initialized MultithreadedTaskDispatcher with 16 workers.
[PhysX] Initialized MultithreadedTaskDispatcher with 16 workers.
 -> (artifact id: '9aad6b169be70fee0467c499d8ff22c5') in 0.035288 seconds
Number of updated asset objects reloaded before import = 0
Number of asset objects unloaded after import = 102
========================================================================
Received Import Request.
  Time since last request: 0.255172 seconds.
  path: Assets/Synty/PolygonPirates/Models/ConvexCollisions/SM_Veh_Boat_Warship_01_Hull_Upsized_Pirate_Convex 1.asset
  artifactKey: Guid(7948780be2b9bb84b8aae2888db1f840) Importer(815301076,1909f56bfc062723c751e8b465ee728b)
Start importing Assets/Synty/PolygonPirates/Models/ConvexCollisions/SM_Veh_Boat_Warship_01_Hull_Upsized_Pirate_Convex 1.asset using Guid(7948780be2b9bb84b8aae2888db1f840) Importer(815301076,1909f56bfc062723c751e8b465ee728b) [PhysX] Initialized MultithreadedTaskDispatcher with 16 workers.
[PhysX] Initialized MultithreadedTaskDispatcher with 16 workers.
 -> (artifact id: '15b0bebc27cc38c77deb1a47bf49f219') in 0.010851 seconds
Number of updated asset objects reloaded before import = 0
Number of asset objects unloaded after import = 2
========================================================================
Received Import Request.
  Time since last request: 0.000019 seconds.
  path: Assets/Synty/PolygonPirates/Models/ConvexCollisions/SM_Veh_Boat_Warship_01_Hull_Upsized_Pirate_Convex 4.asset
  artifactKey: Guid(0eb1ffeec8e627f499ccb04b644b6ad5) Importer(815301076,1909f56bfc062723c751e8b465ee728b)
Start importing Assets/Synty/PolygonPirates/Models/ConvexCollisions/SM_Veh_Boat_Warship_01_Hull_Upsized_Pirate_Convex 4.asset using Guid(0eb1ffeec8e627f499ccb04b644b6ad5) Importer(815301076,1909f56bfc062723c751e8b465ee728b) [PhysX] Initialized MultithreadedTaskDispatcher with 16 workers.
[PhysX] Initialized MultithreadedTaskDispatcher with 16 workers.
[PhysX] Initialized MultithreadedTaskDispatcher with 16 workers.
[PhysX] Initialized MultithreadedTaskDispatcher with 16 workers.
[PhysX] Initialized MultithreadedTaskDispatcher with 16 workers.
 -> (artifact id: '1de561134cf0d808f9494ab6fb2690cd') in 0.031217 seconds
Number of updated asset objects reloaded before import = 0
Number of asset objects unloaded after import = 5
========================================================================
Received Import Request.
  Time since last request: 0.000026 seconds.
  path: Assets/Synty/PolygonPirates/Models/ConvexCollisions/SM_Veh_Boat_Warship_01_Hull_Upsized_Pirate_Convex 6.asset
  artifactKey: Guid(be24df24eea24e9499a272935a66a043) Importer(815301076,1909f56bfc062723c751e8b465ee728b)
Start importing Assets/Synty/PolygonPirates/Models/ConvexCollisions/SM_Veh_Boat_Warship_01_Hull_Upsized_Pirate_Convex 6.asset using Guid(be24df24eea24e9499a272935a66a043) Importer(815301076,1909f56bfc062723c751e8b465ee728b) [PhysX] Initialized MultithreadedTaskDispatcher with 16 workers.
[PhysX] Initialized MultithreadedTaskDispatcher with 16 workers.
[PhysX] Initialized MultithreadedTaskDispatcher with 16 workers.
[PhysX] Initialized MultithreadedTaskDispatcher with 16 workers.
[PhysX] Initialized MultithreadedTaskDispatcher with 16 workers.
 -> (artifact id: '3dcdc68e705e4959ef00ad3430b2c00b') in 0.024452 seconds
Number of updated asset objects reloaded before import = 0
Number of asset objects unloaded after import = 5
========================================================================
Received Import Request.
  Time since last request: 0.483021 seconds.
  path: Assets/Synty/PolygonSciFiWorlds/Models/Collision/Custom/SM_Veh_DropShip_01_Collision.fbx
  artifactKey: Guid(a0f0f24442774e8449837a2023ea0b69) Importer(815301076,1909f56bfc062723c751e8b465ee728b)
Start importing Assets/Synty/PolygonSciFiWorlds/Models/Collision/Custom/SM_Veh_DropShip_01_Collision.fbx using Guid(a0f0f24442774e8449837a2023ea0b69) Importer(815301076,1909f56bfc062723c751e8b465ee728b) [PhysX] Initialized MultithreadedTaskDispatcher with 16 workers.
[PhysX] Initialized MultithreadedTaskDispatcher with 16 workers.
[PhysX] Initialized MultithreadedTaskDispatcher with 16 workers.
 -> (artifact id: '775b076cbdc6e5f7805d948ac0be595c') in 0.022790 seconds
Number of updated asset objects reloaded before import = 0
Number of asset objects unloaded after import = 8
========================================================================
Received Import Request.
  Time since last request: 0.000031 seconds.
  path: Assets/Synty/PolygonSciFiWorlds/Models/Collision/Convex/SM_Veh_DropShip_01_Convex 2.asset
  artifactKey: Guid(c1f36a6b57832c049b7e6ce04d44cf37) Importer(815301076,1909f56bfc062723c751e8b465ee728b)
Start importing Assets/Synty/PolygonSciFiWorlds/Models/Collision/Convex/SM_Veh_DropShip_01_Convex 2.asset using Guid(c1f36a6b57832c049b7e6ce04d44cf37) Importer(815301076,1909f56bfc062723c751e8b465ee728b) [PhysX] Initialized MultithreadedTaskDispatcher with 16 workers.
[PhysX] Initialized MultithreadedTaskDispatcher with 16 workers.
 -> (artifact id: '402af4a2369e273a4fc4ad940c5293e4') in 0.017440 seconds
Number of updated asset objects reloaded before import = 0
Number of asset objects unloaded after import = 3
Editor requested this worker to shutdown with reason: Scaling down because of idle timeout
TcpMessagingSession - receive error: operation aborted. errorcode: 995, details: The I/O operation has been aborted because of either a thread exit or an application request.
AssetImportWorker is now disconnected from the server
Process exiting
Exiting without the bug reporter. Application will terminate with return code 0