Using pre-set license
Built from '2022.3/staging' branch; Version is '2022.3.56f1 (dd0c98481d00) revision 14486680'; Using compiler version '192829333'; Build Type 'Release'
OS: 'Windows 11  (10.0.26100) 64bit Core' Language: 'en' Physical Memory: 49077 MB
BatchMode: 1, IsHumanControllingUs: 0, StartBugReporterOnCrash: 0, Is64bit: 1, IsPro: 1

COMMAND LINE ARGUMENTS:
C:\Program Files\Unity\Hub\Editor\2022.3.56f1\Editor\Unity.exe
-adb2
-batchMode
-noUpm
-name
AssetImportWorker8
-projectPath
C:/Users/Packm/OneDrive/Documents/GitHub/BubbleDive
-logFile
Logs/AssetImportWorker8.log
-srvPort
65075
Successfully changed project path to: C:/Users/Packm/OneDrive/Documents/GitHub/BubbleDive
C:/Users/Packm/OneDrive/Documents/GitHub/BubbleDive
[UnityMemory] Configuration Parameters - Can be set up in boot.config
    "memorysetup-bucket-allocator-granularity=16"
    "memorysetup-bucket-allocator-bucket-count=8"
    "memorysetup-bucket-allocator-block-size=33554432"
    "memorysetup-bucket-allocator-block-count=8"
    "memorysetup-main-allocator-block-size=16777216"
    "memorysetup-thread-allocator-block-size=16777216"
    "memorysetup-gfx-main-allocator-block-size=16777216"
    "memorysetup-gfx-thread-allocator-block-size=16777216"
    "memorysetup-cache-allocator-block-size=4194304"
    "memorysetup-typetree-allocator-block-size=2097152"
    "memorysetup-profiler-bucket-allocator-granularity=16"
    "memorysetup-profiler-bucket-allocator-bucket-count=8"
    "memorysetup-profiler-bucket-allocator-block-size=33554432"
    "memorysetup-profiler-bucket-allocator-block-count=8"
    "memorysetup-profiler-allocator-block-size=16777216"
    "memorysetup-profiler-editor-allocator-block-size=1048576"
    "memorysetup-temp-allocator-size-main=16777216"
    "memorysetup-job-temp-allocator-block-size=2097152"
    "memorysetup-job-temp-allocator-block-size-background=1048576"
    "memorysetup-job-temp-allocator-reduction-small-platforms=262144"
    "memorysetup-allocator-temp-initial-block-size-main=262144"
    "memorysetup-allocator-temp-initial-block-size-worker=262144"
    "memorysetup-temp-allocator-size-background-worker=32768"
    "memorysetup-temp-allocator-size-job-worker=262144"
    "memorysetup-temp-allocator-size-preload-manager=33554432"
    "memorysetup-temp-allocator-size-nav-mesh-worker=65536"
    "memorysetup-temp-allocator-size-audio-worker=65536"
    "memorysetup-temp-allocator-size-cloud-worker=32768"
    "memorysetup-temp-allocator-size-gi-baking-worker=262144"
    "memorysetup-temp-allocator-size-gfx=262144"
Player connection [12148]  Target information:

Player connection [12148]  * "[IP] 10.5.0.2 [Port] 0 [Flags] 2 [Guid] 2103454938 [EditorId] 2103454938 [Version] 1048832 [Id] WindowsEditor(7,DESKTOP-I9S18RH) [Debug] 1 [PackageName] WindowsEditor [ProjectName] Editor" 

Player connection [12148]  * "[IP] 192.168.1.242 [Port] 0 [Flags] 2 [Guid] 2103454938 [EditorId] 2103454938 [Version] 1048832 [Id] WindowsEditor(7,DESKTOP-I9S18RH) [Debug] 1 [PackageName] WindowsEditor [ProjectName] Editor" 

Player connection [12148] Host joined multi-casting on [225.0.0.222:54997]...
Player connection [12148] Host joined alternative multi-casting on [225.0.0.222:34997]...
Input System module state changed to: Initialized.
[PhysX] Initialized MultithreadedTaskDispatcher with 16 workers.
Refreshing native plugins compatible for Editor in 15.40 ms, found 3 plugins.
Preloading 0 native plugins for Editor in 0.00 ms.
Initialize engine version: 2022.3.56f1 (dd0c98481d00)
[Subsystems] Discovering subsystems at path C:/Program Files/Unity/Hub/Editor/2022.3.56f1/Editor/Data/Resources/UnitySubsystems
[Subsystems] Discovering subsystems at path C:/Users/Packm/OneDrive/Documents/GitHub/BubbleDive/Assets
GfxDevice: creating device client; threaded=0; jobified=0
Direct3D:
    Version:  Direct3D 11.0 [level 11.1]
    Renderer: NVIDIA GeForce RTX 4070 SUPER (ID=0x2783)
    Vendor:   NVIDIA
    VRAM:     11999 MB
    Driver:   32.0.15.6614
Initialize mono
Mono path[0] = 'C:/Program Files/Unity/Hub/Editor/2022.3.56f1/Editor/Data/Managed'
Mono path[1] = 'C:/Program Files/Unity/Hub/Editor/2022.3.56f1/Editor/Data/MonoBleedingEdge/lib/mono/unityjit-win32'
Mono config path = 'C:/Program Files/Unity/Hub/Editor/2022.3.56f1/Editor/Data/MonoBleedingEdge/etc'
Using monoOptions --debugger-agent=transport=dt_socket,embedding=1,server=y,suspend=n,address=127.0.0.1:56244
Begin MonoManager ReloadAssembly
Registering precompiled unity dll's ...
Register platform support module: C:/Program Files/Unity/Hub/Editor/2022.3.56f1/Editor/Data/PlaybackEngines/WindowsStandaloneSupport/UnityEditor.WindowsStandalone.Extensions.dll
Registered in 0.012095 seconds.
- Loaded All Assemblies, in  0.462 seconds
Native extension for WindowsStandalone target not found
Mono: successfully reloaded assembly
- Finished resetting the current domain, in  0.374 seconds
Domain Reload Profiling: 833ms
	BeginReloadAssembly (141ms)
		ExecutionOrderSort (0ms)
		DisableScriptedObjects (0ms)
		BackupInstance (0ms)
		ReleaseScriptingObjects (0ms)
		CreateAndSetChildDomain (1ms)
	RebuildCommonClasses (48ms)
	RebuildNativeTypeToScriptingClass (12ms)
	initialDomainReloadingComplete (79ms)
	LoadAllAssembliesAndSetupDomain (178ms)
		LoadAssemblies (135ms)
		RebuildTransferFunctionScriptingTraits (0ms)
		AnalyzeDomain (176ms)
			TypeCache.Refresh (173ms)
				TypeCache.ScanAssembly (156ms)
			ScanForSourceGeneratedMonoScriptInfo (0ms)
			ResolveRequiredComponents (1ms)
	FinalizeReload (375ms)
		ReleaseScriptCaches (0ms)
		RebuildScriptCaches (0ms)
		SetupLoadedEditorAssemblies (297ms)
			LogAssemblyErrors (0ms)
			InitializePlatformSupportModulesInManaged (12ms)
			SetLoadedEditorAssemblies (11ms)
			RefreshPlugins (0ms)
			BeforeProcessingInitializeOnLoad (4ms)
			ProcessInitializeOnLoadAttributes (197ms)
			ProcessInitializeOnLoadMethodAttributes (73ms)
			AfterProcessingInitializeOnLoad (0ms)
			EditorAssembliesLoaded (0ms)
		ExecutionOrderSort2 (0ms)
		AwakeInstancesAfterBackupRestoration (0ms)
========================================================================
Worker process is ready to serve import requests
Caller must complete domain reload
Begin MonoManager ReloadAssembly
- Loaded All Assemblies, in  0.891 seconds
Native extension for WindowsStandalone target not found
Mono: successfully reloaded assembly
- Finished resetting the current domain, in  1.006 seconds
Domain Reload Profiling: 1891ms
	BeginReloadAssembly (207ms)
		ExecutionOrderSort (0ms)
		DisableScriptedObjects (10ms)
		BackupInstance (0ms)
		ReleaseScriptingObjects (0ms)
		CreateAndSetChildDomain (43ms)
	RebuildCommonClasses (38ms)
	RebuildNativeTypeToScriptingClass (11ms)
	initialDomainReloadingComplete (57ms)
	LoadAllAssembliesAndSetupDomain (572ms)
		LoadAssemblies (465ms)
		RebuildTransferFunctionScriptingTraits (0ms)
		AnalyzeDomain (220ms)
			TypeCache.Refresh (192ms)
				TypeCache.ScanAssembly (175ms)
			ScanForSourceGeneratedMonoScriptInfo (16ms)
			ResolveRequiredComponents (9ms)
	FinalizeReload (1006ms)
		ReleaseScriptCaches (0ms)
		RebuildScriptCaches (0ms)
		SetupLoadedEditorAssemblies (841ms)
			LogAssemblyErrors (0ms)
			InitializePlatformSupportModulesInManaged (9ms)
			SetLoadedEditorAssemblies (5ms)
			RefreshPlugins (0ms)
			BeforeProcessingInitializeOnLoad (132ms)
			ProcessInitializeOnLoadAttributes (665ms)
			ProcessInitializeOnLoadMethodAttributes (22ms)
			AfterProcessingInitializeOnLoad (9ms)
			EditorAssembliesLoaded (0ms)
		ExecutionOrderSort2 (0ms)
		AwakeInstancesAfterBackupRestoration (7ms)
Launched and connected shader compiler UnityShaderCompiler.exe after 0.04 seconds
Refreshing native plugins compatible for Editor in 4.78 ms, found 3 plugins.
Preloading 0 native plugins for Editor in 0.00 ms.
Unloading 3432 Unused Serialized files (Serialized files now loaded: 0)
Unloading 22 unused Assets / (93.4 KB). Loaded Objects now: 3937.
Memory consumption went from 238.9 MB to 238.9 MB.
Total: 4.350400 ms (FindLiveObjects: 0.310000 ms CreateObjectMapping: 0.190000 ms MarkObjects: 3.744800 ms  DeleteObjects: 0.104400 ms)

AssetImportParameters requested are different than current active one (requested -> active):
  custom:container-demuxer-ogg: 62fdf1f143b41e24485cea50d1cbac27 -> 
  custom:scripting/monoscript/fileName/SetPropertyUtility.cs: f604b4b9e6b0979bdfc1e2b40426dd19 -> 02aade692758e5563210cc05829e9851
  custom:video-decoder-ogg-theora: a1e56fd34408186e4bbccfd4996cb3dc -> 
  custom:framework-win-MediaFoundation: 216162199b28c13a410421893ffa2e32 -> 
  custom:CustomObjectIndexerAttribute: 9a22284fe3817be447336de3de66b15e -> 
  custom:container-demuxer-webm: 4f35f7cbe854078d1ac9338744f61a02 -> 
  custom:container-muxer-webm: aa71ff27fc2769a1b78a27578f13a17b -> 
  custom:video-decoder-webm-vp8: 9c59270c3fd7afecdb556c50c9e8de78 -> 
  custom:SearchIndexIgnoredProperties: e643bd26f0fe6173181afceb89e7c659 -> 
  custom:AudioImporter_EditorPlatform: d09bf68614088b80899f8185d706f6e7 -> 
  custom:video-encoder-webm-vp8: eb34c28f22e8b96e1ab97ce403110664 -> 
  custom:audio-decoder-ogg-vorbis: bf7c407c2cedff20999df2af8eb42d56 -> 
  custom:audio-encoder-webm-vorbis: bf7c407c2cedff20999df2af8eb42d56 -> 
  custom:scripting/monoscript/fileName/CardStack2D.cs:  -> 52f7ac406c04f320c1cc31b32fc945ec
  custom:scripting/monoscript/fileName/UILineRendererFIFO.cs:  -> 1a840d7d842445f62c20beee85a5bbc5
  custom:scripting/monoscript/fileName/FlowLayoutGroup.cs:  -> 4f8c51e99186127173631d5ea0b848a8
  custom:scripting/monoscript/fileName/UIParticleSystem.cs:  -> 6cef203566a0c9333597e4e233613614
  custom:scripting/monoscript/fileName/UILineRenderer.cs:  -> 673f1b621ab4781ac78770b1b3c45207
  custom:scripting/monoscript/fileName/TableLayoutGroup.cs:  -> 9697d88a99d4c91003d206b86eed3a61
  custom:scripting/monoscript/fileName/Segment.cs:  -> 823b994f6bbb6e32f73e9807948df6b3
  custom:scripting/monoscript/fileName/SelectionBox.cs:  -> 9eabc2822607d24d284c5c0d720d4a01
  custom:scripting/monoscript/fileName/ReorderableListContent.cs:  -> a630238339e5f198f723ac29a2329f6d
  custom:scripting/monoscript/fileName/Menu.cs:  -> d0a2652908e797d4064ef9b772450cc8
  custom:scripting/monoscript/fileName/HSVUtil.cs:  -> 2f204c7a89b046fae714aadbcda42851
  custom:scripting/monoscript/fileName/FancyCellGroup.cs:  -> 90647cc400823b41df847a6cbfc29026
  custom:scripting/monoscript/fileName/RescaleDragPanel.cs:  -> 428e5a10a21f2d3fc3805557487d591e
  custom:scripting/monoscript/fileName/ExtensionsToggleGroup.cs:  -> 93967f93faef61aecdca9232fa42b062
  custom:scripting/monoscript/fileName/ResizePanel.cs:  -> 0a2d1269c62cba913a254b515f8b6020
  custom:scripting/monoscript/fileName/Circle.cs:  -> cfc2369c92dd039be7c3f572f769fdcf
  custom:scripting/monoscript/fileName/ShaderLibrary.cs:  -> 7a09676978959734a6827051c965f749
  custom:scripting/monoscript/fileName/CurvedText.cs:  -> c86aabacdca275700720e919fc8a8b52
  custom:scripting/monoscript/fileName/FancyScrollRectCell.cs:  -> 0cdf409b5aa8d4c25876d72b5c6a3b60
  custom:scripting/monoscript/fileName/Gradient.cs:  -> a4c2a5a25440c543cd82653fda832632
  custom:scripting/monoscript/fileName/ScrollSnapBase.cs:  -> 3682088473625968e7b4647a6b4213f6
  custom:scripting/monoscript/fileName/CUIText.cs:  -> 0be1a405bc9388e4813a74aad6018bec
  custom:scripting/monoscript/fileName/BoundTooltipTrigger.cs:  -> e78e2ee612ba85e075ab794a5cb95e73
  custom:scripting/monoscript/fileName/UIHighlightable.cs:  -> fd305ad78204cb75a66ce809c3f50e6a
  custom:scripting/monoscript/fileName/UIExtensionsInputManager.cs:  -> 6f468ddae971c3bcce0288549c1beabd
  custom:scripting/monoscript/fileName/Gradient2.cs:  -> 9c1fd6257924e43a80b8fccb859d3828
  custom:scripting/monoscript/fileName/CooldownButton.cs:  -> 72bd21b90ac71f29908a36179176f8fc
  custom:scripting/monoscript/fileName/TileSizeFitter.cs:  -> ba6326e335b6f177a627b992c444832c
  custom:scripting/monoscript/fileName/SelectableScaler.cs:  -> 3ebe175d64b38a572f8dbe8fd345f0c3
  custom:scripting/monoscript/fileName/AccordionElementEditor.cs:  -> db5ee9b2cff22578a12a4d141614d665
  custom:scripting/monoscript/fileName/ExtensionsToggle.cs:  -> e0b44aa7e1ff973d74b4857a34a48879
  custom:scripting/monoscript/fileName/ShineEffector.cs:  -> 52ed4eb6c7ed8f674a18d2a4db6eba86
  custom:scripting/monoscript/fileName/ReorderableListElement.cs:  -> 788a31431a1c95dc9a9a52767f8e812f
  custom:scripting/monoscript/fileName/UISelectableExtension.cs:  -> b6766007d8a2236e23d4749da2d8cdd2
  custom:scripting/monoscript/fileName/UISoftAdditiveEffect.cs:  -> 30a825933c907dec19605ff2f58a292f
  custom:scripting/monoscript/fileName/HexColorField.cs:  -> 425eeca1ce4159bc649962b2337061a4
  custom:scripting/monoscript/fileName/ColorPickerControl.cs:  -> 97231f899ae243cc634f34e048c22095
  custom:scripting/monoscript/fileName/ReorderableListDebug.cs:  -> 51cf5a188c464deb681bea16cb795b61
  custom:scripting/monoscript/fileName/TextPic.cs:  -> 9dbd7bc654cbf19eee33ac6fc452bfb1
  custom:scripting/monoscript/fileName/CUIImage.cs:  -> 41f29f650aa507f802cd9793d91f3211
  custom:scripting/monoscript/fileName/DropDownListButton.cs:  -> 71d533f2602e0e099d09a556ef8e4414
  custom:scripting/monoscript/fileName/ScrollSnap.cs:  -> c5ae67ed5cc8c0ab1f7496803acc2648
  custom:scripting/monoscript/fileName/TextPicIconListCopier.cs:  -> a564a2a474c019b98650cff2383ccfca
  custom:scripting/monoscript/fileName/UICornerCut.cs:  -> 69b0dfb485aa2b1afa65fcf30028125b
  custom:scripting/monoscript/fileName/ScrollerEditor.cs:  -> 478519b80ad2bc62d4a4b80ae078e694
  custom:scripting/monoscript/fileName/IBoxSelectable.cs:  -> a5bf39a694cf2b84c65e7bec998d4941
  custom:scripting/monoscript/fileName/TiltWindow.cs:  -> 7c3356d1b5bc9c6e9fe98345b0be7c30
  custom:scripting/monoscript/fileName/ExtensionMethods.cs:  -> 943bd8dac5ce9467ce7deb0856dc6b0a
  custom:scripting/monoscript/fileName/ComboBox.cs:  -> a6ca48dde827ff07a9093f3624d58e62
  custom:scripting/monoscript/fileName/ScrollRectLinker.cs:  -> 0316116e17d192ca2ef7c97539dff50f
  custom:scripting/monoscript/fileName/SVBoxSlider.cs:  -> 1d22c9c16d63e1cf38ad19bbcec9a0da
  custom:scripting/monoscript/fileName/VerticalScrollSnap.cs:  -> a7ebcf1fac8331e70ee01e540cbe484b
  custom:scripting/monoscript/fileName/UILineConnector.cs:  -> ea5f69a32957fe35ae7b512ef3f758ef
  custom:scripting/monoscript/fileName/UIScreenEffect.cs:  -> c36542c529d1f733362556ab22c18bf9
  custom:scripting/monoscript/fileName/SoftMaskScript.cs:  -> 867049fb2647c9983fb1391409f93d30
  custom:scripting/monoscript/fileName/DiamondGraph.cs:  -> a01b647a54847840428a395cc0d6fc16
  custom:scripting/monoscript/fileName/ScrollRectEx.cs:  -> 3f6a881a34055e182fee3ab0baaee0c3
  custom:scripting/monoscript/fileName/UIGridRenderer.cs:  -> 04c0062f4b7cdd6963fdba9ae03d9c72
  custom:scripting/monoscript/fileName/ScrollRectExtensions.cs:  -> c76cb840404ffa9bc24248639e9da4ee
  custom:scripting/monoscript/fileName/FancyGridViewContext.cs:  -> 8738476657d4a33c34bc82bed7ce8bc9
  custom:scripting/monoscript/fileName/MinMaxValues.cs:  -> 4aa11a61e640749f4ea5f947f86be5ba
  custom:scripting/monoscript/fileName/CardExpanding3D.cs:  -> d8b2b9924677ad2b445b05edbed7f0e3
  custom:scripting/monoscript/fileName/MinMaxSliderEditor.cs:  -> e0496a7f76fc8934af2a763a7289ad36
  custom:scripting/monoscript/fileName/StepperSide.cs:  -> 34d9a35c8c2622f327b140f18a7398a7
  custom:scripting/monoscript/fileName/CUIGraphicEditor.cs:  -> a618262d3e77d462c5a0cd2e608e8a53
  custom:scripting/monoscript/fileName/DropDownList.cs:  -> 3d51ab81e9571c9027b59874b2c78567
  custom:scripting/monoscript/fileName/ITweenValue.cs:  -> 1d0eaa4b435fa135e18af6b5fa57e92e
  custom:scripting/monoscript/fileName/CardExpanding2D.cs:  -> e0950b450275cb3936a581f286a6b471
  custom:scripting/monoscript/fileName/ResetSelectableHighlight.cs:  -> 3ea63487fd77e7b22731770a86b4f8b9
  custom:scripting/monoscript/fileName/UIScrollToSelection.cs:  -> d89fc8e36bdc19715e3104a5f857d175
  custom:scripting/monoscript/fileName/IScrollSnap.cs:  -> 80b4110dac6695d630b8e7501d8e5aa8
  custom:scripting/monoscript/fileName/SegmentedControl.cs:  -> 3a6e53207de58cf304ab520e0638e2df
  custom:scripting/monoscript/fileName/ColorSampler.cs:  -> 617678b91f4adc7b3146f51bed3fc4b1
  custom:scripting/monoscript/fileName/TabNavigationHelper.cs:  -> 43f45dc623750048d2fbac24931c8ac8
  custom:scripting/monoscript/fileName/AutoCompleteComboBox.cs:  -> c48c72b954c876521f583da3d4aa48dd
  custom:scripting/monoscript/fileName/TextPicEditor.cs:  -> c23216fe996c314d4c496ad837485981
  custom:scripting/monoscript/fileName/CUIMisc.cs:  -> bc26c7f132f5cd28304cbc88070ca4dc
  custom:scripting/monoscript/fileName/UIAdditiveEffect.cs:  -> 50386f7d7d76f5c5e155dbf56c5e5fdd
  custom:scripting/monoscript/fileName/MonoSpacing.cs:  -> 45ba6bf376dd125375a8906a7d8b8b4b
  custom:scripting/monoscript/fileName/FloatTween.cs:  -> c51b551f6abec506d0db9945f7aa25cc
  custom:scripting/monoscript/fileName/BoxSlider.cs:  -> 662335e935a62641f6cb14e99e25e994
  custom:scripting/monoscript/fileName/BezierLineRendererEditor.cs:  -> 2a50098be424d999e43b888ace13278c
  custom:scripting/monoscript/fileName/NonDrawingGraphic.cs:  -> a309796f6d67e4c1c110ec62b4572b4e
  custom:scripting/monoscript/fileName/ScrollPositionController.cs:  -> 30c392a65a277a4a74b1a6f1a3417601
  custom:scripting/monoscript/fileName/ContentScrollSnapHorizontal.cs:  -> cb0bf043572062ce08b48904f46c98c8
  custom:scripting/monoscript/fileName/Triangulator.cs:  -> 0fd472f1423376cded7e59b247645a25
  custom:scripting/monoscript/fileName/UIImageCrop.cs:  -> 1ec5d1f18ccf3bbe8ea319cda00ecfbc
  custom:scripting/monoscript/fileName/BoxSliderEditor.cs:  -> 9c680a5a338924fb176605eed0f68a75
  custom:scripting/monoscript/fileName/FancyScrollView.cs:  -> c5f9c64ec4b4e183b17919204bc381a9
  custom:scripting/monoscript/fileName/BezierPath.cs:  -> 90cbb6f823f7a03c69c93b3e1653c45e
  custom:scripting/monoscript/fileName/SuperellipsePoints.cs:  -> db2a1c9698f2dea478e1d6bfece554ae
  custom:scripting/monoscript/fileName/UI_Knob.cs:  -> 00244fb2be3e9e1f5ec3a07f175066a9
  custom:scripting/monoscript/fileName/RaycastMask.cs:  -> b13971e6a124c25b886c6703ae2aab24
  custom:scripting/monoscript/fileName/MultiTouchScrollRect.cs:  -> 3a778993ea01435b2502c14ea2b2ff98
  custom:scripting/monoscript/fileName/InputFieldEnterSubmit.cs:  -> cdd5149b8afb8dc59ad57cc53ad8fb3b
  custom:scripting/monoscript/fileName/ExampleSelectable.cs:  -> 8dc7a8cd606154e7d10bb507e235c1f8
  custom:scripting/monoscript/fileName/uGUITools.cs:  -> aa32797d8a9cdcd2167b6be114b0d5ec
  custom:scripting/monoscript/fileName/UILinearDodgeEffect.cs:  -> f5508d2f3f6addba614d4c08275f4546
  custom:scripting/monoscript/fileName/EasingCore.cs:  -> 0bad7e894488e9b67256d892a478aab1
  custom:scripting/monoscript/fileName/Stepper.cs:  -> 3ee1a56034750815f9c567b6c54fbbb8
  custom:scripting/monoscript/fileName/UIPrimitiveBase.cs:  -> 80a945e915822efd5c887ee28f76aa9f
  custom:scripting/monoscript/fileName/LetterSpacing.cs:  -> c4f4c504ac9c0b708c438c8a0faf6a96
  custom:scripting/monoscript/fileName/UISquircle.cs:  -> faaa67841792f2c90a13db82841ac6e3
  custom:scripting/monoscript/fileName/RangeSlider.cs:  -> 026cea0882c5bbc90f7cedc5111cfeb2
  custom:scripting/monoscript/fileName/UIExtensionMethods.cs:  -> 2621bff24acfb4ddb3b264b7553588d8
  custom:scripting/monoscript/fileName/UIVerticalScroller.cs:  -> 3532ae0d4ba5f6e2c310cfec2c655a8c
  custom:scripting/monoscript/fileName/ColorLabel.cs:  -> 9a2d62e5e8f65400e4abc881023f36f7
  custom:scripting/monoscript/fileName/TooltipTrigger.cs:  -> 546a7d73bc42b9e6f1fd03a7e07d7f29
  custom:scripting/monoscript/fileName/UIMultiplyEffect.cs:  -> 29b6f1f4d98d9b61292d829c0030af4b
  custom:scripting/monoscript/fileName/CardPopup2D.cs:  -> ac929914b8675b3ff1238ddb1cc99789
  custom:scripting/monoscript/fileName/ScrollSnapScrollbarHelper.cs:  -> d6b043fd7048156ea2ef4da9da4a0a51
  custom:scripting/monoscript/fileName/HoverTooltip.cs:  -> abdf0400bdf15bb8fdc0bc4d5ecc993f
  custom:scripting/monoscript/fileName/ColorImage.cs:  -> 87dea3e9bf43c94e295d4fa411046c66
  custom:scripting/monoscript/fileName/FancyScrollRectContext.cs:  -> 9e5d4d8665c04a1190a3fc52908244b0
  custom:scripting/monoscript/fileName/TextPicIconEditor.cs:  -> 1f41560011fcb93d03be374d10238c0c
  custom:scripting/monoscript/fileName/UI_InfiniteScroll.cs:  -> f7518bdb5ccbb5518282b9c860eef985
  custom:scripting/monoscript/fileName/UIExtensionsMenuOptions.cs:  -> 25d3bc76bdcc7be45d732e8f064ec6a7
  custom:scripting/monoscript/fileName/UICircle.cs:  -> e40253d6117a9fbea82cc285a7e8a36e
  custom:scripting/monoscript/fileName/ReadOnlyAttribute.cs:  -> 604ae8fbc27d6402b88ac08f1987318f
  custom:scripting/monoscript/fileName/UIScrollToSelectionXY.cs:  -> 8145d21a6ef6f8610242d2ba291595b9
  custom:scripting/monoscript/fileName/CUITextEditor.cs:  -> 966cced0a631446b9484c2fe777a7f5b
  custom:scripting/precompiled-assembly-types:UnityUIExtensions.editor:  -> ecfef0746f09ae7e46aed002fe71371e
  custom:scripting/monoscript/fileName/TweenRunner.cs:  -> 90647cc400823b41df847a6cbfc29026
  custom:scripting/monoscript/fileName/UIHorizontalScroller.cs:  -> 758f016ad67e22eff0f26468f408f006
  custom:scripting/monoscript/fileName/ReturnKeyTriggersButton.cs:  -> 622f27a1a5fce3f8fe14f0fe6c6b39b5
  custom:scripting/monoscript/fileName/FancyGridViewCell.cs:  -> 0cdf409b5aa8d4c25876d72b5c6a3b60
  custom:scripting/monoscript/fileName/Scroller.cs:  -> 94938ad1cd7c20206a0339e3bd7f3330
  custom:scripting/monoscript/fileName/CylinderText.cs:  -> 86c073c10ed890f8e108be86fb350e35
  custom:scripting/monoscript/fileName/ColorPickerPresets.cs:  -> d20309ac183a87fd46c2e0a03ba5bdef
  custom:scripting/monoscript/fileName/RadialSlider.cs:  -> 24542b53b379116a4f98bb53a64e13b8
  custom:scripting/monoscript/fileName/PPIViewer.cs:  -> 5269fbe050022d597b2ceba1b1d4cbae
  custom:scripting/monoscript/fileName/InputFocus.cs:  -> 6a5a3b184038cb5e7dbe4882c96bc91b
  custom:scripting/monoscript/fileName/CUIBezierCurve.cs:  -> 32214df0cb137de9f4967269deffb6f3
  custom:scripting/monoscript/fileName/DropDownListItem.cs:  -> 91c61fd79335f34fb81e114553bf8888
  custom:scripting/monoscript/fileName/UIFlippable.cs:  -> 9c843e180ea4b6afe9c1ba071336e124
  custom:scripting/monoscript/fileName/CanvasGroupActivator.cs:  -> f743e9c6e47b0eb8c0b7b2fbf9f7de19
  custom:scripting/monoscript/fileName/UIWindowBase.cs:  -> 776e605614a77fffd4e0147c8e684e94
  custom:scripting/monoscript/fileName/ScrollPositionControllerEditor.cs:  -> fb86570a90d8d5b779234b7f103e1b51
  custom:scripting/monoscript/fileName/CurvedLayout.cs:  -> 46917779e317aa4a214ea430689de312
  custom:scripting/monoscript/fileName/ScrollConflictManager.cs:  -> 1a474b2432b80a8b7211f13c79bb991c
  custom:scripting/monoscript/fileName/ReadOnlyDrawer.cs:  -> 1c0aa6472b8e40c24f66a5805d818994
  custom:scripting/monoscript/fileName/FancyGridView.cs:  -> 849ed7f5b11c9db237ef61b01c5a5104
  custom:scripting/monoscript/fileName/CableCurve.cs:  -> 1ed0592bfc80d3ca3db7b55e9a6e9d9a
  custom:scripting/monoscript/fileName/PaginationManager.cs:  -> b5c7a38e1c9bde92ca052679632bc9f1
  custom:scripting/monoscript/fileName/UILineTextureRenderer.cs:  -> f3042185c83712ad42b2d6694b56f8d3
  custom:scripting/monoscript/fileName/MenuManager.cs:  -> 8e71de17d45faf11b5ca3e63d3867170
  custom:scripting/monoscript/fileName/ColorPickerPresetsEditor.cs:  -> 57bebb34d006d8305e8cd353ea00f28b
  custom:scripting/monoscript/fileName/UI_MagneticInfiniteScroll.cs:  -> 7f0db092e1c52c826e7ccbefe21fe7ce
  custom:scripting/monoscript/fileName/ToolTip.cs:  -> 2f05f936126a769ca9a98ef6920928a7
  custom:scripting/monoscript/fileName/TextPicRenameEditor.cs:  -> b67a1588d964fe3ac177da9872e96689
  custom:scripting/monoscript/fileName/TestCompression.cs:  -> 2a18178f72c1b3979b9006483863f20e
  custom:scripting/monoscript/fileName/IFancyScrollRectContext.cs:  -> 9c4dee0aef526d67eb0a668a1c9b910a
  custom:scripting/monoscript/fileName/ColorChangedEvent.cs:  -> bafb161b451089e6c72bcae877e0ba66
  custom:scripting/monoscript/fileName/NonDrawingGraphicEditor.cs:  -> 1e7abd1e1a4d3da38de70c6d38c19118
  custom:scripting/monoscript/fileName/HSVChangedEvent.cs:  -> 8a0d7f505f4db7e267a03264293f54eb
  custom:scripting/monoscript/fileName/CUIImageEditor.cs:  -> 0be5a4365a8d65680f88c4d192e5254c
  custom:scripting/monoscript/fileName/HorizontalScrollSnap.cs:  -> 624447835d67a70d90ed2b7f69117316
  custom:scripting/monoscript/fileName/UI_TweenScale.cs:  -> 50a18c41daf615d82dc37ef0e9dcea31
  custom:scripting/monoscript/fileName/BoundTooltipItem.cs:  -> 12dc26af634677e40fd7840809357e6c
  custom:scripting/monoscript/fileName/AccordionElement.cs:  -> 69f1a7e537099cc57de9b6eaa86cef32
  custom:scripting/monoscript/fileName/UI_ScrollRectOcclusion.cs:  -> 491f1c2592ac821eb8de9e533fddd4a9
  custom:scripting/monoscript/fileName/CUIBezierCurveEditor.cs:  -> be4462c6de2387d5f99ef9d0e93b91ee
  custom:scripting/monoscript/fileName/ColorSliderImage.cs:  -> bbcbfbf23dc2f9fc5450db8f36b24487
  custom:scripting/monoscript/fileName/Accordion.cs:  -> c31898dc7ffd6f7b32be5689419229bc
  custom:scripting/monoscript/fileName/FancyCell.cs:  -> 0cdf409b5aa8d4c25876d72b5c6a3b60
  custom:scripting/monoscript/fileName/ShineEffect.cs:  -> 61d233269c4ea687efa548adef5d6e13
  custom:scripting/monoscript/fileName/ScrollRectTweener.cs:  -> 3437a8fb18bed84a45865e36e83e332f
  custom:scripting/monoscript/fileName/MeshCreator.cs:  -> a2506ad04bac2e5a6d6d50e0d7978d92
  custom:scripting/monoscript/fileName/UIPolygon.cs:  -> ef7b3e02606f58c56a27e65db10bc7f3
  custom:scripting/monoscript/fileName/switchToRectTransform.cs:  -> 0ef297259b7f2ab26defc1d718ad1e0a
  custom:scripting/monoscript/fileName/UILineRendererList.cs:  -> efbf4ff76c31aa3e4f61c8b26734d929
  custom:scripting/monoscript/fileName/CLZF2.cs:  -> 40ef7bf6191a1a5e5b0f37e092e1b271
  custom:scripting/monoscript/fileName/SimpleMenu.cs:  -> 90647cc400823b41df847a6cbfc29026
  custom:scripting/monoscript/fileName/RescalePanel.cs:  -> a379a55181438e3b7a29019da8a3c82c
  custom:scripting/monoscript/fileName/DragCorrector.cs:  -> 89ab4a0369eecb75be2277a80a08c1e7
  custom:scripting/monoscript/fileName/RangeSliderEditor.cs:  -> 1c09cdb4e75bc10f834bbae9a7b54e1e
  custom:scripting/monoscript/fileName/FancyScrollRect.cs:  -> 0cdf409b5aa8d4c25876d72b5c6a3b60
  custom:scripting/monoscript/fileName/ReorderableList.cs:  -> 944c8e214787d07461c711b29546f976
  custom:scripting/monoscript/fileName/RadialLayout.cs:  -> 170f31c5fdb54a9fe7ba926effdfd7d4
  custom:scripting/monoscript/fileName/IFancyGridViewContext.cs:  -> be7addf49e5950ebb654fec55c2afa8b
  custom:scripting/monoscript/fileName/ColorSlider.cs:  -> a91d06b853e0bf2d5df3ea61a67d5c83
  custom:scripting/precompiled-assembly-types:UnityUIExtensions:  -> f6f14945a54226ed2db99d8ba23385cf
  custom:scripting/monoscript/fileName/CUIGraphic.cs:  -> 4f47fad340418bff51fe6171e2259e7f
  custom:scripting/monoscript/fileName/IFancyCellGroupContext.cs:  -> 323b5f49cc2011b3d2d9088e528ed161
  custom:scripting/monoscript/fileName/MinMaxSlider.cs:  -> e7d98a511e8b98df33f72f37935821e5
  custom:scripting/monoscript/fileName/ColorPickerTester.cs:  -> 63b6c03c009a94721b9d41c8d5e5e6ed
========================================================================
Received Import Request.
  Time since last request: 117718.284503 seconds.
  path: Assets/Synty/PolygonSciFiWorlds/Materials/Alts/PolygonScifiWorlds_Mat_01_A.mat
  artifactKey: Guid(04e71246c75bcad4bb526ab1430652ce) Importer(815301076,1909f56bfc062723c751e8b465ee728b)
Start importing Assets/Synty/PolygonSciFiWorlds/Materials/Alts/PolygonScifiWorlds_Mat_01_A.mat using Guid(04e71246c75bcad4bb526ab1430652ce) Importer(815301076,1909f56bfc062723c751e8b465ee728b) [PhysX] Initialized MultithreadedTaskDispatcher with 16 workers.
[PhysX] Initialized MultithreadedTaskDispatcher with 16 workers.
 -> (artifact id: '9d9e2ef9cf12b41c34f1a051b1ac74b9') in 0.239541 seconds
Number of updated asset objects reloaded before import = 0
Number of asset objects unloaded after import = 4
========================================================================
Received Import Request.
  Time since last request: 0.000084 seconds.
  path: Assets/Synty/PolygonSciFiWorlds/Materials/Alts/PolygonScifiWorlds_Mat_02_A.mat
  artifactKey: Guid(a513f125a1a39d94ab8670fd0646eba0) Importer(815301076,1909f56bfc062723c751e8b465ee728b)
Start importing Assets/Synty/PolygonSciFiWorlds/Materials/Alts/PolygonScifiWorlds_Mat_02_A.mat using Guid(a513f125a1a39d94ab8670fd0646eba0) Importer(815301076,1909f56bfc062723c751e8b465ee728b) [PhysX] Initialized MultithreadedTaskDispatcher with 16 workers.
[PhysX] Initialized MultithreadedTaskDispatcher with 16 workers.
 -> (artifact id: '4b9792553fb8d49235dec9127f3e69b5') in 0.070810 seconds
Number of updated asset objects reloaded before import = 0
Number of asset objects unloaded after import = 4
========================================================================
Received Import Request.
  Time since last request: 0.000038 seconds.
  path: Assets/Synty/PolygonSciFiWorlds/Materials/Alts/PolygonScifiWorlds_Mat_04_B.mat
  artifactKey: Guid(790eff77ed84cfd49bc3ba124a1e6b6d) Importer(815301076,1909f56bfc062723c751e8b465ee728b)
Start importing Assets/Synty/PolygonSciFiWorlds/Materials/Alts/PolygonScifiWorlds_Mat_04_B.mat using Guid(790eff77ed84cfd49bc3ba124a1e6b6d) Importer(815301076,1909f56bfc062723c751e8b465ee728b) [PhysX] Initialized MultithreadedTaskDispatcher with 16 workers.
[PhysX] Initialized MultithreadedTaskDispatcher with 16 workers.
 -> (artifact id: '8203bf5057f243c26774d37db0c6f907') in 0.046510 seconds
Number of updated asset objects reloaded before import = 0
Number of asset objects unloaded after import = 4
========================================================================
Received Import Request.
  Time since last request: 1.130498 seconds.
  path: Assets/Synty/PolygonSciFiWorlds/Textures/Misc/Hair_Mask.png
  artifactKey: Guid(2be28d1396e389247a1f73fc6f3bbb8e) Importer(815301076,1909f56bfc062723c751e8b465ee728b)
Start importing Assets/Synty/PolygonSciFiWorlds/Textures/Misc/Hair_Mask.png using Guid(2be28d1396e389247a1f73fc6f3bbb8e) Importer(815301076,1909f56bfc062723c751e8b465ee728b) [PhysX] Initialized MultithreadedTaskDispatcher with 16 workers.
[PhysX] Initialized MultithreadedTaskDispatcher with 16 workers.
 -> (artifact id: '79638577b10870138b91724330ff58e3') in 0.028835 seconds
Number of updated asset objects reloaded before import = 0
Number of asset objects unloaded after import = 2
========================================================================
Received Import Request.
  Time since last request: 0.000019 seconds.
  path: Assets/Synty/PolygonSciFiWorlds/Shaders/Masks/skin_Mask.png
  artifactKey: Guid(485dd52fb681701489fc06c092d4ff7e) Importer(815301076,1909f56bfc062723c751e8b465ee728b)
Start importing Assets/Synty/PolygonSciFiWorlds/Shaders/Masks/skin_Mask.png using Guid(485dd52fb681701489fc06c092d4ff7e) Importer(815301076,1909f56bfc062723c751e8b465ee728b) [PhysX] Initialized MultithreadedTaskDispatcher with 16 workers.
[PhysX] Initialized MultithreadedTaskDispatcher with 16 workers.
 -> (artifact id: '343053792eda33e0e437a856706287dd') in 0.015903 seconds
Number of updated asset objects reloaded before import = 0
Number of asset objects unloaded after import = 2
========================================================================
Received Import Request.
  Time since last request: 32.601440 seconds.
  path: Assets/Synty/PolygonSciFiWorlds/Models/BR_Tail.fbx
  artifactKey: Guid(7055fb297ab38fa43b043883120a22d3) Importer(815301076,1909f56bfc062723c751e8b465ee728b)
Start importing Assets/Synty/PolygonSciFiWorlds/Models/BR_Tail.fbx using Guid(7055fb297ab38fa43b043883120a22d3) Importer(815301076,1909f56bfc062723c751e8b465ee728b) [PhysX] Initialized MultithreadedTaskDispatcher with 16 workers.
[PhysX] Initialized MultithreadedTaskDispatcher with 16 workers.
[PhysX] Initialized MultithreadedTaskDispatcher with 16 workers.
[PhysX] Initialized MultithreadedTaskDispatcher with 16 workers.
 -> (artifact id: 'ff1e5884a30269303175e329466706b8') in 0.078256 seconds
Number of updated asset objects reloaded before import = 0
Number of asset objects unloaded after import = 23
========================================================================
Received Import Request.
  Time since last request: 0.000021 seconds.
  path: Assets/Synty/PolygonSciFiWorlds/Models/SM_Bld_Corp_Wall_01.fbx
  artifactKey: Guid(e8f46b0978bd30749abef6889ab5b9a0) Importer(815301076,1909f56bfc062723c751e8b465ee728b)
Start importing Assets/Synty/PolygonSciFiWorlds/Models/SM_Bld_Corp_Wall_01.fbx using Guid(e8f46b0978bd30749abef6889ab5b9a0) Importer(815301076,1909f56bfc062723c751e8b465ee728b) [PhysX] Initialized MultithreadedTaskDispatcher with 16 workers.
[PhysX] Initialized MultithreadedTaskDispatcher with 16 workers.
[PhysX] Initialized MultithreadedTaskDispatcher with 16 workers.
 -> (artifact id: '1ffa2bb04e5073f711268476700ec10f') in 0.017571 seconds
Number of updated asset objects reloaded before import = 0
Number of asset objects unloaded after import = 7
========================================================================
Received Import Request.
  Time since last request: 0.000016 seconds.
  path: Assets/Synty/PolygonSciFiWorlds/Models/SM_Bld_Core_Vent_01.fbx
  artifactKey: Guid(e0b399d34ef4d56449c5e44fd0fe8aa0) Importer(815301076,1909f56bfc062723c751e8b465ee728b)
Start importing Assets/Synty/PolygonSciFiWorlds/Models/SM_Bld_Core_Vent_01.fbx using Guid(e0b399d34ef4d56449c5e44fd0fe8aa0) Importer(815301076,1909f56bfc062723c751e8b465ee728b) [PhysX] Initialized MultithreadedTaskDispatcher with 16 workers.
[PhysX] Initialized MultithreadedTaskDispatcher with 16 workers.
[PhysX] Initialized MultithreadedTaskDispatcher with 16 workers.
 -> (artifact id: 'f9d4741614566f7848f8195d34f86b67') in 0.021729 seconds
Number of updated asset objects reloaded before import = 0
Number of asset objects unloaded after import = 7
========================================================================
Received Import Request.
  Time since last request: 0.000015 seconds.
  path: Assets/Synty/PolygonSciFiWorlds/Models/SM_Bld_Corp_LandingPad_01.fbx
  artifactKey: Guid(f9fa8d8ff6aaacd4b8821f25aad8ac50) Importer(815301076,1909f56bfc062723c751e8b465ee728b)
Start importing Assets/Synty/PolygonSciFiWorlds/Models/SM_Bld_Corp_LandingPad_01.fbx using Guid(f9fa8d8ff6aaacd4b8821f25aad8ac50) Importer(815301076,1909f56bfc062723c751e8b465ee728b) [PhysX] Initialized MultithreadedTaskDispatcher with 16 workers.
[PhysX] Initialized MultithreadedTaskDispatcher with 16 workers.
[PhysX] Initialized MultithreadedTaskDispatcher with 16 workers.
[PhysX] Initialized MultithreadedTaskDispatcher with 16 workers.
[PhysX] Initialized MultithreadedTaskDispatcher with 16 workers.
 -> (artifact id: 'e86c54da900eec3e0954cf20486d5503') in 0.022470 seconds
Number of updated asset objects reloaded before import = 0
Number of asset objects unloaded after import = 12
========================================================================
Received Import Request.
  Time since last request: 0.000022 seconds.
  path: Assets/Synty/PolygonSciFiWorlds/Models/SM_Bld_Crate_Building_Pillar_01.fbx
  artifactKey: Guid(a10673b55c9ba4d479cd4d7f41f90378) Importer(815301076,1909f56bfc062723c751e8b465ee728b)
Start importing Assets/Synty/PolygonSciFiWorlds/Models/SM_Bld_Crate_Building_Pillar_01.fbx using Guid(a10673b55c9ba4d479cd4d7f41f90378) Importer(815301076,1909f56bfc062723c751e8b465ee728b) [PhysX] Initialized MultithreadedTaskDispatcher with 16 workers.
[PhysX] Initialized MultithreadedTaskDispatcher with 16 workers.
[PhysX] Initialized MultithreadedTaskDispatcher with 16 workers.
 -> (artifact id: 'a0c37c3d71432f99b25304242e0227c0') in 0.014805 seconds
Number of updated asset objects reloaded before import = 0
Number of asset objects unloaded after import = 7
========================================================================
Received Import Request.
  Time since last request: 0.000024 seconds.
  path: Assets/Synty/PolygonSciFiWorlds/Models/SM_Bld_Corp_Platform_01.fbx
  artifactKey: Guid(3ea79825a1c74ed4584dca43d02c5ad0) Importer(815301076,1909f56bfc062723c751e8b465ee728b)
Start importing Assets/Synty/PolygonSciFiWorlds/Models/SM_Bld_Corp_Platform_01.fbx using Guid(3ea79825a1c74ed4584dca43d02c5ad0) Importer(815301076,1909f56bfc062723c751e8b465ee728b) [PhysX] Initialized MultithreadedTaskDispatcher with 16 workers.
[PhysX] Initialized MultithreadedTaskDispatcher with 16 workers.
[PhysX] Initialized MultithreadedTaskDispatcher with 16 workers.
[PhysX] Initialized MultithreadedTaskDispatcher with 16 workers.
[PhysX] Initialized MultithreadedTaskDispatcher with 16 workers.
[PhysX] Initialized MultithreadedTaskDispatcher with 16 workers.
[PhysX] Initialized MultithreadedTaskDispatcher with 16 workers.
[PhysX] Initialized MultithreadedTaskDispatcher with 16 workers.
[PhysX] Initialized MultithreadedTaskDispatcher with 16 workers.
[PhysX] Initialized MultithreadedTaskDispatcher with 16 workers.
[PhysX] Initialized MultithreadedTaskDispatcher with 16 workers.
[PhysX] Initialized MultithreadedTaskDispatcher with 16 workers.
[PhysX] Initialized MultithreadedTaskDispatcher with 16 workers.
[PhysX] Initialized MultithreadedTaskDispatcher with 16 workers.
[PhysX] Initialized MultithreadedTaskDispatcher with 16 workers.
[PhysX] Initialized MultithreadedTaskDispatcher with 16 workers.
[PhysX] Initialized MultithreadedTaskDispatcher with 16 workers.
[PhysX] Initialized MultithreadedTaskDispatcher with 16 workers.
[PhysX] Initialized MultithreadedTaskDispatcher with 16 workers.
 -> (artifact id: '2b58539b1fbb004a9c44b19002530665') in 0.061608 seconds
Number of updated asset objects reloaded before import = 0
Number of asset objects unloaded after import = 47
========================================================================
Received Import Request.
  Time since last request: 0.000020 seconds.
  path: Assets/Synty/PolygonSciFiWorlds/Models/SM_Bld_Corp_LandingPad_02.fbx
  artifactKey: Guid(3910fda9fc155c04e92e0f7e4652b192) Importer(815301076,1909f56bfc062723c751e8b465ee728b)
Start importing Assets/Synty/PolygonSciFiWorlds/Models/SM_Bld_Corp_LandingPad_02.fbx using Guid(3910fda9fc155c04e92e0f7e4652b192) Importer(815301076,1909f56bfc062723c751e8b465ee728b) [PhysX] Initialized MultithreadedTaskDispatcher with 16 workers.
[PhysX] Initialized MultithreadedTaskDispatcher with 16 workers.
[PhysX] Initialized MultithreadedTaskDispatcher with 16 workers.
 -> (artifact id: 'ed3100ae58385a3c5c19f474c831b4e7') in 0.016799 seconds
Number of updated asset objects reloaded before import = 0
Number of asset objects unloaded after import = 7
========================================================================
Received Import Request.
  Time since last request: 0.000023 seconds.
  path: Assets/Synty/PolygonSciFiWorlds/Models/SM_Bld_Bridge_Rail_01.fbx
  artifactKey: Guid(f3635f867f872174d9577b895775ed73) Importer(815301076,1909f56bfc062723c751e8b465ee728b)
Start importing Assets/Synty/PolygonSciFiWorlds/Models/SM_Bld_Bridge_Rail_01.fbx using Guid(f3635f867f872174d9577b895775ed73) Importer(815301076,1909f56bfc062723c751e8b465ee728b) [PhysX] Initialized MultithreadedTaskDispatcher with 16 workers.
[PhysX] Initialized MultithreadedTaskDispatcher with 16 workers.
[PhysX] Initialized MultithreadedTaskDispatcher with 16 workers.
 -> (artifact id: '29019ab3b796d66216198af9a4185b09') in 0.016316 seconds
Number of updated asset objects reloaded before import = 0
Number of asset objects unloaded after import = 7
========================================================================
Received Import Request.
  Time since last request: 0.000016 seconds.
  path: Assets/Synty/PolygonSciFiWorlds/Models/SM_Bld_Door_Double_01.fbx
  artifactKey: Guid(a66c6baecf09b154d9e3177a95909e0e) Importer(815301076,1909f56bfc062723c751e8b465ee728b)
Start importing Assets/Synty/PolygonSciFiWorlds/Models/SM_Bld_Door_Double_01.fbx using Guid(a66c6baecf09b154d9e3177a95909e0e) Importer(815301076,1909f56bfc062723c751e8b465ee728b) [PhysX] Initialized MultithreadedTaskDispatcher with 16 workers.
[PhysX] Initialized MultithreadedTaskDispatcher with 16 workers.
[PhysX] Initialized MultithreadedTaskDispatcher with 16 workers.
[PhysX] Initialized MultithreadedTaskDispatcher with 16 workers.
[PhysX] Initialized MultithreadedTaskDispatcher with 16 workers.
[PhysX] Initialized MultithreadedTaskDispatcher with 16 workers.
[PhysX] Initialized MultithreadedTaskDispatcher with 16 workers.
[PhysX] Initialized MultithreadedTaskDispatcher with 16 workers.
[PhysX] Initialized MultithreadedTaskDispatcher with 16 workers.
 -> (artifact id: 'abc3b20691418c9b38dbd0a6e723cd41') in 0.036270 seconds
Number of updated asset objects reloaded before import = 0
Number of asset objects unloaded after import = 22
========================================================================
Received Import Request.
  Time since last request: 0.000016 seconds.
  path: Assets/Synty/PolygonSciFiWorlds/Models/SM_Bld_Column_02.fbx
  artifactKey: Guid(6ea7d3ee47f0b614299650ac542c2b88) Importer(815301076,1909f56bfc062723c751e8b465ee728b)
Start importing Assets/Synty/PolygonSciFiWorlds/Models/SM_Bld_Column_02.fbx using Guid(6ea7d3ee47f0b614299650ac542c2b88) Importer(815301076,1909f56bfc062723c751e8b465ee728b) [PhysX] Initialized MultithreadedTaskDispatcher with 16 workers.
[PhysX] Initialized MultithreadedTaskDispatcher with 16 workers.
[PhysX] Initialized MultithreadedTaskDispatcher with 16 workers.
 -> (artifact id: '07de3f88d81e7994af2038276ce767f3') in 0.014632 seconds
Number of updated asset objects reloaded before import = 0
Number of asset objects unloaded after import = 7
========================================================================
Received Import Request.
  Time since last request: 0.000021 seconds.
  path: Assets/Synty/PolygonSciFiWorlds/Models/SM_Bld_Corp_Containment_02.fbx
  artifactKey: Guid(d8615d27f2e502d46b8a435e6592e480) Importer(815301076,1909f56bfc062723c751e8b465ee728b)
Start importing Assets/Synty/PolygonSciFiWorlds/Models/SM_Bld_Corp_Containment_02.fbx using Guid(d8615d27f2e502d46b8a435e6592e480) Importer(815301076,1909f56bfc062723c751e8b465ee728b) [PhysX] Initialized MultithreadedTaskDispatcher with 16 workers.
[PhysX] Initialized MultithreadedTaskDispatcher with 16 workers.
[PhysX] Initialized MultithreadedTaskDispatcher with 16 workers.
[PhysX] Initialized MultithreadedTaskDispatcher with 16 workers.
[PhysX] Initialized MultithreadedTaskDispatcher with 16 workers.
[PhysX] Initialized MultithreadedTaskDispatcher with 16 workers.
 -> (artifact id: '93c0615a2f75225010437e39353bd5a6') in 0.026800 seconds
Number of updated asset objects reloaded before import = 0
Number of asset objects unloaded after import = 17
========================================================================
Received Import Request.
  Time since last request: 0.000017 seconds.
  path: Assets/Synty/PolygonSciFiWorlds/Models/SM_Bld_Corp_Wall_Tower_01.fbx
  artifactKey: Guid(8e6e841629ba3b14cae8d4c050b47e43) Importer(815301076,1909f56bfc062723c751e8b465ee728b)
Start importing Assets/Synty/PolygonSciFiWorlds/Models/SM_Bld_Corp_Wall_Tower_01.fbx using Guid(8e6e841629ba3b14cae8d4c050b47e43) Importer(815301076,1909f56bfc062723c751e8b465ee728b) [PhysX] Initialized MultithreadedTaskDispatcher with 16 workers.
[PhysX] Initialized MultithreadedTaskDispatcher with 16 workers.
[PhysX] Initialized MultithreadedTaskDispatcher with 16 workers.
[PhysX] Initialized MultithreadedTaskDispatcher with 16 workers.
[PhysX] Initialized MultithreadedTaskDispatcher with 16 workers.
[PhysX] Initialized MultithreadedTaskDispatcher with 16 workers.
[PhysX] Initialized MultithreadedTaskDispatcher with 16 workers.
[PhysX] Initialized MultithreadedTaskDispatcher with 16 workers.
 -> (artifact id: '4151214a136944014afbf246893f55f5') in 0.034182 seconds
Number of updated asset objects reloaded before import = 0
Number of asset objects unloaded after import = 22
========================================================================
Received Import Request.
  Time since last request: 0.000016 seconds.
  path: Assets/Synty/PolygonSciFiWorlds/Models/SM_Bld_Column_01.fbx
  artifactKey: Guid(67d269e9e4357d0429f9a790c70bae3f) Importer(815301076,1909f56bfc062723c751e8b465ee728b)
Start importing Assets/Synty/PolygonSciFiWorlds/Models/SM_Bld_Column_01.fbx using Guid(67d269e9e4357d0429f9a790c70bae3f) Importer(815301076,1909f56bfc062723c751e8b465ee728b) [PhysX] Initialized MultithreadedTaskDispatcher with 16 workers.
[PhysX] Initialized MultithreadedTaskDispatcher with 16 workers.
[PhysX] Initialized MultithreadedTaskDispatcher with 16 workers.
 -> (artifact id: 'ab050b69395471dddfda050b5ca0c277') in 0.016655 seconds
Number of updated asset objects reloaded before import = 0
Number of asset objects unloaded after import = 7
========================================================================
Received Import Request.
  Time since last request: 0.000019 seconds.
  path: Assets/Synty/PolygonSciFiWorlds/Models/SM_Bld_Corp_Control_Tower_01.fbx
  artifactKey: Guid(50e82a10df86f394fbf3884e53ab79ca) Importer(815301076,1909f56bfc062723c751e8b465ee728b)
Start importing Assets/Synty/PolygonSciFiWorlds/Models/SM_Bld_Corp_Control_Tower_01.fbx using Guid(50e82a10df86f394fbf3884e53ab79ca) Importer(815301076,1909f56bfc062723c751e8b465ee728b) [PhysX] Initialized MultithreadedTaskDispatcher with 16 workers.
[PhysX] Initialized MultithreadedTaskDispatcher with 16 workers.
[PhysX] Initialized MultithreadedTaskDispatcher with 16 workers.
[PhysX] Initialized MultithreadedTaskDispatcher with 16 workers.
[PhysX] Initialized MultithreadedTaskDispatcher with 16 workers.
 -> (artifact id: '45f164942636b175c90355853dce4deb') in 0.023615 seconds
Number of updated asset objects reloaded before import = 0
Number of asset objects unloaded after import = 12
========================================================================
Received Import Request.
  Time since last request: 0.000021 seconds.
  path: Assets/Synty/PolygonSciFiWorlds/Models/SM_Bld_Billboard_08.fbx
  artifactKey: Guid(6f4b1cb16824ae24892a95f42ef0b165) Importer(815301076,1909f56bfc062723c751e8b465ee728b)
Start importing Assets/Synty/PolygonSciFiWorlds/Models/SM_Bld_Billboard_08.fbx using Guid(6f4b1cb16824ae24892a95f42ef0b165) Importer(815301076,1909f56bfc062723c751e8b465ee728b) [PhysX] Initialized MultithreadedTaskDispatcher with 16 workers.
[PhysX] Initialized MultithreadedTaskDispatcher with 16 workers.
[PhysX] Initialized MultithreadedTaskDispatcher with 16 workers.
[PhysX] Initialized MultithreadedTaskDispatcher with 16 workers.
[PhysX] Initialized MultithreadedTaskDispatcher with 16 workers.
 -> (artifact id: 'e71773f53087fc23c191d6514c053299') in 0.026667 seconds
Number of updated asset objects reloaded before import = 0
Number of asset objects unloaded after import = 12
========================================================================
Received Import Request.
  Time since last request: 0.000015 seconds.
  path: Assets/Synty/PolygonSciFiWorlds/Models/SM_Bld_Core_Observation_Greeble_Pipe_01.fbx
  artifactKey: Guid(ed109151364cdc6458351d37f23fceb5) Importer(815301076,1909f56bfc062723c751e8b465ee728b)
Start importing Assets/Synty/PolygonSciFiWorlds/Models/SM_Bld_Core_Observation_Greeble_Pipe_01.fbx using Guid(ed109151364cdc6458351d37f23fceb5) Importer(815301076,1909f56bfc062723c751e8b465ee728b) [PhysX] Initialized MultithreadedTaskDispatcher with 16 workers.
[PhysX] Initialized MultithreadedTaskDispatcher with 16 workers.
[PhysX] Initialized MultithreadedTaskDispatcher with 16 workers.
 -> (artifact id: 'ddcd14b3f0a92bc0664ed9083bef0a04') in 0.015246 seconds
Number of updated asset objects reloaded before import = 0
Number of asset objects unloaded after import = 7
Editor requested this worker to shutdown with reason: Scaling down because of idle timeout
TcpMessagingSession - receive error: operation aborted. errorcode: 995, details: The I/O operation has been aborted because of either a thread exit or an application request.
AssetImportWorker is now disconnected from the server
Process exiting
Exiting without the bug reporter. Application will terminate with return code 0