Using pre-set license
Built from '2022.3/staging' branch; Version is '2022.3.56f1 (dd0c98481d00) revision 14486680'; Using compiler version '192829333'; Build Type 'Release'
OS: 'Windows 11  (10.0.26100) 64bit Core' Language: 'en' Physical Memory: 49077 MB
BatchMode: 1, IsHumanControllingUs: 0, StartBugReporterOnCrash: 0, Is64bit: 1, IsPro: 1

COMMAND LINE ARGUMENTS:
C:\Program Files\Unity\Hub\Editor\2022.3.56f1\Editor\Unity.exe
-adb2
-batchMode
-noUpm
-name
AssetImportWorker19
-projectPath
C:/Users/Packm/OneDrive/Documents/GitHub/BubbleDive
-logFile
Logs/AssetImportWorker19.log
-srvPort
55007
Successfully changed project path to: C:/Users/Packm/OneDrive/Documents/GitHub/BubbleDive
C:/Users/Packm/OneDrive/Documents/GitHub/BubbleDive
[UnityMemory] Configuration Parameters - Can be set up in boot.config
    "memorysetup-bucket-allocator-granularity=16"
    "memorysetup-bucket-allocator-bucket-count=8"
    "memorysetup-bucket-allocator-block-size=33554432"
    "memorysetup-bucket-allocator-block-count=8"
    "memorysetup-main-allocator-block-size=16777216"
    "memorysetup-thread-allocator-block-size=16777216"
    "memorysetup-gfx-main-allocator-block-size=16777216"
    "memorysetup-gfx-thread-allocator-block-size=16777216"
    "memorysetup-cache-allocator-block-size=4194304"
    "memorysetup-typetree-allocator-block-size=2097152"
    "memorysetup-profiler-bucket-allocator-granularity=16"
    "memorysetup-profiler-bucket-allocator-bucket-count=8"
    "memorysetup-profiler-bucket-allocator-block-size=33554432"
    "memorysetup-profiler-bucket-allocator-block-count=8"
    "memorysetup-profiler-allocator-block-size=16777216"
    "memorysetup-profiler-editor-allocator-block-size=1048576"
    "memorysetup-temp-allocator-size-main=16777216"
    "memorysetup-job-temp-allocator-block-size=2097152"
    "memorysetup-job-temp-allocator-block-size-background=1048576"
    "memorysetup-job-temp-allocator-reduction-small-platforms=262144"
    "memorysetup-allocator-temp-initial-block-size-main=262144"
    "memorysetup-allocator-temp-initial-block-size-worker=262144"
    "memorysetup-temp-allocator-size-background-worker=32768"
    "memorysetup-temp-allocator-size-job-worker=262144"
    "memorysetup-temp-allocator-size-preload-manager=33554432"
    "memorysetup-temp-allocator-size-nav-mesh-worker=65536"
    "memorysetup-temp-allocator-size-audio-worker=65536"
    "memorysetup-temp-allocator-size-cloud-worker=32768"
    "memorysetup-temp-allocator-size-gi-baking-worker=262144"
    "memorysetup-temp-allocator-size-gfx=262144"
Player connection [42512]  Target information:

Player connection [42512]  * "[IP] 10.5.0.2 [Port] 0 [Flags] 2 [Guid] 571004376 [EditorId] 571004376 [Version] 1048832 [Id] WindowsEditor(7,DESKTOP-I9S18RH) [Debug] 1 [PackageName] WindowsEditor [ProjectName] Editor" 

Player connection [42512]  * "[IP] 192.168.1.242 [Port] 0 [Flags] 2 [Guid] 571004376 [EditorId] 571004376 [Version] 1048832 [Id] WindowsEditor(7,DESKTOP-I9S18RH) [Debug] 1 [PackageName] WindowsEditor [ProjectName] Editor" 

Player connection [42512] Host joined multi-casting on [225.0.0.222:54997]...
Player connection [42512] Host joined alternative multi-casting on [225.0.0.222:34997]...
Input System module state changed to: Initialized.
[PhysX] Initialized MultithreadedTaskDispatcher with 16 workers.
Refreshing native plugins compatible for Editor in 19.88 ms, found 5 plugins.
Preloading 0 native plugins for Editor in 0.00 ms.
Initialize engine version: 2022.3.56f1 (dd0c98481d00)
[Subsystems] Discovering subsystems at path C:/Program Files/Unity/Hub/Editor/2022.3.56f1/Editor/Data/Resources/UnitySubsystems
[Subsystems] Discovering subsystems at path C:/Users/Packm/OneDrive/Documents/GitHub/BubbleDive/Assets
GfxDevice: creating device client; threaded=0; jobified=0
Direct3D:
    Version:  Direct3D 11.0 [level 11.1]
    Renderer: NVIDIA GeForce RTX 4070 SUPER (ID=0x2783)
    Vendor:   NVIDIA
    VRAM:     11999 MB
    Driver:   32.0.15.6614
Shader 'SyntyStudios/SkyboxUnlit': fallback shader 'wiiu' not found
Shader 'SyntyStudios/TriplanarBasic': fallback shader 'wiiu' not found
Shader 'SyntyStudios/CloudShader': fallback shader 'wiiu' not found
Shader 'SyntyStudios/CloudShaderNoFog': fallback shader 'wiiu' not found
Shader 'SyntyStudios/Basic_LOD_Shader': fallback shader 'wiiu' not found
Shader 'SyntyStudios/SkyboxUnlitNoFog': fallback shader 'wiiu' not found
Shader 'SyntyStudios/EnvTriplanar': fallback shader 'wiiu' not found
Initialize mono
Mono path[0] = 'C:/Program Files/Unity/Hub/Editor/2022.3.56f1/Editor/Data/Managed'
Mono path[1] = 'C:/Program Files/Unity/Hub/Editor/2022.3.56f1/Editor/Data/MonoBleedingEdge/lib/mono/unityjit-win32'
Mono config path = 'C:/Program Files/Unity/Hub/Editor/2022.3.56f1/Editor/Data/MonoBleedingEdge/etc'
Using monoOptions --debugger-agent=transport=dt_socket,embedding=1,server=y,suspend=n,address=127.0.0.1:56876
Begin MonoManager ReloadAssembly
Registering precompiled unity dll's ...
Register platform support module: C:/Program Files/Unity/Hub/Editor/2022.3.56f1/Editor/Data/PlaybackEngines/WindowsStandaloneSupport/UnityEditor.WindowsStandalone.Extensions.dll
Registered in 0.008585 seconds.
- Loaded All Assemblies, in  0.381 seconds
Native extension for WindowsStandalone target not found
Mono: successfully reloaded assembly
- Finished resetting the current domain, in  0.303 seconds
Domain Reload Profiling: 682ms
	BeginReloadAssembly (124ms)
		ExecutionOrderSort (0ms)
		DisableScriptedObjects (0ms)
		BackupInstance (0ms)
		ReleaseScriptingObjects (0ms)
		CreateAndSetChildDomain (1ms)
	RebuildCommonClasses (36ms)
	RebuildNativeTypeToScriptingClass (8ms)
	initialDomainReloadingComplete (63ms)
	LoadAllAssembliesAndSetupDomain (147ms)
		LoadAssemblies (120ms)
		RebuildTransferFunctionScriptingTraits (0ms)
		AnalyzeDomain (145ms)
			TypeCache.Refresh (144ms)
				TypeCache.ScanAssembly (132ms)
			ScanForSourceGeneratedMonoScriptInfo (0ms)
			ResolveRequiredComponents (1ms)
	FinalizeReload (304ms)
		ReleaseScriptCaches (0ms)
		RebuildScriptCaches (0ms)
		SetupLoadedEditorAssemblies (243ms)
			LogAssemblyErrors (0ms)
			InitializePlatformSupportModulesInManaged (12ms)
			SetLoadedEditorAssemblies (11ms)
			RefreshPlugins (0ms)
			BeforeProcessingInitializeOnLoad (2ms)
			ProcessInitializeOnLoadAttributes (167ms)
			ProcessInitializeOnLoadMethodAttributes (50ms)
			AfterProcessingInitializeOnLoad (0ms)
			EditorAssembliesLoaded (0ms)
		ExecutionOrderSort2 (0ms)
		AwakeInstancesAfterBackupRestoration (0ms)
========================================================================
Worker process is ready to serve import requests
Caller must complete domain reload
Begin MonoManager ReloadAssembly
- Loaded All Assemblies, in  0.681 seconds
Native extension for WindowsStandalone target not found
Mono: successfully reloaded assembly
- Finished resetting the current domain, in  1.093 seconds
Domain Reload Profiling: 1770ms
	BeginReloadAssembly (119ms)
		ExecutionOrderSort (0ms)
		DisableScriptedObjects (5ms)
		BackupInstance (0ms)
		ReleaseScriptingObjects (0ms)
		CreateAndSetChildDomain (19ms)
	RebuildCommonClasses (25ms)
	RebuildNativeTypeToScriptingClass (7ms)
	initialDomainReloadingComplete (36ms)
	LoadAllAssembliesAndSetupDomain (489ms)
		LoadAssemblies (350ms)
		RebuildTransferFunctionScriptingTraits (0ms)
		AnalyzeDomain (207ms)
			TypeCache.Refresh (173ms)
				TypeCache.ScanAssembly (160ms)
			ScanForSourceGeneratedMonoScriptInfo (21ms)
			ResolveRequiredComponents (11ms)
	FinalizeReload (1093ms)
		ReleaseScriptCaches (0ms)
		RebuildScriptCaches (0ms)
		SetupLoadedEditorAssemblies (957ms)
			LogAssemblyErrors (0ms)
			InitializePlatformSupportModulesInManaged (7ms)
			SetLoadedEditorAssemblies (5ms)
			RefreshPlugins (0ms)
			BeforeProcessingInitializeOnLoad (120ms)
			ProcessInitializeOnLoadAttributes (764ms)
			ProcessInitializeOnLoadMethodAttributes (50ms)
			AfterProcessingInitializeOnLoad (10ms)
			EditorAssembliesLoaded (0ms)
		ExecutionOrderSort2 (0ms)
		AwakeInstancesAfterBackupRestoration (7ms)
Shader 'SyntyStudios/SkyboxUnlitNoFog': fallback shader 'wiiu' not found
Shader 'SyntyStudios/EnvTriplanar': fallback shader 'wiiu' not found
Shader 'SyntyStudios/TriplanarBasic': fallback shader 'wiiu' not found
Shader 'SyntyStudios/CloudShader': fallback shader 'wiiu' not found
Shader 'SyntyStudios/CloudShaderNoFog': fallback shader 'wiiu' not found
Shader 'SyntyStudios/Basic_LOD_Shader': fallback shader 'wiiu' not found
Shader 'SyntyStudios/SkyboxUnlit': fallback shader 'wiiu' not found
Launched and connected shader compiler UnityShaderCompiler.exe after 0.05 seconds
Refreshing native plugins compatible for Editor in 15.06 ms, found 5 plugins.
Preloading 0 native plugins for Editor in 0.00 ms.
Unloading 5924 Unused Serialized files (Serialized files now loaded: 0)
Unloading 42 unused Assets / (2.1 MB). Loaded Objects now: 6419.
Memory consumption went from 355.8 MB to 353.7 MB.
Total: 6.356600 ms (FindLiveObjects: 0.763100 ms CreateObjectMapping: 0.637800 ms MarkObjects: 4.271400 ms  DeleteObjects: 0.681900 ms)

AssetImportParameters requested are different than current active one (requested -> active):
  custom:container-demuxer-ogg: 62fdf1f143b41e24485cea50d1cbac27 -> 
  custom:video-decoder-ogg-theora: a1e56fd34408186e4bbccfd4996cb3dc -> 
  custom:framework-win-MediaFoundation: 216162199b28c13a410421893ffa2e32 -> 
  custom:CustomObjectIndexerAttribute: 3ead1caaecf1c488f20bcfeb224b6af5 -> 
  custom:container-demuxer-webm: 4f35f7cbe854078d1ac9338744f61a02 -> 
  custom:container-muxer-webm: aa71ff27fc2769a1b78a27578f13a17b -> 
  custom:video-decoder-webm-vp8: 9c59270c3fd7afecdb556c50c9e8de78 -> 
  custom:SearchIndexIgnoredProperties: e643bd26f0fe6173181afceb89e7c659 -> 
  custom:AudioImporter_EditorPlatform: d09bf68614088b80899f8185d706f6e7 -> 
  custom:video-encoder-webm-vp8: eb34c28f22e8b96e1ab97ce403110664 -> 
  custom:audio-decoder-ogg-vorbis: bf7c407c2cedff20999df2af8eb42d56 -> 
  custom:audio-encoder-webm-vorbis: bf7c407c2cedff20999df2af8eb42d56 -> 
  custom:scripting/monoscript/fileName/Rotation.cs: da0b21b39ec877e7f3b2f46e667f72d3 -> c9b00850786f9a9aeacc1c0a61792b03
========================================================================
Received Import Request.
  Time since last request: 303460.161298 seconds.
  path: Assets/Synty/PolygonSciFiWorlds/Prefabs/Environments/SM_Env_Plant_Balloon_Group_01.prefab
  artifactKey: Guid(9a5f7f4b06ed92e4499991ab4cc62026) Importer(815301076,1909f56bfc062723c751e8b465ee728b)
Start importing Assets/Synty/PolygonSciFiWorlds/Prefabs/Environments/SM_Env_Plant_Balloon_Group_01.prefab using Guid(9a5f7f4b06ed92e4499991ab4cc62026) Importer(815301076,1909f56bfc062723c751e8b465ee728b) [PhysX] Initialized MultithreadedTaskDispatcher with 16 workers.
[PhysX] Initialized MultithreadedTaskDispatcher with 16 workers.
 -> (artifact id: '38027ff242bdefdacee26fcf6dee2614') in 0.467485 seconds
Number of updated asset objects reloaded before import = 0
Number of asset objects unloaded after import = 33
========================================================================
Received Import Request.
  Time since last request: 0.000046 seconds.
  path: Assets/Synty/PolygonSciFiWorlds/Prefabs/Environments/SM_Env_Plant_Mushroom_01.prefab
  artifactKey: Guid(2a983aa49f8c39c4880139ad1b778736) Importer(815301076,1909f56bfc062723c751e8b465ee728b)
Start importing Assets/Synty/PolygonSciFiWorlds/Prefabs/Environments/SM_Env_Plant_Mushroom_01.prefab using Guid(2a983aa49f8c39c4880139ad1b778736) Importer(815301076,1909f56bfc062723c751e8b465ee728b) [PhysX] Initialized MultithreadedTaskDispatcher with 16 workers.
[PhysX] Initialized MultithreadedTaskDispatcher with 16 workers.
 -> (artifact id: 'bc0ecc0a3b3e7c59c01d0dd607dce568') in 0.103449 seconds
Number of updated asset objects reloaded before import = 0
Number of asset objects unloaded after import = 13
========================================================================
Received Import Request.
  Time since last request: 0.000081 seconds.
  path: Assets/Synty/PolygonSciFiWorlds/Prefabs/Environments/SM_Env_Plant_Grass_Flower_01.prefab
  artifactKey: Guid(8ca28a1304aa1ed4f8f808c99c6246bd) Importer(815301076,1909f56bfc062723c751e8b465ee728b)
Start importing Assets/Synty/PolygonSciFiWorlds/Prefabs/Environments/SM_Env_Plant_Grass_Flower_01.prefab using Guid(8ca28a1304aa1ed4f8f808c99c6246bd) Importer(815301076,1909f56bfc062723c751e8b465ee728b) [PhysX] Initialized MultithreadedTaskDispatcher with 16 workers.
[PhysX] Initialized MultithreadedTaskDispatcher with 16 workers.
 -> (artifact id: 'a2fbcc5e57a2ae1f31021ee319b6c9d6') in 0.107875 seconds
Number of updated asset objects reloaded before import = 0
Number of asset objects unloaded after import = 12
========================================================================
Received Import Request.
  Time since last request: 0.000039 seconds.
  path: Assets/Synty/PolygonSciFiWorlds/Prefabs/Environments/SM_Env_Plant_Fern_01.prefab
  artifactKey: Guid(cb95fca0270e1bc40a9b2d7acc3673bf) Importer(815301076,1909f56bfc062723c751e8b465ee728b)
Start importing Assets/Synty/PolygonSciFiWorlds/Prefabs/Environments/SM_Env_Plant_Fern_01.prefab using Guid(cb95fca0270e1bc40a9b2d7acc3673bf) Importer(815301076,1909f56bfc062723c751e8b465ee728b) [PhysX] Initialized MultithreadedTaskDispatcher with 16 workers.
[PhysX] Initialized MultithreadedTaskDispatcher with 16 workers.
 -> (artifact id: '926d870c5a4a28ef0e865ab29294d7be') in 0.089216 seconds
Number of updated asset objects reloaded before import = 0
Number of asset objects unloaded after import = 12
========================================================================
Received Import Request.
  Time since last request: 0.000029 seconds.
  path: Assets/Synty/PolygonSciFiWorlds/Prefabs/Environments/SM_Env_Plant_Cactus_02.prefab
  artifactKey: Guid(9b151d0ad0da8fd49af7bad34d32bfdf) Importer(815301076,1909f56bfc062723c751e8b465ee728b)
Start importing Assets/Synty/PolygonSciFiWorlds/Prefabs/Environments/SM_Env_Plant_Cactus_02.prefab using Guid(9b151d0ad0da8fd49af7bad34d32bfdf) Importer(815301076,1909f56bfc062723c751e8b465ee728b) [PhysX] Initialized MultithreadedTaskDispatcher with 16 workers.
[PhysX] Initialized MultithreadedTaskDispatcher with 16 workers.
 -> (artifact id: '8e092f27b7da7d70213a73309d762a41') in 0.090502 seconds
Number of updated asset objects reloaded before import = 0
Number of asset objects unloaded after import = 14
========================================================================
Received Import Request.
  Time since last request: 0.000088 seconds.
  path: Assets/Synty/PolygonSciFiWorlds/Prefabs/Environments/SM_Env_Detail_Round_02.prefab
  artifactKey: Guid(4940ba0a3188c0144a56dae06c969b38) Importer(815301076,1909f56bfc062723c751e8b465ee728b)
Start importing Assets/Synty/PolygonSciFiWorlds/Prefabs/Environments/SM_Env_Detail_Round_02.prefab using Guid(4940ba0a3188c0144a56dae06c969b38) Importer(815301076,1909f56bfc062723c751e8b465ee728b) [PhysX] Initialized MultithreadedTaskDispatcher with 16 workers.
[PhysX] Initialized MultithreadedTaskDispatcher with 16 workers.
 -> (artifact id: '32033650c65b862159c0d4a29660f3ce') in 1.043349 seconds
Number of updated asset objects reloaded before import = 0
Number of asset objects unloaded after import = 24
========================================================================
Received Import Request.
  Time since last request: 0.000036 seconds.
  path: Assets/Synty/PolygonSciFiWorlds/Prefabs/Environments/SM_Env_LakeEdge_Corner_03.prefab
  artifactKey: Guid(0caaa898651ab4544a59ee0797933fbe) Importer(815301076,1909f56bfc062723c751e8b465ee728b)
Start importing Assets/Synty/PolygonSciFiWorlds/Prefabs/Environments/SM_Env_LakeEdge_Corner_03.prefab using Guid(0caaa898651ab4544a59ee0797933fbe) Importer(815301076,1909f56bfc062723c751e8b465ee728b) [PhysX] Initialized MultithreadedTaskDispatcher with 16 workers.
[PhysX] Initialized MultithreadedTaskDispatcher with 16 workers.
 -> (artifact id: 'f466d29223e07ca8d506588a3a5faca7') in 0.108983 seconds
Number of updated asset objects reloaded before import = 0
Number of asset objects unloaded after import = 23
========================================================================
Received Import Request.
  Time since last request: 0.000046 seconds.
  path: Assets/Synty/PolygonSciFiWorlds/Prefabs/Environments/SM_Env_Plant_Kelp_01.prefab
  artifactKey: Guid(f8fafdff62644de40aeb1201405ec0bd) Importer(815301076,1909f56bfc062723c751e8b465ee728b)
Start importing Assets/Synty/PolygonSciFiWorlds/Prefabs/Environments/SM_Env_Plant_Kelp_01.prefab using Guid(f8fafdff62644de40aeb1201405ec0bd) Importer(815301076,1909f56bfc062723c751e8b465ee728b) [PhysX] Initialized MultithreadedTaskDispatcher with 16 workers.
[PhysX] Initialized MultithreadedTaskDispatcher with 16 workers.
 -> (artifact id: 'f70f4821eb75a020b0d665b050648bc8') in 0.796285 seconds
Number of updated asset objects reloaded before import = 0
Number of asset objects unloaded after import = 13
========================================================================
Received Import Request.
  Time since last request: 0.000044 seconds.
  path: Assets/Synty/PolygonSciFiWorlds/Prefabs/Environments/SM_Env_Plant_Balloon_Group_03.prefab
  artifactKey: Guid(2c29140a830fbe84b971b3176c19351f) Importer(815301076,1909f56bfc062723c751e8b465ee728b)
Start importing Assets/Synty/PolygonSciFiWorlds/Prefabs/Environments/SM_Env_Plant_Balloon_Group_03.prefab using Guid(2c29140a830fbe84b971b3176c19351f) Importer(815301076,1909f56bfc062723c751e8b465ee728b) [PhysX] Initialized MultithreadedTaskDispatcher with 16 workers.
[PhysX] Initialized MultithreadedTaskDispatcher with 16 workers.
 -> (artifact id: '29a32108a1c46a89f6fda60e3cc9cd44') in 0.154200 seconds
Number of updated asset objects reloaded before import = 0
Number of asset objects unloaded after import = 14
========================================================================
Received Import Request.
  Time since last request: 0.000129 seconds.
  path: Assets/Synty/PolygonSciFiWorlds/Prefabs/Environments/SM_Env_LakeEdge_Corner_04.prefab
  artifactKey: Guid(885ae5946d591c34c94d1421c4ccc120) Importer(815301076,1909f56bfc062723c751e8b465ee728b)
Start importing Assets/Synty/PolygonSciFiWorlds/Prefabs/Environments/SM_Env_LakeEdge_Corner_04.prefab using Guid(885ae5946d591c34c94d1421c4ccc120) Importer(815301076,1909f56bfc062723c751e8b465ee728b) [PhysX] Initialized MultithreadedTaskDispatcher with 16 workers.
[PhysX] Initialized MultithreadedTaskDispatcher with 16 workers.
 -> (artifact id: '8f487969fb93ad7825c778e78f8eca21') in 0.091133 seconds
Number of updated asset objects reloaded before import = 0
Number of asset objects unloaded after import = 23
========================================================================
Received Import Request.
  Time since last request: 0.000051 seconds.
  path: Assets/Synty/PolygonSciFiWorlds/Prefabs/Environments/SM_Env_DirtRoad_Straight_01.prefab
  artifactKey: Guid(9124340994dbe164189ae9a2552906a4) Importer(815301076,1909f56bfc062723c751e8b465ee728b)
Start importing Assets/Synty/PolygonSciFiWorlds/Prefabs/Environments/SM_Env_DirtRoad_Straight_01.prefab using Guid(9124340994dbe164189ae9a2552906a4) Importer(815301076,1909f56bfc062723c751e8b465ee728b) [PhysX] Initialized MultithreadedTaskDispatcher with 16 workers.
[PhysX] Initialized MultithreadedTaskDispatcher with 16 workers.
 -> (artifact id: '2fb8761dcb83fe37061ca1fb820452c8') in 0.090121 seconds
Number of updated asset objects reloaded before import = 0
Number of asset objects unloaded after import = 24
========================================================================
Received Import Request.
  Time since last request: 0.000055 seconds.
  path: Assets/Synty/InterfaceSciFiSoldierHUD/Sprites/Icons_Map/ICON_SciFi_Map_Ship.png
  artifactKey: Guid(5089ba11ce996474eb180d6cff1861c0) Importer(815301076,1909f56bfc062723c751e8b465ee728b)
Start importing Assets/Synty/InterfaceSciFiSoldierHUD/Sprites/Icons_Map/ICON_SciFi_Map_Ship.png using Guid(5089ba11ce996474eb180d6cff1861c0) Importer(815301076,1909f56bfc062723c751e8b465ee728b) [PhysX] Initialized MultithreadedTaskDispatcher with 16 workers.
[PhysX] Initialized MultithreadedTaskDispatcher with 16 workers.
 -> (artifact id: 'ddcea1cfcaabc9b9359b69aa2263f459') in 0.035117 seconds
Number of updated asset objects reloaded before import = 0
Number of asset objects unloaded after import = 3
========================================================================
Received Import Request.
  Time since last request: 0.000036 seconds.
  path: Assets/Synty/PolygonPirates/Models/ConvexCollisions/SM_Prop_ShipWheel_03_Convex.asset
  artifactKey: Guid(b4d26999677082746b203f84e4af21fc) Importer(815301076,1909f56bfc062723c751e8b465ee728b)
Start importing Assets/Synty/PolygonPirates/Models/ConvexCollisions/SM_Prop_ShipWheel_03_Convex.asset using Guid(b4d26999677082746b203f84e4af21fc) Importer(815301076,1909f56bfc062723c751e8b465ee728b) [PhysX] Initialized MultithreadedTaskDispatcher with 16 workers.
[PhysX] Initialized MultithreadedTaskDispatcher with 16 workers.
 -> (artifact id: '6598fc5610a38b5bd61484cb066fd86e') in 0.025636 seconds
Number of updated asset objects reloaded before import = 0
Number of asset objects unloaded after import = 2
========================================================================
Received Import Request.
  Time since last request: 0.000020 seconds.
  path: Assets/Synty/PolygonPirates/Models/ConvexCollisions/SM_Prop_Shipwreck_01_Convex 2.asset
  artifactKey: Guid(98025c30101a58a4983e9360a1d437b0) Importer(815301076,1909f56bfc062723c751e8b465ee728b)
Start importing Assets/Synty/PolygonPirates/Models/ConvexCollisions/SM_Prop_Shipwreck_01_Convex 2.asset using Guid(98025c30101a58a4983e9360a1d437b0) Importer(815301076,1909f56bfc062723c751e8b465ee728b) [PhysX] Initialized MultithreadedTaskDispatcher with 16 workers.
[PhysX] Initialized MultithreadedTaskDispatcher with 16 workers.
[PhysX] Initialized MultithreadedTaskDispatcher with 16 workers.
[PhysX] Initialized MultithreadedTaskDispatcher with 16 workers.
[PhysX] Initialized MultithreadedTaskDispatcher with 16 workers.
[PhysX] Initialized MultithreadedTaskDispatcher with 16 workers.
[PhysX] Initialized MultithreadedTaskDispatcher with 16 workers.
[PhysX] Initialized MultithreadedTaskDispatcher with 16 workers.
[PhysX] Initialized MultithreadedTaskDispatcher with 16 workers.
[PhysX] Initialized MultithreadedTaskDispatcher with 16 workers.
[PhysX] Initialized MultithreadedTaskDispatcher with 16 workers.
 -> (artifact id: '210216c31ccb9983ad8bf2c2c3ddad98') in 0.043726 seconds
Number of updated asset objects reloaded before import = 0
Number of asset objects unloaded after import = 11
========================================================================
Received Import Request.
  Time since last request: 0.000017 seconds.
  path: Assets/Synty/PolygonPirates/Prefabs/Props/SM_Prop_Shipwreck_02.prefab
  artifactKey: Guid(4982275e186455342a472e320445fdda) Importer(815301076,1909f56bfc062723c751e8b465ee728b)
Start importing Assets/Synty/PolygonPirates/Prefabs/Props/SM_Prop_Shipwreck_02.prefab using Guid(4982275e186455342a472e320445fdda) Importer(815301076,1909f56bfc062723c751e8b465ee728b) [PhysX] Initialized MultithreadedTaskDispatcher with 16 workers.
[PhysX] Initialized MultithreadedTaskDispatcher with 16 workers.
 -> (artifact id: 'eebfcf95cb258f0ae2a727cf8904cde6') in 0.020379 seconds
Number of updated asset objects reloaded before import = 0
Number of asset objects unloaded after import = 37
========================================================================
Received Import Request.
  Time since last request: 0.000020 seconds.
  path: Assets/Synty/PolygonPirates/Models/SM_Prop_Shipwreck_03.fbx
  artifactKey: Guid(f34e19dcdeb219c4c9d195c2cb4f4c51) Importer(815301076,1909f56bfc062723c751e8b465ee728b)
Start importing Assets/Synty/PolygonPirates/Models/SM_Prop_Shipwreck_03.fbx using Guid(f34e19dcdeb219c4c9d195c2cb4f4c51) Importer(815301076,1909f56bfc062723c751e8b465ee728b) [PhysX] Initialized MultithreadedTaskDispatcher with 16 workers.
[PhysX] Initialized MultithreadedTaskDispatcher with 16 workers.
[PhysX] Initialized MultithreadedTaskDispatcher with 16 workers.
[PhysX] Initialized MultithreadedTaskDispatcher with 16 workers.
[PhysX] Initialized MultithreadedTaskDispatcher with 16 workers.
 -> (artifact id: 'fee535789f47f2ffd3b6bd3b4a337001') in 0.031736 seconds
Number of updated asset objects reloaded before import = 0
Number of asset objects unloaded after import = 13
========================================================================
Received Import Request.
  Time since last request: 0.000020 seconds.
  path: Assets/Synty/PolygonSciFiWorlds/Models/SM_Prop_Tether_Wire_Ship_01.fbx
  artifactKey: Guid(b013eade3526fae4bbdd919d1b1372e2) Importer(815301076,1909f56bfc062723c751e8b465ee728b)
Start importing Assets/Synty/PolygonSciFiWorlds/Models/SM_Prop_Tether_Wire_Ship_01.fbx using Guid(b013eade3526fae4bbdd919d1b1372e2) Importer(815301076,1909f56bfc062723c751e8b465ee728b) [PhysX] Initialized MultithreadedTaskDispatcher with 16 workers.
[PhysX] Initialized MultithreadedTaskDispatcher with 16 workers.
[PhysX] Initialized MultithreadedTaskDispatcher with 16 workers.
 -> (artifact id: '6a4cc380d3d599c0a605c45e3025567a') in 0.019836 seconds
Number of updated asset objects reloaded before import = 0
Number of asset objects unloaded after import = 8
========================================================================
Received Import Request.
  Time since last request: 0.000032 seconds.
  path: Assets/Synty/PolygonSciFiWorlds/Prefabs/Environments/SM_Env_Ground_Greeble_04.prefab
  artifactKey: Guid(653d11d1af6c74b429b749e9eb4768ac) Importer(815301076,1909f56bfc062723c751e8b465ee728b)
Start importing Assets/Synty/PolygonSciFiWorlds/Prefabs/Environments/SM_Env_Ground_Greeble_04.prefab using Guid(653d11d1af6c74b429b749e9eb4768ac) Importer(815301076,1909f56bfc062723c751e8b465ee728b) [PhysX] Initialized MultithreadedTaskDispatcher with 16 workers.
[PhysX] Initialized MultithreadedTaskDispatcher with 16 workers.
 -> (artifact id: 'a42ca356526db9465c8d55cbf461df68') in 0.155956 seconds
Number of updated asset objects reloaded before import = 0
Number of asset objects unloaded after import = 30
========================================================================
Received Import Request.
  Time since last request: 0.000043 seconds.
  path: Assets/Synty/PolygonSciFiWorlds/Prefabs/Environments/SM_Env_Ground_Blob_01.prefab
  artifactKey: Guid(158495a831a2a9b42a613ea1ff5e6200) Importer(815301076,1909f56bfc062723c751e8b465ee728b)
Start importing Assets/Synty/PolygonSciFiWorlds/Prefabs/Environments/SM_Env_Ground_Blob_01.prefab using Guid(158495a831a2a9b42a613ea1ff5e6200) Importer(815301076,1909f56bfc062723c751e8b465ee728b) [PhysX] Initialized MultithreadedTaskDispatcher with 16 workers.
[PhysX] Initialized MultithreadedTaskDispatcher with 16 workers.
 -> (artifact id: '04dcc9a60316839664f1b9e7299c44a1') in 0.080794 seconds
Number of updated asset objects reloaded before import = 0
Number of asset objects unloaded after import = 25
========================================================================
Received Import Request.
  Time since last request: 0.000056 seconds.
  path: Assets/Synty/PolygonSciFiWorlds/Prefabs/Environments/SM_Env_Plant_Large_Spiral_Preset_04.prefab
  artifactKey: Guid(686256725f1801b479f8ae35a52338ee) Importer(815301076,1909f56bfc062723c751e8b465ee728b)
Start importing Assets/Synty/PolygonSciFiWorlds/Prefabs/Environments/SM_Env_Plant_Large_Spiral_Preset_04.prefab using Guid(686256725f1801b479f8ae35a52338ee) Importer(815301076,1909f56bfc062723c751e8b465ee728b) [PhysX] Initialized MultithreadedTaskDispatcher with 16 workers.
[PhysX] Initialized MultithreadedTaskDispatcher with 16 workers.
 -> (artifact id: '017700de68ac9f89b5214ae7e5df53d7') in 0.126818 seconds
Number of updated asset objects reloaded before import = 0
Number of asset objects unloaded after import = 22
========================================================================
Received Import Request.
  Time since last request: 0.000027 seconds.
  path: Assets/Synty/PolygonSciFiWorlds/Prefabs/Environments/SM_Env_Plant_Balloon_Tall_01.prefab
  artifactKey: Guid(c7ddf2283e1b5ca48b4ee59c732f47dc) Importer(815301076,1909f56bfc062723c751e8b465ee728b)
Start importing Assets/Synty/PolygonSciFiWorlds/Prefabs/Environments/SM_Env_Plant_Balloon_Tall_01.prefab using Guid(c7ddf2283e1b5ca48b4ee59c732f47dc) Importer(815301076,1909f56bfc062723c751e8b465ee728b) [PhysX] Initialized MultithreadedTaskDispatcher with 16 workers.
[PhysX] Initialized MultithreadedTaskDispatcher with 16 workers.
 -> (artifact id: 'd403893760aef6c00e021fab8eeeb681') in 0.101611 seconds
Number of updated asset objects reloaded before import = 0
Number of asset objects unloaded after import = 14
========================================================================
Received Import Request.
  Time since last request: 0.000032 seconds.
  path: Assets/Synty/PolygonSciFiWorlds/Prefabs/Environments/SM_Env_Detail_Crater_01.prefab
  artifactKey: Guid(f89a9485246062d469bb7d846173cce0) Importer(815301076,1909f56bfc062723c751e8b465ee728b)
Start importing Assets/Synty/PolygonSciFiWorlds/Prefabs/Environments/SM_Env_Detail_Crater_01.prefab using Guid(f89a9485246062d469bb7d846173cce0) Importer(815301076,1909f56bfc062723c751e8b465ee728b) [PhysX] Initialized MultithreadedTaskDispatcher with 16 workers.
[PhysX] Initialized MultithreadedTaskDispatcher with 16 workers.
 -> (artifact id: 'fedb2f3c946985e3d034c465510fbca4') in 0.109246 seconds
Number of updated asset objects reloaded before import = 0
Number of asset objects unloaded after import = 24
========================================================================
Received Import Request.
  Time since last request: 0.000087 seconds.
  path: Assets/Synty/PolygonSciFiWorlds/Prefabs/Environments/SM_Env_Core_Strut_01.prefab
  artifactKey: Guid(d74108f0d62c09b4ea1ec7f6cc4ee4b3) Importer(815301076,1909f56bfc062723c751e8b465ee728b)
Start importing Assets/Synty/PolygonSciFiWorlds/Prefabs/Environments/SM_Env_Core_Strut_01.prefab using Guid(d74108f0d62c09b4ea1ec7f6cc4ee4b3) Importer(815301076,1909f56bfc062723c751e8b465ee728b) [PhysX] Initialized MultithreadedTaskDispatcher with 16 workers.
[PhysX] Initialized MultithreadedTaskDispatcher with 16 workers.
 -> (artifact id: 'e5481c3707e34d8cc580ca3adb13d9c7') in 0.105336 seconds
Number of updated asset objects reloaded before import = 0
Number of asset objects unloaded after import = 99
========================================================================
Received Import Request.
  Time since last request: 0.000037 seconds.
  path: Assets/Synty/PolygonSciFiWorlds/Prefabs/Environments/SM_Env_Plant_Flower_Large_03.prefab
  artifactKey: Guid(6eb6c953112b9e54c88583f7b6d1c9cc) Importer(815301076,1909f56bfc062723c751e8b465ee728b)
Start importing Assets/Synty/PolygonSciFiWorlds/Prefabs/Environments/SM_Env_Plant_Flower_Large_03.prefab using Guid(6eb6c953112b9e54c88583f7b6d1c9cc) Importer(815301076,1909f56bfc062723c751e8b465ee728b) [PhysX] Initialized MultithreadedTaskDispatcher with 16 workers.
[PhysX] Initialized MultithreadedTaskDispatcher with 16 workers.
 -> (artifact id: '30a07b48dac72353ef1cd7bc995d55db') in 0.113812 seconds
Number of updated asset objects reloaded before import = 0
Number of asset objects unloaded after import = 18
========================================================================
Received Import Request.
  Time since last request: 0.000046 seconds.
  path: Assets/Synty/PolygonSciFiWorlds/Prefabs/Environments/SM_Env_Plant_Flower_Large_Pod_02.prefab
  artifactKey: Guid(f76bfe155ea3d8446b344e656f8e2109) Importer(815301076,1909f56bfc062723c751e8b465ee728b)
Start importing Assets/Synty/PolygonSciFiWorlds/Prefabs/Environments/SM_Env_Plant_Flower_Large_Pod_02.prefab using Guid(f76bfe155ea3d8446b344e656f8e2109) Importer(815301076,1909f56bfc062723c751e8b465ee728b) [PhysX] Initialized MultithreadedTaskDispatcher with 16 workers.
[PhysX] Initialized MultithreadedTaskDispatcher with 16 workers.
 -> (artifact id: '829a9ef20f8c39154a5117cb5d4d06b7') in 0.103227 seconds
Number of updated asset objects reloaded before import = 0
Number of asset objects unloaded after import = 14
========================================================================
Received Import Request.
  Time since last request: 0.000098 seconds.
  path: Assets/Synty/PolygonSciFiWorlds/Prefabs/Environments/SM_Env_Cracked_Edge_02.prefab
  artifactKey: Guid(9f68b42b761bdf241aa60595a438712b) Importer(815301076,1909f56bfc062723c751e8b465ee728b)
Start importing Assets/Synty/PolygonSciFiWorlds/Prefabs/Environments/SM_Env_Cracked_Edge_02.prefab using Guid(9f68b42b761bdf241aa60595a438712b) Importer(815301076,1909f56bfc062723c751e8b465ee728b) [PhysX] Initialized MultithreadedTaskDispatcher with 16 workers.
[PhysX] Initialized MultithreadedTaskDispatcher with 16 workers.
 -> (artifact id: 'eb4181dc837eebd0da8a8b3c4fe47ca6') in 0.100640 seconds
Number of updated asset objects reloaded before import = 0
Number of asset objects unloaded after import = 23
========================================================================
Received Import Request.
  Time since last request: 0.000035 seconds.
  path: Assets/Synty/PolygonSciFiWorlds/Prefabs/Environments/SM_Env_Plant_Flower_Large_Pod_01.prefab
  artifactKey: Guid(03a4863ff2b03e440af324fa9278f548) Importer(815301076,1909f56bfc062723c751e8b465ee728b)
Start importing Assets/Synty/PolygonSciFiWorlds/Prefabs/Environments/SM_Env_Plant_Flower_Large_Pod_01.prefab using Guid(03a4863ff2b03e440af324fa9278f548) Importer(815301076,1909f56bfc062723c751e8b465ee728b) [PhysX] Initialized MultithreadedTaskDispatcher with 16 workers.
[PhysX] Initialized MultithreadedTaskDispatcher with 16 workers.
 -> (artifact id: '3f02113edd65255d794eb100a7ceea03') in 0.108250 seconds
Number of updated asset objects reloaded before import = 0
Number of asset objects unloaded after import = 14
========================================================================
Received Import Request.
  Time since last request: 0.000061 seconds.
  path: Assets/Synty/PolygonSciFiWorlds/Prefabs/Environments/SM_Env_Grass_02.prefab
  artifactKey: Guid(6c7746ba66a19114caabd968c1d34164) Importer(815301076,1909f56bfc062723c751e8b465ee728b)
Start importing Assets/Synty/PolygonSciFiWorlds/Prefabs/Environments/SM_Env_Grass_02.prefab using Guid(6c7746ba66a19114caabd968c1d34164) Importer(815301076,1909f56bfc062723c751e8b465ee728b) [PhysX] Initialized MultithreadedTaskDispatcher with 16 workers.
[PhysX] Initialized MultithreadedTaskDispatcher with 16 workers.
 -> (artifact id: '548ee456218ad35a1a8420e60a21aca6') in 0.112448 seconds
Number of updated asset objects reloaded before import = 0
Number of asset objects unloaded after import = 12
========================================================================
Received Import Request.
  Time since last request: 0.000070 seconds.
  path: Assets/Synty/PolygonSciFiWorlds/Prefabs/Environments/SM_Env_Detail_Spikey_Group_01.prefab
  artifactKey: Guid(6fbc7fdca7c124a45b3c77cac534d022) Importer(815301076,1909f56bfc062723c751e8b465ee728b)
Start importing Assets/Synty/PolygonSciFiWorlds/Prefabs/Environments/SM_Env_Detail_Spikey_Group_01.prefab using Guid(6fbc7fdca7c124a45b3c77cac534d022) Importer(815301076,1909f56bfc062723c751e8b465ee728b) [PhysX] Initialized MultithreadedTaskDispatcher with 16 workers.
[PhysX] Initialized MultithreadedTaskDispatcher with 16 workers.
 -> (artifact id: 'e9dad5343f1daa82fc470265db99798e') in 0.097039 seconds
Number of updated asset objects reloaded before import = 0
Number of asset objects unloaded after import = 24
========================================================================
Received Import Request.
  Time since last request: 0.000048 seconds.
  path: Assets/Synty/PolygonSciFiWorlds/Prefabs/Environments/SM_Env_Floating_Crystal_02.prefab
  artifactKey: Guid(159f7c1d4390cb44fb75b4fef590a1b3) Importer(815301076,1909f56bfc062723c751e8b465ee728b)
Start importing Assets/Synty/PolygonSciFiWorlds/Prefabs/Environments/SM_Env_Floating_Crystal_02.prefab using Guid(159f7c1d4390cb44fb75b4fef590a1b3) Importer(815301076,1909f56bfc062723c751e8b465ee728b) [PhysX] Initialized MultithreadedTaskDispatcher with 16 workers.
[PhysX] Initialized MultithreadedTaskDispatcher with 16 workers.
 -> (artifact id: 'bbe31bc0cc17d295cc30a1854dfcec31') in 0.069406 seconds
Number of updated asset objects reloaded before import = 0
Number of asset objects unloaded after import = 13
========================================================================
Received Import Request.
  Time since last request: 0.000079 seconds.
  path: Assets/Synty/PolygonSciFiWorlds/Models/SM_Ship_Block_01.fbx
  artifactKey: Guid(bf16f7bfc2b704f4e81820afa35306d1) Importer(815301076,1909f56bfc062723c751e8b465ee728b)
Start importing Assets/Synty/PolygonSciFiWorlds/Models/SM_Ship_Block_01.fbx using Guid(bf16f7bfc2b704f4e81820afa35306d1) Importer(815301076,1909f56bfc062723c751e8b465ee728b) [PhysX] Initialized MultithreadedTaskDispatcher with 16 workers.
[PhysX] Initialized MultithreadedTaskDispatcher with 16 workers.
[PhysX] Initialized MultithreadedTaskDispatcher with 16 workers.
 -> (artifact id: '87ad45512951f395853663eac45f7dbc') in 0.030647 seconds
Number of updated asset objects reloaded before import = 0
Number of asset objects unloaded after import = 8
========================================================================
Received Import Request.
  Time since last request: 0.000079 seconds.
  path: Assets/Synty/PolygonSciFiWorlds/Prefabs/Environments/SM_Env_Detail_Spikey_Group_02.prefab
  artifactKey: Guid(81c70a8a26b711347a5ba9f4095e4162) Importer(815301076,1909f56bfc062723c751e8b465ee728b)
Start importing Assets/Synty/PolygonSciFiWorlds/Prefabs/Environments/SM_Env_Detail_Spikey_Group_02.prefab using Guid(81c70a8a26b711347a5ba9f4095e4162) Importer(815301076,1909f56bfc062723c751e8b465ee728b) [PhysX] Initialized MultithreadedTaskDispatcher with 16 workers.
[PhysX] Initialized MultithreadedTaskDispatcher with 16 workers.
 -> (artifact id: '226c954150f72b9ea0b6efb40e9296ac') in 0.101960 seconds
Number of updated asset objects reloaded before import = 0
Number of asset objects unloaded after import = 24
========================================================================
Received Import Request.
  Time since last request: 0.000057 seconds.
  path: Assets/Synty/PolygonSciFiWorlds/Prefabs/FX/FX_Ships_Flying_02.prefab
  artifactKey: Guid(8f56ae14b8f4a354fb70cda8eb08d80d) Importer(815301076,1909f56bfc062723c751e8b465ee728b)
Start importing Assets/Synty/PolygonSciFiWorlds/Prefabs/FX/FX_Ships_Flying_02.prefab using Guid(8f56ae14b8f4a354fb70cda8eb08d80d) Importer(815301076,1909f56bfc062723c751e8b465ee728b) [PhysX] Initialized MultithreadedTaskDispatcher with 16 workers.
[PhysX] Initialized MultithreadedTaskDispatcher with 16 workers.
 -> (artifact id: '42fc8dec734ceab50bb10d9bdd307b0e') in 0.040950 seconds
Number of updated asset objects reloaded before import = 0
Number of asset objects unloaded after import = 14
========================================================================
Received Import Request.
  Time since last request: 0.000031 seconds.
  path: Assets/Synty/PolygonSciFiWorlds/Prefabs/Environments/SM_Env_Detail_Crater_Spike_03.prefab
  artifactKey: Guid(eacc7210f192bb440af25132d286e829) Importer(815301076,1909f56bfc062723c751e8b465ee728b)
Start importing Assets/Synty/PolygonSciFiWorlds/Prefabs/Environments/SM_Env_Detail_Crater_Spike_03.prefab using Guid(eacc7210f192bb440af25132d286e829) Importer(815301076,1909f56bfc062723c751e8b465ee728b) [PhysX] Initialized MultithreadedTaskDispatcher with 16 workers.
[PhysX] Initialized MultithreadedTaskDispatcher with 16 workers.
 -> (artifact id: 'd16bf9afbaad0831ea99315f8968e6f5') in 0.061116 seconds
Number of updated asset objects reloaded before import = 0
Number of asset objects unloaded after import = 23
========================================================================
Received Import Request.
  Time since last request: 1.283176 seconds.
  path: Assets/Synty/PolygonPirates/Prefabs/Vehicles/SM_Veh_Boat_Warship_01_Hull.prefab
  artifactKey: Guid(f997b4da461b427448692385e302007f) Importer(815301076,1909f56bfc062723c751e8b465ee728b)
Start importing Assets/Synty/PolygonPirates/Prefabs/Vehicles/SM_Veh_Boat_Warship_01_Hull.prefab using Guid(f997b4da461b427448692385e302007f) Importer(815301076,1909f56bfc062723c751e8b465ee728b) [PhysX] Initialized MultithreadedTaskDispatcher with 16 workers.
[PhysX] Initialized MultithreadedTaskDispatcher with 16 workers.
 -> (artifact id: 'ac072c7a1249e522acfbeac3035dd071') in 0.023070 seconds
Number of updated asset objects reloaded before import = 0
Number of asset objects unloaded after import = 108
========================================================================
Received Import Request.
  Time since last request: 0.000016 seconds.
  path: Assets/Synty/PolygonPirates/Models/ConvexCollisions/SM_Veh_Boat_Warship_01_Hull_Bare_Convex.asset
  artifactKey: Guid(35401cee9df901b43a19c9318697b062) Importer(815301076,1909f56bfc062723c751e8b465ee728b)
Start importing Assets/Synty/PolygonPirates/Models/ConvexCollisions/SM_Veh_Boat_Warship_01_Hull_Bare_Convex.asset using Guid(35401cee9df901b43a19c9318697b062) Importer(815301076,1909f56bfc062723c751e8b465ee728b) [PhysX] Initialized MultithreadedTaskDispatcher with 16 workers.
[PhysX] Initialized MultithreadedTaskDispatcher with 16 workers.
 -> (artifact id: '6f655559642f174038970291a4d2029b') in 0.011280 seconds
Number of updated asset objects reloaded before import = 0
Number of asset objects unloaded after import = 2
========================================================================
Received Import Request.
  Time since last request: 0.000018 seconds.
  path: Assets/Synty/PolygonPirates/Models/ConvexCollisions/SM_Veh_Boat_Warship_01_Hull_Convex 2.asset
  artifactKey: Guid(5d865006de741cd49bbf85b5f070ada3) Importer(815301076,1909f56bfc062723c751e8b465ee728b)
Start importing Assets/Synty/PolygonPirates/Models/ConvexCollisions/SM_Veh_Boat_Warship_01_Hull_Convex 2.asset using Guid(5d865006de741cd49bbf85b5f070ada3) Importer(815301076,1909f56bfc062723c751e8b465ee728b) [PhysX] Initialized MultithreadedTaskDispatcher with 16 workers.
[PhysX] Initialized MultithreadedTaskDispatcher with 16 workers.
 -> (artifact id: '9d018d3a50e707cfdc8a870d6c74a636') in 0.012452 seconds
Number of updated asset objects reloaded before import = 0
Number of asset objects unloaded after import = 2
========================================================================
Received Import Request.
  Time since last request: 0.000022 seconds.
  path: Assets/Synty/PolygonPirates/Prefabs/Vehicles/SM_Veh_Boat_Warship_01_Hull_Bare.prefab
  artifactKey: Guid(00f2a498c7e05f64ca529c8b767d9bbc) Importer(815301076,1909f56bfc062723c751e8b465ee728b)
Start importing Assets/Synty/PolygonPirates/Prefabs/Vehicles/SM_Veh_Boat_Warship_01_Hull_Bare.prefab using Guid(00f2a498c7e05f64ca529c8b767d9bbc) Importer(815301076,1909f56bfc062723c751e8b465ee728b) [PhysX] Initialized MultithreadedTaskDispatcher with 16 workers.
[PhysX] Initialized MultithreadedTaskDispatcher with 16 workers.
 -> (artifact id: 'da85c4081ff2aa9861a0cc3830d415d0') in 0.030357 seconds
Number of updated asset objects reloaded before import = 0
Number of asset objects unloaded after import = 13
========================================================================
Received Import Request.
  Time since last request: 0.199308 seconds.
  path: Assets/Synty/PolygonPirates/Prefabs/Vehicles/SM_Veh_Boat_Warship_01_Hull_Pirate.prefab
  artifactKey: Guid(ca514cb9ea5a00b499f879bd90a9aaca) Importer(815301076,1909f56bfc062723c751e8b465ee728b)
Start importing Assets/Synty/PolygonPirates/Prefabs/Vehicles/SM_Veh_Boat_Warship_01_Hull_Pirate.prefab using Guid(ca514cb9ea5a00b499f879bd90a9aaca) Importer(815301076,1909f56bfc062723c751e8b465ee728b) [PhysX] Initialized MultithreadedTaskDispatcher with 16 workers.
[PhysX] Initialized MultithreadedTaskDispatcher with 16 workers.
 -> (artifact id: '7fd1c9dc8e82ac563fe8536223ab826e') in 0.018200 seconds
Number of updated asset objects reloaded before import = 0
Number of asset objects unloaded after import = 108
========================================================================
Received Import Request.
  Time since last request: 0.000019 seconds.
  path: Assets/Synty/PolygonPirates/Models/CollisionCustom/SM_Veh_Boat_Warship_01_Hull_Pirate_Collision.fbx
  artifactKey: Guid(ef45dc6b72355bc419c08a51f4a63a5c) Importer(815301076,1909f56bfc062723c751e8b465ee728b)
Start importing Assets/Synty/PolygonPirates/Models/CollisionCustom/SM_Veh_Boat_Warship_01_Hull_Pirate_Collision.fbx using Guid(ef45dc6b72355bc419c08a51f4a63a5c) Importer(815301076,1909f56bfc062723c751e8b465ee728b) [PhysX] Initialized MultithreadedTaskDispatcher with 16 workers.
[PhysX] Initialized MultithreadedTaskDispatcher with 16 workers.
[PhysX] Initialized MultithreadedTaskDispatcher with 16 workers.
 -> (artifact id: '7878353dd8cd6c7751f4a78899ff7107') in 0.018824 seconds
Number of updated asset objects reloaded before import = 0
Number of asset objects unloaded after import = 8
========================================================================
Received Import Request.
  Time since last request: 0.000023 seconds.
  path: Assets/Synty/PolygonPirates/Prefabs/Vehicles/SM_Veh_Boat_Warship_01_Hull_Pirate_Bare.prefab
  artifactKey: Guid(831807539d583624fbfff3c147b19906) Importer(815301076,1909f56bfc062723c751e8b465ee728b)
Start importing Assets/Synty/PolygonPirates/Prefabs/Vehicles/SM_Veh_Boat_Warship_01_Hull_Pirate_Bare.prefab using Guid(831807539d583624fbfff3c147b19906) Importer(815301076,1909f56bfc062723c751e8b465ee728b) [PhysX] Initialized MultithreadedTaskDispatcher with 16 workers.
[PhysX] Initialized MultithreadedTaskDispatcher with 16 workers.
 -> (artifact id: '0a810aa204e348de4c4ec2aa23d8f18e') in 0.017016 seconds
Number of updated asset objects reloaded before import = 0
Number of asset objects unloaded after import = 13
========================================================================
Received Import Request.
  Time since last request: 0.052398 seconds.
  path: Assets/Synty/PolygonPirates/Models/ConvexCollisions/SM_Veh_Boat_Warship_01_Hull_Pirate_Convex 2.asset
  artifactKey: Guid(bce91a3c5c55b424985bd592b90f53c1) Importer(815301076,1909f56bfc062723c751e8b465ee728b)
Start importing Assets/Synty/PolygonPirates/Models/ConvexCollisions/SM_Veh_Boat_Warship_01_Hull_Pirate_Convex 2.asset using Guid(bce91a3c5c55b424985bd592b90f53c1) Importer(815301076,1909f56bfc062723c751e8b465ee728b) [PhysX] Initialized MultithreadedTaskDispatcher with 16 workers.
[PhysX] Initialized MultithreadedTaskDispatcher with 16 workers.
[PhysX] Initialized MultithreadedTaskDispatcher with 16 workers.
[PhysX] Initialized MultithreadedTaskDispatcher with 16 workers.
[PhysX] Initialized MultithreadedTaskDispatcher with 16 workers.
[PhysX] Initialized MultithreadedTaskDispatcher with 16 workers.
 -> (artifact id: '11a8814e55531f97685471dd80ac88dc') in 0.027337 seconds
Number of updated asset objects reloaded before import = 0
Number of asset objects unloaded after import = 6
========================================================================
Received Import Request.
  Time since last request: 0.000017 seconds.
  path: Assets/Synty/PolygonPirates/Models/SM_Veh_Boat_Warship_01_Hull_Upsized.fbx
  artifactKey: Guid(c30c27f7de8c4ac4bafe75aa186721bd) Importer(815301076,1909f56bfc062723c751e8b465ee728b)
Start importing Assets/Synty/PolygonPirates/Models/SM_Veh_Boat_Warship_01_Hull_Upsized.fbx using Guid(c30c27f7de8c4ac4bafe75aa186721bd) Importer(815301076,1909f56bfc062723c751e8b465ee728b) [PhysX] Initialized MultithreadedTaskDispatcher with 16 workers.
[PhysX] Initialized MultithreadedTaskDispatcher with 16 workers.
[PhysX] Initialized MultithreadedTaskDispatcher with 16 workers.
[PhysX] Initialized MultithreadedTaskDispatcher with 16 workers.
[PhysX] Initialized MultithreadedTaskDispatcher with 16 workers.
[PhysX] Initialized MultithreadedTaskDispatcher with 16 workers.
[PhysX] Initialized MultithreadedTaskDispatcher with 16 workers.
[PhysX] Initialized MultithreadedTaskDispatcher with 16 workers.
[PhysX] Initialized MultithreadedTaskDispatcher with 16 workers.
[PhysX] Initialized MultithreadedTaskDispatcher with 16 workers.
[PhysX] Initialized MultithreadedTaskDispatcher with 16 workers.
[PhysX] Initialized MultithreadedTaskDispatcher with 16 workers.
[PhysX] Initialized MultithreadedTaskDispatcher with 16 workers.
[PhysX] Initialized MultithreadedTaskDispatcher with 16 workers.
[PhysX] Initialized MultithreadedTaskDispatcher with 16 workers.
[PhysX] Initialized MultithreadedTaskDispatcher with 16 workers.
[PhysX] Initialized MultithreadedTaskDispatcher with 16 workers.
[PhysX] Initialized MultithreadedTaskDispatcher with 16 workers.
[PhysX] Initialized MultithreadedTaskDispatcher with 16 workers.
[PhysX] Initialized MultithreadedTaskDispatcher with 16 workers.
[PhysX] Initialized MultithreadedTaskDispatcher with 16 workers.
[PhysX] Initialized MultithreadedTaskDispatcher with 16 workers.
[PhysX] Initialized MultithreadedTaskDispatcher with 16 workers.
[PhysX] Initialized MultithreadedTaskDispatcher with 16 workers.
[PhysX] Initialized MultithreadedTaskDispatcher with 16 workers.
[PhysX] Initialized MultithreadedTaskDispatcher with 16 workers.
 -> (artifact id: 'd7e944f636d90e34b430ce41b657a3ba') in 0.086842 seconds
Number of updated asset objects reloaded before import = 0
Number of asset objects unloaded after import = 73
========================================================================
Received Import Request.
  Time since last request: 0.203105 seconds.
  path: Assets/Synty/PolygonPirates/Models/ConvexCollisions/SM_Veh_Boat_Warship_01_Hull_Upsized_Pirate_Convex.asset
  artifactKey: Guid(464d0f79f04b15c4bb03ae7d77a5e20a) Importer(815301076,1909f56bfc062723c751e8b465ee728b)
Start importing Assets/Synty/PolygonPirates/Models/ConvexCollisions/SM_Veh_Boat_Warship_01_Hull_Upsized_Pirate_Convex.asset using Guid(464d0f79f04b15c4bb03ae7d77a5e20a) Importer(815301076,1909f56bfc062723c751e8b465ee728b) [PhysX] Initialized MultithreadedTaskDispatcher with 16 workers.
[PhysX] Initialized MultithreadedTaskDispatcher with 16 workers.
 -> (artifact id: 'ef33b6ed3d5a9ae33e23da85b8f3fce4') in 0.011436 seconds
Number of updated asset objects reloaded before import = 0
Number of asset objects unloaded after import = 2
========================================================================
Received Import Request.
  Time since last request: 0.000018 seconds.
  path: Assets/Synty/PolygonPirates/Models/ConvexCollisions/SM_Veh_Boat_Warship_01_Hull_Upsized_Pirate_Convex 3.asset
  artifactKey: Guid(2c413ec2bceb6c042986d0e036e99295) Importer(815301076,1909f56bfc062723c751e8b465ee728b)
Start importing Assets/Synty/PolygonPirates/Models/ConvexCollisions/SM_Veh_Boat_Warship_01_Hull_Upsized_Pirate_Convex 3.asset using Guid(2c413ec2bceb6c042986d0e036e99295) Importer(815301076,1909f56bfc062723c751e8b465ee728b) [PhysX] Initialized MultithreadedTaskDispatcher with 16 workers.
[PhysX] Initialized MultithreadedTaskDispatcher with 16 workers.
 -> (artifact id: '9d7170d6be5e0b5180cfa73abe147b33') in 0.012287 seconds
Number of updated asset objects reloaded before import = 0
Number of asset objects unloaded after import = 2
========================================================================
Received Import Request.
  Time since last request: 0.000019 seconds.
  path: Assets/Synty/PolygonPirates/Models/ConvexCollisions/SM_Veh_Boat_Warship_01_Hull_Upsized_Pirate_Convex 5.asset
  artifactKey: Guid(ff1d11db3d9427a449e89c51060c9a30) Importer(815301076,1909f56bfc062723c751e8b465ee728b)
Start importing Assets/Synty/PolygonPirates/Models/ConvexCollisions/SM_Veh_Boat_Warship_01_Hull_Upsized_Pirate_Convex 5.asset using Guid(ff1d11db3d9427a449e89c51060c9a30) Importer(815301076,1909f56bfc062723c751e8b465ee728b) [PhysX] Initialized MultithreadedTaskDispatcher with 16 workers.
[PhysX] Initialized MultithreadedTaskDispatcher with 16 workers.
[PhysX] Initialized MultithreadedTaskDispatcher with 16 workers.
[PhysX] Initialized MultithreadedTaskDispatcher with 16 workers.
[PhysX] Initialized MultithreadedTaskDispatcher with 16 workers.
 -> (artifact id: 'befba0837e6174f7cbf161c7b2335ada') in 0.030283 seconds
Number of updated asset objects reloaded before import = 0
Number of asset objects unloaded after import = 5
========================================================================
Received Import Request.
  Time since last request: 0.503859 seconds.
  path: Assets/Synty/PolygonSciFiWorlds/Prefabs/Props/Vehicles/SM_Veh_DropShip_01.prefab
  artifactKey: Guid(8dcccb95f6a5e8f4e9395ea042fe51b3) Importer(815301076,1909f56bfc062723c751e8b465ee728b)
Start importing Assets/Synty/PolygonSciFiWorlds/Prefabs/Props/Vehicles/SM_Veh_DropShip_01.prefab using Guid(8dcccb95f6a5e8f4e9395ea042fe51b3) Importer(815301076,1909f56bfc062723c751e8b465ee728b) [PhysX] Initialized MultithreadedTaskDispatcher with 16 workers.
[PhysX] Initialized MultithreadedTaskDispatcher with 16 workers.
 -> (artifact id: 'a52f1134fec74814b3c178ebd331ba96') in 0.073484 seconds
Number of updated asset objects reloaded before import = 0
Number of asset objects unloaded after import = 45
========================================================================
Received Prepare
Caller must complete domain reload
Begin MonoManager ReloadAssembly
- Loaded All Assemblies, in  0.540 seconds
Native extension for WindowsStandalone target not found
Mono: successfully reloaded assembly
- Finished resetting the current domain, in  1.397 seconds
Domain Reload Profiling: 1933ms
	BeginReloadAssembly (158ms)
		ExecutionOrderSort (0ms)
		DisableScriptedObjects (8ms)
		BackupInstance (0ms)
		ReleaseScriptingObjects (0ms)
		CreateAndSetChildDomain (52ms)
	RebuildCommonClasses (32ms)
	RebuildNativeTypeToScriptingClass (8ms)
	initialDomainReloadingComplete (27ms)
	LoadAllAssembliesAndSetupDomain (310ms)
		LoadAssemblies (334ms)
		RebuildTransferFunctionScriptingTraits (0ms)
		AnalyzeDomain (41ms)
			TypeCache.Refresh (8ms)
				TypeCache.ScanAssembly (1ms)
			ScanForSourceGeneratedMonoScriptInfo (21ms)
			ResolveRequiredComponents (11ms)
	FinalizeReload (1397ms)
		ReleaseScriptCaches (0ms)
		RebuildScriptCaches (0ms)
		SetupLoadedEditorAssemblies (726ms)
			LogAssemblyErrors (0ms)
			InitializePlatformSupportModulesInManaged (6ms)
			SetLoadedEditorAssemblies (4ms)
			RefreshPlugins (0ms)
			BeforeProcessingInitializeOnLoad (123ms)
			ProcessInitializeOnLoadAttributes (545ms)
			ProcessInitializeOnLoadMethodAttributes (40ms)
			AfterProcessingInitializeOnLoad (8ms)
			EditorAssembliesLoaded (0ms)
		ExecutionOrderSort2 (0ms)
		AwakeInstancesAfterBackupRestoration (13ms)
Shader 'SyntyStudios/SkyboxUnlitNoFog': fallback shader 'wiiu' not found
Shader 'SyntyStudios/EnvTriplanar': fallback shader 'wiiu' not found
Shader 'SyntyStudios/TriplanarBasic': fallback shader 'wiiu' not found
Shader 'SyntyStudios/CloudShader': fallback shader 'wiiu' not found
Shader 'SyntyStudios/CloudShaderNoFog': fallback shader 'wiiu' not found
Shader 'SyntyStudios/Basic_LOD_Shader': fallback shader 'wiiu' not found
Shader 'SyntyStudios/SkyboxUnlit': fallback shader 'wiiu' not found
Refreshing native plugins compatible for Editor in 7.40 ms, found 5 plugins.
Preloading 0 native plugins for Editor in 0.00 ms.
Unloading 5680 Unused Serialized files (Serialized files now loaded: 0)
Unloading 35 unused Assets / (2.1 MB). Loaded Objects now: 6475.
Memory consumption went from 310.4 MB to 308.3 MB.
Total: 3.696900 ms (FindLiveObjects: 0.359700 ms CreateObjectMapping: 0.260500 ms MarkObjects: 2.769100 ms  DeleteObjects: 0.306900 ms)

Prepare: number of updated asset objects reloaded= 0
AssetImportParameters requested are different than current active one (requested -> active):
  custom:container-demuxer-ogg: 62fdf1f143b41e24485cea50d1cbac27 -> 
  custom:video-decoder-ogg-theora: a1e56fd34408186e4bbccfd4996cb3dc -> 
  custom:framework-win-MediaFoundation: 216162199b28c13a410421893ffa2e32 -> 
  custom:CustomObjectIndexerAttribute: 3ead1caaecf1c488f20bcfeb224b6af5 -> 
  custom:container-demuxer-webm: 4f35f7cbe854078d1ac9338744f61a02 -> 
  custom:container-muxer-webm: aa71ff27fc2769a1b78a27578f13a17b -> 
  custom:video-decoder-webm-vp8: 9c59270c3fd7afecdb556c50c9e8de78 -> 
  custom:SearchIndexIgnoredProperties: e643bd26f0fe6173181afceb89e7c659 -> 
  custom:AudioImporter_EditorPlatform: d09bf68614088b80899f8185d706f6e7 -> 
  custom:video-encoder-webm-vp8: eb34c28f22e8b96e1ab97ce403110664 -> 
  custom:audio-decoder-ogg-vorbis: bf7c407c2cedff20999df2af8eb42d56 -> 
  custom:scripting/monoscript/fileName/ShipRepair.cs: 49c6bea28e04edbfdc6d3cb665ecd131 -> 
  custom:audio-encoder-webm-vorbis: bf7c407c2cedff20999df2af8eb42d56 -> 
  custom:scripting/monoscript/fileName/Rotation.cs: da0b21b39ec877e7f3b2f46e667f72d3 -> c9b00850786f9a9aeacc1c0a61792b03
  custom:scripting/precompiled-assembly-types:Assembly-CSharp: 55fa673bd68714670bbebc2caac96147 -> 764830bfcdde5960b2ffd2cd8ac3a013
========================================================================
Received Prepare
Caller must complete domain reload
Begin MonoManager ReloadAssembly
- Loaded All Assemblies, in  0.520 seconds
Native extension for WindowsStandalone target not found
Mono: successfully reloaded assembly
- Finished resetting the current domain, in  1.406 seconds
Domain Reload Profiling: 1922ms
	BeginReloadAssembly (139ms)
		ExecutionOrderSort (0ms)
		DisableScriptedObjects (4ms)
		BackupInstance (0ms)
		ReleaseScriptingObjects (0ms)
		CreateAndSetChildDomain (35ms)
	RebuildCommonClasses (25ms)
	RebuildNativeTypeToScriptingClass (13ms)
	initialDomainReloadingComplete (28ms)
	LoadAllAssembliesAndSetupDomain (310ms)
		LoadAssemblies (335ms)
		RebuildTransferFunctionScriptingTraits (0ms)
		AnalyzeDomain (43ms)
			TypeCache.Refresh (8ms)
				TypeCache.ScanAssembly (1ms)
			ScanForSourceGeneratedMonoScriptInfo (21ms)
			ResolveRequiredComponents (12ms)
	FinalizeReload (1406ms)
		ReleaseScriptCaches (0ms)
		RebuildScriptCaches (0ms)
		SetupLoadedEditorAssemblies (724ms)
			LogAssemblyErrors (0ms)
			InitializePlatformSupportModulesInManaged (6ms)
			SetLoadedEditorAssemblies (4ms)
			RefreshPlugins (0ms)
			BeforeProcessingInitializeOnLoad (116ms)
			ProcessInitializeOnLoadAttributes (545ms)
			ProcessInitializeOnLoadMethodAttributes (45ms)
			AfterProcessingInitializeOnLoad (9ms)
			EditorAssembliesLoaded (0ms)
		ExecutionOrderSort2 (0ms)
		AwakeInstancesAfterBackupRestoration (13ms)
Shader 'SyntyStudios/SkyboxUnlitNoFog': fallback shader 'wiiu' not found
Shader 'SyntyStudios/EnvTriplanar': fallback shader 'wiiu' not found
Shader 'SyntyStudios/TriplanarBasic': fallback shader 'wiiu' not found
Shader 'SyntyStudios/CloudShader': fallback shader 'wiiu' not found
Shader 'SyntyStudios/CloudShaderNoFog': fallback shader 'wiiu' not found
Shader 'SyntyStudios/Basic_LOD_Shader': fallback shader 'wiiu' not found
Shader 'SyntyStudios/SkyboxUnlit': fallback shader 'wiiu' not found
Refreshing native plugins compatible for Editor in 8.09 ms, found 5 plugins.
Preloading 0 native plugins for Editor in 0.00 ms.
Unloading 5680 Unused Serialized files (Serialized files now loaded: 0)
Unloading 35 unused Assets / (2.1 MB). Loaded Objects now: 6479.
Memory consumption went from 310.3 MB to 308.2 MB.
Total: 4.717200 ms (FindLiveObjects: 0.449600 ms CreateObjectMapping: 0.648100 ms MarkObjects: 3.300200 ms  DeleteObjects: 0.318600 ms)

Prepare: number of updated asset objects reloaded= 0
AssetImportParameters requested are different than current active one (requested -> active):
  custom:container-demuxer-ogg: 62fdf1f143b41e24485cea50d1cbac27 -> 
  custom:video-decoder-ogg-theora: a1e56fd34408186e4bbccfd4996cb3dc -> 
  custom:framework-win-MediaFoundation: 216162199b28c13a410421893ffa2e32 -> 
  custom:CustomObjectIndexerAttribute: 3ead1caaecf1c488f20bcfeb224b6af5 -> 
  custom:container-demuxer-webm: 4f35f7cbe854078d1ac9338744f61a02 -> 
  custom:container-muxer-webm: aa71ff27fc2769a1b78a27578f13a17b -> 
  custom:video-decoder-webm-vp8: 9c59270c3fd7afecdb556c50c9e8de78 -> 
  custom:SearchIndexIgnoredProperties: e643bd26f0fe6173181afceb89e7c659 -> 
  custom:AudioImporter_EditorPlatform: d09bf68614088b80899f8185d706f6e7 -> 
  custom:video-encoder-webm-vp8: eb34c28f22e8b96e1ab97ce403110664 -> 
  custom:audio-decoder-ogg-vorbis: bf7c407c2cedff20999df2af8eb42d56 -> 
  custom:scripting/monoscript/fileName/ShipRepair.cs: d16ace6d7420c14c397a2393c8bf8196 -> 
  custom:audio-encoder-webm-vorbis: bf7c407c2cedff20999df2af8eb42d56 -> 
  custom:scripting/monoscript/fileName/Rotation.cs: da0b21b39ec877e7f3b2f46e667f72d3 -> c9b00850786f9a9aeacc1c0a61792b03
  custom:scripting/precompiled-assembly-types:Assembly-CSharp: f5622230f6ef694565929d5306ca2932 -> 764830bfcdde5960b2ffd2cd8ac3a013
========================================================================
Received Prepare
Caller must complete domain reload
Begin MonoManager ReloadAssembly
- Loaded All Assemblies, in  0.612 seconds
Native extension for WindowsStandalone target not found
Mono: successfully reloaded assembly
- Finished resetting the current domain, in  1.605 seconds
Domain Reload Profiling: 2213ms
	BeginReloadAssembly (159ms)
		ExecutionOrderSort (0ms)
		DisableScriptedObjects (4ms)
		BackupInstance (0ms)
		ReleaseScriptingObjects (0ms)
		CreateAndSetChildDomain (41ms)
	RebuildCommonClasses (31ms)
	RebuildNativeTypeToScriptingClass (11ms)
	initialDomainReloadingComplete (34ms)
	LoadAllAssembliesAndSetupDomain (372ms)
		LoadAssemblies (398ms)
		RebuildTransferFunctionScriptingTraits (0ms)
		AnalyzeDomain (51ms)
			TypeCache.Refresh (11ms)
				TypeCache.ScanAssembly (1ms)
			ScanForSourceGeneratedMonoScriptInfo (26ms)
			ResolveRequiredComponents (12ms)
	FinalizeReload (1605ms)
		ReleaseScriptCaches (0ms)
		RebuildScriptCaches (0ms)
		SetupLoadedEditorAssemblies (735ms)
			LogAssemblyErrors (0ms)
			InitializePlatformSupportModulesInManaged (5ms)
			SetLoadedEditorAssemblies (4ms)
			RefreshPlugins (0ms)
			BeforeProcessingInitializeOnLoad (120ms)
			ProcessInitializeOnLoadAttributes (553ms)
			ProcessInitializeOnLoadMethodAttributes (44ms)
			AfterProcessingInitializeOnLoad (8ms)
			EditorAssembliesLoaded (0ms)
		ExecutionOrderSort2 (0ms)
		AwakeInstancesAfterBackupRestoration (13ms)
Shader 'SyntyStudios/SkyboxUnlitNoFog': fallback shader 'wiiu' not found
Shader 'SyntyStudios/EnvTriplanar': fallback shader 'wiiu' not found
Shader 'SyntyStudios/TriplanarBasic': fallback shader 'wiiu' not found
Shader 'SyntyStudios/CloudShader': fallback shader 'wiiu' not found
Shader 'SyntyStudios/CloudShaderNoFog': fallback shader 'wiiu' not found
Shader 'SyntyStudios/Basic_LOD_Shader': fallback shader 'wiiu' not found
Shader 'SyntyStudios/SkyboxUnlit': fallback shader 'wiiu' not found
Refreshing native plugins compatible for Editor in 8.20 ms, found 5 plugins.
Preloading 0 native plugins for Editor in 0.00 ms.
Unloading 5680 Unused Serialized files (Serialized files now loaded: 0)
Unloading 35 unused Assets / (2.1 MB). Loaded Objects now: 6483.
Memory consumption went from 310.3 MB to 308.2 MB.
Total: 4.292100 ms (FindLiveObjects: 0.396700 ms CreateObjectMapping: 0.330100 ms MarkObjects: 3.249600 ms  DeleteObjects: 0.315000 ms)

Prepare: number of updated asset objects reloaded= 0
AssetImportParameters requested are different than current active one (requested -> active):
  custom:container-demuxer-ogg: 62fdf1f143b41e24485cea50d1cbac27 -> 
  custom:video-decoder-ogg-theora: a1e56fd34408186e4bbccfd4996cb3dc -> 
  custom:framework-win-MediaFoundation: 216162199b28c13a410421893ffa2e32 -> 
  custom:CustomObjectIndexerAttribute: 3ead1caaecf1c488f20bcfeb224b6af5 -> 
  custom:container-demuxer-webm: 4f35f7cbe854078d1ac9338744f61a02 -> 
  custom:container-muxer-webm: aa71ff27fc2769a1b78a27578f13a17b -> 
  custom:video-decoder-webm-vp8: 9c59270c3fd7afecdb556c50c9e8de78 -> 
  custom:SearchIndexIgnoredProperties: e643bd26f0fe6173181afceb89e7c659 -> 
  custom:AudioImporter_EditorPlatform: d09bf68614088b80899f8185d706f6e7 -> 
  custom:video-encoder-webm-vp8: eb34c28f22e8b96e1ab97ce403110664 -> 
  custom:audio-decoder-ogg-vorbis: bf7c407c2cedff20999df2af8eb42d56 -> 
  custom:scripting/monoscript/fileName/ShipRepair.cs: d16ace6d7420c14c397a2393c8bf8196 -> 
  custom:audio-encoder-webm-vorbis: bf7c407c2cedff20999df2af8eb42d56 -> 
  custom:scripting/monoscript/fileName/Rotation.cs: da0b21b39ec877e7f3b2f46e667f72d3 -> c9b00850786f9a9aeacc1c0a61792b03
  custom:scripting/precompiled-assembly-types:Assembly-CSharp: f5622230f6ef694565929d5306ca2932 -> 764830bfcdde5960b2ffd2cd8ac3a013
========================================================================
Received Import Request.
  Time since last request: 341.725286 seconds.
  path: Assets/Scenes/Gavins Stuff/SM_Veh_DropShip_01_Engine_01.prefab
  artifactKey: Guid(3a87e561dba85904080775e7ddf93c46) Importer(815301076,1909f56bfc062723c751e8b465ee728b)
Start importing Assets/Scenes/Gavins Stuff/SM_Veh_DropShip_01_Engine_01.prefab using Guid(3a87e561dba85904080775e7ddf93c46) Importer(815301076,1909f56bfc062723c751e8b465ee728b) [PhysX] Initialized MultithreadedTaskDispatcher with 16 workers.
[PhysX] Initialized MultithreadedTaskDispatcher with 16 workers.
 -> (artifact id: '3cfb2fd6d9f7ee3ce4544be2a11d0979') in 0.293863 seconds
Number of updated asset objects reloaded before import = 0
Number of asset objects unloaded after import = 33
========================================================================
Received Import Request.
  Time since last request: 2.939353 seconds.
  path: Assets/Scenes/Gavins Stuff/SM_Veh_DropShip_01_Engine_02.prefab
  artifactKey: Guid(f08ebdac2c8514e429769b68bff8c83c) Importer(815301076,1909f56bfc062723c751e8b465ee728b)
Start importing Assets/Scenes/Gavins Stuff/SM_Veh_DropShip_01_Engine_02.prefab using Guid(f08ebdac2c8514e429769b68bff8c83c) Importer(815301076,1909f56bfc062723c751e8b465ee728b) [PhysX] Initialized MultithreadedTaskDispatcher with 16 workers.
[PhysX] Initialized MultithreadedTaskDispatcher with 16 workers.
 -> (artifact id: 'b760898d7046bebc126bd0de24bb934c') in 0.089212 seconds
Number of updated asset objects reloaded before import = 0
Number of asset objects unloaded after import = 14
