2025-01-20 21:53:31.9509 [WARNING] Reference to missing object found on Water_Ocean_01 (Material). Path: m_SavedProperties.m_TexEnvs.Array.data[8].second.m_Texture. Missing objects cannot be synced and the reference will be set to null for other users.
2025-01-20 21:53:31.9565 [WARNING] Reference to missing object found on Water_Ocean_01 (Material). Path: m_SavedProperties.m_TexEnvs.Array.data[13].second.m_Texture. Missing objects cannot be synced and the reference will be set to null for other users.
2025-01-20 21:53:31.9601 [WARNING] Reference to missing object found on Water_Ocean_01 (Material). Path: m_SavedProperties.m_TexEnvs.Array.data[17].second.m_Texture. Missing objects cannot be synced and the reference will be set to null for other users.
2025-01-20 21:53:31.9637 [WARNING] Reference to missing object found on Water_Ocean_01 (Material). Path: m_SavedProperties.m_TexEnvs.Array.data[18].second.m_Texture. Missing objects cannot be synced and the reference will be set to null for other users.
2025-01-20 21:53:31.9642 [WARNING] Reference to missing object found on Water_Ocean_01 (Material). Path: m_SavedProperties.m_TexEnvs.Array.data[19].second.m_Texture. Missing objects cannot be synced and the reference will be set to null for other users.
2025-01-20 21:53:31.9647 [WARNING] Reference to missing object found on Water_Ocean_01 (Material). Path: m_SavedProperties.m_TexEnvs.Array.data[20].second.m_Texture. Missing objects cannot be synced and the reference will be set to null for other users.
2025-01-20 21:53:31.9652 [WARNING] Reference to missing object found on Water_Ocean_01 (Material). Path: m_SavedProperties.m_TexEnvs.Array.data[21].second.m_Texture. Missing objects cannot be synced and the reference will be set to null for other users.
2025-01-20 21:53:31.9668 [WARNING] Reference to missing object found on Water_Ocean_01 (Material). Path: m_SavedProperties.m_TexEnvs.Array.data[23].second.m_Texture. Missing objects cannot be synced and the reference will be set to null for other users.
2025-01-20 21:53:31.9673 [WARNING] Reference to missing object found on Water_Ocean_01 (Material). Path: m_SavedProperties.m_TexEnvs.Array.data[24].second.m_Texture. Missing objects cannot be synced and the reference will be set to null for other users.
2025-01-20 21:53:31.9678 [WARNING] Reference to missing object found on Water_Ocean_01 (Material). Path: m_SavedProperties.m_TexEnvs.Array.data[25].second.m_Texture. Missing objects cannot be synced and the reference will be set to null for other users.
2025-01-20 21:53:31.9689 [WARNING] Reference to missing object found on Water_Ocean_01 (Material). Path: m_SavedProperties.m_TexEnvs.Array.data[26].second.m_Texture. Missing objects cannot be synced and the reference will be set to null for other users.
2025-01-20 21:53:31.9966 [WARNING] Reference to missing object found on Water_River_01 (Material). Path: m_SavedProperties.m_TexEnvs.Array.data[8].second.m_Texture. Missing objects cannot be synced and the reference will be set to null for other users.
2025-01-20 21:53:31.9971 [WARNING] Reference to missing object found on Water_River_01 (Material). Path: m_SavedProperties.m_TexEnvs.Array.data[13].second.m_Texture. Missing objects cannot be synced and the reference will be set to null for other users.
2025-01-20 21:53:31.9981 [WARNING] Reference to missing object found on Water_River_01 (Material). Path: m_SavedProperties.m_TexEnvs.Array.data[17].second.m_Texture. Missing objects cannot be synced and the reference will be set to null for other users.
2025-01-20 21:53:31.9986 [WARNING] Reference to missing object found on Water_River_01 (Material). Path: m_SavedProperties.m_TexEnvs.Array.data[18].second.m_Texture. Missing objects cannot be synced and the reference will be set to null for other users.
2025-01-20 21:53:31.9992 [WARNING] Reference to missing object found on Water_River_01 (Material). Path: m_SavedProperties.m_TexEnvs.Array.data[19].second.m_Texture. Missing objects cannot be synced and the reference will be set to null for other users.
2025-01-20 21:53:32.0003 [WARNING] Reference to missing object found on Water_River_01 (Material). Path: m_SavedProperties.m_TexEnvs.Array.data[20].second.m_Texture. Missing objects cannot be synced and the reference will be set to null for other users.
2025-01-20 21:53:32.0008 [WARNING] Reference to missing object found on Water_River_01 (Material). Path: m_SavedProperties.m_TexEnvs.Array.data[21].second.m_Texture. Missing objects cannot be synced and the reference will be set to null for other users.
2025-01-20 21:53:32.0013 [WARNING] Reference to missing object found on Water_River_01 (Material). Path: m_SavedProperties.m_TexEnvs.Array.data[23].second.m_Texture. Missing objects cannot be synced and the reference will be set to null for other users.
2025-01-20 21:53:32.0018 [WARNING] Reference to missing object found on Water_River_01 (Material). Path: m_SavedProperties.m_TexEnvs.Array.data[24].second.m_Texture. Missing objects cannot be synced and the reference will be set to null for other users.
2025-01-20 21:53:32.0023 [WARNING] Reference to missing object found on Water_River_01 (Material). Path: m_SavedProperties.m_TexEnvs.Array.data[25].second.m_Texture. Missing objects cannot be synced and the reference will be set to null for other users.
2025-01-20 21:53:32.0028 [WARNING] Reference to missing object found on Water_River_01 (Material). Path: m_SavedProperties.m_TexEnvs.Array.data[26].second.m_Texture. Missing objects cannot be synced and the reference will be set to null for other users.
2025-01-20 21:53:32.0561 [WARNING] Reference to missing object found on Palm_Red_Mat_01 (Material). Path: m_SavedProperties.m_TexEnvs.Array.data[8].second.m_Texture. Missing objects cannot be synced and the reference will be set to null for other users.
2025-01-20 21:53:32.0576 [WARNING] Reference to missing object found on Palm_Red_Mat_01 (Material). Path: m_SavedProperties.m_TexEnvs.Array.data[14].second.m_Texture. Missing objects cannot be synced and the reference will be set to null for other users.
2025-01-20 21:53:32.0602 [WARNING] Reference to missing object found on Palm_Red_Mat_01 (Material). Path: m_SavedProperties.m_TexEnvs.Array.data[22].second.m_Texture. Missing objects cannot be synced and the reference will be set to null for other users.
2025-01-20 21:53:32.0607 [WARNING] Reference to missing object found on Palm_Red_Mat_01 (Material). Path: m_SavedProperties.m_TexEnvs.Array.data[23].second.m_Texture. Missing objects cannot be synced and the reference will be set to null for other users.
2025-01-20 21:53:32.0613 [WARNING] Reference to missing object found on Palm_Red_Mat_01 (Material). Path: m_SavedProperties.m_TexEnvs.Array.data[25].second.m_Texture. Missing objects cannot be synced and the reference will be set to null for other users.
2025-01-20 21:53:32.0618 [WARNING] Reference to missing object found on Palm_Red_Mat_01 (Material). Path: m_SavedProperties.m_TexEnvs.Array.data[27].second.m_Texture. Missing objects cannot be synced and the reference will be set to null for other users.
2025-01-20 21:53:32.0623 [WARNING] Reference to missing object found on Palm_Red_Mat_01 (Material). Path: m_SavedProperties.m_TexEnvs.Array.data[28].second.m_Texture. Missing objects cannot be synced and the reference will be set to null for other users.
2025-01-20 21:53:32.0633 [WARNING] Reference to missing object found on Palm_Red_Mat_01 (Material). Path: m_SavedProperties.m_TexEnvs.Array.data[29].second.m_Texture. Missing objects cannot be synced and the reference will be set to null for other users.
2025-01-20 21:53:32.0638 [WARNING] Reference to missing object found on Palm_Red_Mat_01 (Material). Path: m_SavedProperties.m_TexEnvs.Array.data[30].second.m_Texture. Missing objects cannot be synced and the reference will be set to null for other users.
2025-01-20 21:53:32.1325 [WARNING] Reference to missing object found on Palm_Mat_05 (Material). Path: m_SavedProperties.m_TexEnvs.Array.data[22].second.m_Texture. Missing objects cannot be synced and the reference will be set to null for other users.
2025-01-20 21:53:32.1330 [WARNING] Reference to missing object found on Palm_Mat_05 (Material). Path: m_SavedProperties.m_TexEnvs.Array.data[23].second.m_Texture. Missing objects cannot be synced and the reference will be set to null for other users.
2025-01-20 21:53:32.1340 [WARNING] Reference to missing object found on Palm_Mat_05 (Material). Path: m_SavedProperties.m_TexEnvs.Array.data[25].second.m_Texture. Missing objects cannot be synced and the reference will be set to null for other users.
2025-01-20 21:53:32.1346 [WARNING] Reference to missing object found on Palm_Mat_05 (Material). Path: m_SavedProperties.m_TexEnvs.Array.data[27].second.m_Texture. Missing objects cannot be synced and the reference will be set to null for other users.
2025-01-20 21:53:32.1351 [WARNING] Reference to missing object found on Palm_Mat_05 (Material). Path: m_SavedProperties.m_TexEnvs.Array.data[28].second.m_Texture. Missing objects cannot be synced and the reference will be set to null for other users.
2025-01-20 21:53:32.1356 [WARNING] Reference to missing object found on Palm_Mat_05 (Material). Path: m_SavedProperties.m_TexEnvs.Array.data[29].second.m_Texture. Missing objects cannot be synced and the reference will be set to null for other users.
2025-01-20 21:53:32.1361 [WARNING] Reference to missing object found on Palm_Mat_05 (Material). Path: m_SavedProperties.m_TexEnvs.Array.data[30].second.m_Texture. Missing objects cannot be synced and the reference will be set to null for other users.
2025-01-20 21:53:32.5332 [WARNING] Reference to missing object found on Palm_Mat_04 (Material). Path: m_SavedProperties.m_TexEnvs.Array.data[22].second.m_Texture. Missing objects cannot be synced and the reference will be set to null for other users.
2025-01-20 21:53:32.5342 [WARNING] Reference to missing object found on Palm_Mat_04 (Material). Path: m_SavedProperties.m_TexEnvs.Array.data[23].second.m_Texture. Missing objects cannot be synced and the reference will be set to null for other users.
2025-01-20 21:53:32.5347 [WARNING] Reference to missing object found on Palm_Mat_04 (Material). Path: m_SavedProperties.m_TexEnvs.Array.data[25].second.m_Texture. Missing objects cannot be synced and the reference will be set to null for other users.
2025-01-20 21:53:32.5352 [WARNING] Reference to missing object found on Palm_Mat_04 (Material). Path: m_SavedProperties.m_TexEnvs.Array.data[27].second.m_Texture. Missing objects cannot be synced and the reference will be set to null for other users.
2025-01-20 21:53:32.5357 [WARNING] Reference to missing object found on Palm_Mat_04 (Material). Path: m_SavedProperties.m_TexEnvs.Array.data[28].second.m_Texture. Missing objects cannot be synced and the reference will be set to null for other users.
2025-01-20 21:53:32.5362 [WARNING] Reference to missing object found on Palm_Mat_04 (Material). Path: m_SavedProperties.m_TexEnvs.Array.data[29].second.m_Texture. Missing objects cannot be synced and the reference will be set to null for other users.
2025-01-20 21:53:32.5368 [WARNING] Reference to missing object found on Palm_Mat_04 (Material). Path: m_SavedProperties.m_TexEnvs.Array.data[30].second.m_Texture. Missing objects cannot be synced and the reference will be set to null for other users.
2025-01-20 21:53:32.7290 [WARNING] Reference to missing object found on Palm_Mat_03 (Material). Path: m_SavedProperties.m_TexEnvs.Array.data[8].second.m_Texture. Missing objects cannot be synced and the reference will be set to null for other users.
2025-01-20 21:53:32.7321 [WARNING] Reference to missing object found on Palm_Mat_03 (Material). Path: m_SavedProperties.m_TexEnvs.Array.data[22].second.m_Texture. Missing objects cannot be synced and the reference will be set to null for other users.
2025-01-20 21:53:32.7326 [WARNING] Reference to missing object found on Palm_Mat_03 (Material). Path: m_SavedProperties.m_TexEnvs.Array.data[23].second.m_Texture. Missing objects cannot be synced and the reference will be set to null for other users.
2025-01-20 21:53:32.7332 [WARNING] Reference to missing object found on Palm_Mat_03 (Material). Path: m_SavedProperties.m_TexEnvs.Array.data[25].second.m_Texture. Missing objects cannot be synced and the reference will be set to null for other users.
2025-01-20 21:53:32.7337 [WARNING] Reference to missing object found on Palm_Mat_03 (Material). Path: m_SavedProperties.m_TexEnvs.Array.data[27].second.m_Texture. Missing objects cannot be synced and the reference will be set to null for other users.
2025-01-20 21:53:32.7342 [WARNING] Reference to missing object found on Palm_Mat_03 (Material). Path: m_SavedProperties.m_TexEnvs.Array.data[28].second.m_Texture. Missing objects cannot be synced and the reference will be set to null for other users.
2025-01-20 21:53:32.7347 [WARNING] Reference to missing object found on Palm_Mat_03 (Material). Path: m_SavedProperties.m_TexEnvs.Array.data[29].second.m_Texture. Missing objects cannot be synced and the reference will be set to null for other users.
2025-01-20 21:53:32.7352 [WARNING] Reference to missing object found on Palm_Mat_03 (Material). Path: m_SavedProperties.m_TexEnvs.Array.data[30].second.m_Texture. Missing objects cannot be synced and the reference will be set to null for other users.
2025-01-20 21:53:33.1696 [WARNING] Reference to missing object found on Palm_Mat_02 (Material). Path: m_SavedProperties.m_TexEnvs.Array.data[22].second.m_Texture. Missing objects cannot be synced and the reference will be set to null for other users.
2025-01-20 21:53:33.1701 [WARNING] Reference to missing object found on Palm_Mat_02 (Material). Path: m_SavedProperties.m_TexEnvs.Array.data[23].second.m_Texture. Missing objects cannot be synced and the reference will be set to null for other users.
2025-01-20 21:53:33.1706 [WARNING] Reference to missing object found on Palm_Mat_02 (Material). Path: m_SavedProperties.m_TexEnvs.Array.data[25].second.m_Texture. Missing objects cannot be synced and the reference will be set to null for other users.
2025-01-20 21:53:33.1711 [WARNING] Reference to missing object found on Palm_Mat_02 (Material). Path: m_SavedProperties.m_TexEnvs.Array.data[27].second.m_Texture. Missing objects cannot be synced and the reference will be set to null for other users.
2025-01-20 21:53:33.1716 [WARNING] Reference to missing object found on Palm_Mat_02 (Material). Path: m_SavedProperties.m_TexEnvs.Array.data[28].second.m_Texture. Missing objects cannot be synced and the reference will be set to null for other users.
2025-01-20 21:53:33.1721 [WARNING] Reference to missing object found on Palm_Mat_02 (Material). Path: m_SavedProperties.m_TexEnvs.Array.data[29].second.m_Texture. Missing objects cannot be synced and the reference will be set to null for other users.
2025-01-20 21:53:33.1726 [WARNING] Reference to missing object found on Palm_Mat_02 (Material). Path: m_SavedProperties.m_TexEnvs.Array.data[30].second.m_Texture. Missing objects cannot be synced and the reference will be set to null for other users.
2025-01-20 21:53:33.2531 [WARNING] Reference to missing object found on Flowers_Flat_Mat_02 (Material). Path: m_SavedProperties.m_TexEnvs.Array.data[21].second.m_Texture. Missing objects cannot be synced and the reference will be set to null for other users.
2025-01-20 21:53:33.2536 [WARNING] Reference to missing object found on Flowers_Flat_Mat_02 (Material). Path: m_SavedProperties.m_TexEnvs.Array.data[22].second.m_Texture. Missing objects cannot be synced and the reference will be set to null for other users.
2025-01-20 21:53:33.2541 [WARNING] Reference to missing object found on Flowers_Flat_Mat_02 (Material). Path: m_SavedProperties.m_TexEnvs.Array.data[26].second.m_Texture. Missing objects cannot be synced and the reference will be set to null for other users.
2025-01-20 21:53:33.2587 [WARNING] Reference to missing object found on Flowers_Flat_Mat_02 (Material). Path: m_SavedProperties.m_TexEnvs.Array.data[27].second.m_Texture. Missing objects cannot be synced and the reference will be set to null for other users.
2025-01-20 21:53:35.6691 [WARNING] Reference to missing object found on Palm_Mat_07 (Material). Path: m_SavedProperties.m_TexEnvs.Array.data[8].second.m_Texture. Missing objects cannot be synced and the reference will be set to null for other users.
2025-01-20 21:53:35.6701 [WARNING] Reference to missing object found on Palm_Mat_07 (Material). Path: m_SavedProperties.m_TexEnvs.Array.data[14].second.m_Texture. Missing objects cannot be synced and the reference will be set to null for other users.
2025-01-20 21:53:35.6717 [WARNING] Reference to missing object found on Palm_Mat_07 (Material). Path: m_SavedProperties.m_TexEnvs.Array.data[22].second.m_Texture. Missing objects cannot be synced and the reference will be set to null for other users.
2025-01-20 21:53:35.6722 [WARNING] Reference to missing object found on Palm_Mat_07 (Material). Path: m_SavedProperties.m_TexEnvs.Array.data[23].second.m_Texture. Missing objects cannot be synced and the reference will be set to null for other users.
2025-01-20 21:53:35.6727 [WARNING] Reference to missing object found on Palm_Mat_07 (Material). Path: m_SavedProperties.m_TexEnvs.Array.data[25].second.m_Texture. Missing objects cannot be synced and the reference will be set to null for other users.
2025-01-20 21:53:35.6737 [WARNING] Reference to missing object found on Palm_Mat_07 (Material). Path: m_SavedProperties.m_TexEnvs.Array.data[27].second.m_Texture. Missing objects cannot be synced and the reference will be set to null for other users.
2025-01-20 21:53:35.6742 [WARNING] Reference to missing object found on Palm_Mat_07 (Material). Path: m_SavedProperties.m_TexEnvs.Array.data[28].second.m_Texture. Missing objects cannot be synced and the reference will be set to null for other users.
2025-01-20 21:53:35.6747 [WARNING] Reference to missing object found on Palm_Mat_07 (Material). Path: m_SavedProperties.m_TexEnvs.Array.data[29].second.m_Texture. Missing objects cannot be synced and the reference will be set to null for other users.
2025-01-20 21:53:35.6753 [WARNING] Reference to missing object found on Palm_Mat_07 (Material). Path: m_SavedProperties.m_TexEnvs.Array.data[30].second.m_Texture. Missing objects cannot be synced and the reference will be set to null for other users.
2025-01-20 21:53:36.6903 [WARNING] Reference to missing object found on Seaweed_Mat_01 (Material). Path: m_SavedProperties.m_TexEnvs.Array.data[18].second.m_Texture. Missing objects cannot be synced and the reference will be set to null for other users.
2025-01-20 21:53:36.6913 [WARNING] Reference to missing object found on Seaweed_Mat_01 (Material). Path: m_SavedProperties.m_TexEnvs.Array.data[22].second.m_Texture. Missing objects cannot be synced and the reference will be set to null for other users.
2025-01-20 21:53:36.6918 [WARNING] Reference to missing object found on Seaweed_Mat_01 (Material). Path: m_SavedProperties.m_TexEnvs.Array.data[23].second.m_Texture. Missing objects cannot be synced and the reference will be set to null for other users.
2025-01-20 21:53:36.6929 [WARNING] Reference to missing object found on Seaweed_Mat_01 (Material). Path: m_SavedProperties.m_TexEnvs.Array.data[27].second.m_Texture. Missing objects cannot be synced and the reference will be set to null for other users.
2025-01-20 21:53:36.6934 [WARNING] Reference to missing object found on Seaweed_Mat_01 (Material). Path: m_SavedProperties.m_TexEnvs.Array.data[30].second.m_Texture. Missing objects cannot be synced and the reference will be set to null for other users.
2025-01-20 21:53:37.2308 [WARNING] Reference to missing object found on SM_Env_Cloud_Ring_01 (Animator). Path: m_Controller. Missing objects cannot be synced and the reference will be set to null for other users.
2025-01-20 21:53:37.2323 [WARNING] Reference to missing object found on SM_Env_Cloud_Ring_01 (Animator). Path: m_Controller. Missing objects cannot be synced and the reference will be set to null for other users.
2025-01-20 21:53:37.3150 [WARNING] Reference to missing object found on BASEMat_01 (Material). Path: m_SavedProperties.m_TexEnvs.Array.data[17].second.m_Texture. Missing objects cannot be synced and the reference will be set to null for other users.
2025-01-20 21:53:37.3161 [WARNING] Reference to missing object found on BASEMat_01 (Material). Path: m_SavedProperties.m_TexEnvs.Array.data[21].second.m_Texture. Missing objects cannot be synced and the reference will be set to null for other users.
2025-01-20 21:53:37.3166 [WARNING] Reference to missing object found on BASEMat_01 (Material). Path: m_SavedProperties.m_TexEnvs.Array.data[22].second.m_Texture. Missing objects cannot be synced and the reference will be set to null for other users.
2025-01-20 21:53:37.3176 [WARNING] Reference to missing object found on BASEMat_01 (Material). Path: m_SavedProperties.m_TexEnvs.Array.data[26].second.m_Texture. Missing objects cannot be synced and the reference will be set to null for other users.
2025-01-20 21:53:37.3181 [WARNING] Reference to missing object found on BASEMat_01 (Material). Path: m_SavedProperties.m_TexEnvs.Array.data[28].second.m_Texture. Missing objects cannot be synced and the reference will be set to null for other users.
